<?xml version="1.0" encoding="UTF-8"?>
<coverage generated="1611753853836" clover="3.2.0">
  <project timestamp="1611753853837" name="All files">
    <metrics statements="338" coveredstatements="264" conditionals="108" coveredconditionals="77" methods="126" coveredmethods="93" elements="572" coveredelements="434" complexity="0" loc="338" ncloc="338" packages="24" files="44" classes="44"/>
    <package name="src">
      <metrics statements="5" coveredstatements="4" conditionals="2" coveredconditionals="1" methods="2" coveredmethods="2"/>
      <file name="App.js" path="C:\Users\Tim_New\Projects\React_Training\ReactJSGlobalMentoring-Client\src\App.js">
        <metrics statements="3" coveredstatements="3" conditionals="2" coveredconditionals="1" methods="2" coveredmethods="2"/>
        <line num="15" count="2" type="stmt"/>
        <line num="16" count="1" type="stmt"/>
        <line num="18" count="1" type="stmt"/>
      </file>
      <file name="i18n.js" path="C:\Users\Tim_New\Projects\React_Training\ReactJSGlobalMentoring-Client\src\i18n.js">
        <metrics statements="1" coveredstatements="1" conditionals="0" coveredconditionals="0" methods="0" coveredmethods="0"/>
        <line num="5" count="2" type="stmt"/>
      </file>
      <file name="index.js" path="C:\Users\Tim_New\Projects\React_Training\ReactJSGlobalMentoring-Client\src\index.js">
        <metrics statements="1" coveredstatements="0" conditionals="0" coveredconditionals="0" methods="0" coveredmethods="0"/>
        <line num="12" count="0" type="stmt"/>
      </file>
    </package>
    <package name="src.Components.ErrorBoundary">
      <metrics statements="7" coveredstatements="4" conditionals="2" coveredconditionals="1" methods="3" coveredmethods="2"/>
      <file name="ErrorBoundary.js" path="C:\Users\Tim_New\Projects\React_Training\ReactJSGlobalMentoring-Client\src\Components\ErrorBoundary\ErrorBoundary.js">
        <metrics statements="7" coveredstatements="4" conditionals="2" coveredconditionals="1" methods="3" coveredmethods="2"/>
        <line num="8" count="1" type="stmt"/>
        <line num="9" count="1" type="stmt"/>
        <line num="13" count="0" type="stmt"/>
        <line num="14" count="0" type="stmt"/>
        <line num="18" count="1" type="cond" truecount="1" falsecount="1"/>
        <line num="20" count="0" type="stmt"/>
        <line num="23" count="1" type="stmt"/>
      </file>
    </package>
    <package name="src.Components.Footer">
      <metrics statements="3" coveredstatements="3" conditionals="0" coveredconditionals="0" methods="1" coveredmethods="1"/>
      <file name="Footer.js" path="C:\Users\Tim_New\Projects\React_Training\ReactJSGlobalMentoring-Client\src\Components\Footer\Footer.js">
        <metrics statements="3" coveredstatements="3" conditionals="0" coveredconditionals="0" methods="1" coveredmethods="1"/>
        <line num="9" count="1" type="stmt"/>
        <line num="10" count="1" type="stmt"/>
        <line num="12" count="1" type="stmt"/>
      </file>
    </package>
    <package name="src.Components.Image">
      <metrics statements="3" coveredstatements="2" conditionals="2" coveredconditionals="2" methods="1" coveredmethods="1"/>
      <file name="Image.js" path="C:\Users\Tim_New\Projects\React_Training\ReactJSGlobalMentoring-Client\src\Components\Image\Image.js">
        <metrics statements="3" coveredstatements="2" conditionals="2" coveredconditionals="2" methods="1" coveredmethods="1"/>
        <line num="8" count="5" type="cond" truecount="2" falsecount="0"/>
        <line num="10" count="5" type="stmt"/>
        <line num="14" count="0" type="stmt"/>
      </file>
    </package>
    <package name="src.Components.Modals">
      <metrics statements="45" coveredstatements="34" conditionals="42" coveredconditionals="36" methods="11" coveredmethods="6"/>
      <file name="Dropdown.js" path="C:\Users\Tim_New\Projects\React_Training\ReactJSGlobalMentoring-Client\src\Components\Modals\Dropdown.js">
        <metrics statements="7" coveredstatements="6" conditionals="2" coveredconditionals="1" methods="4" coveredmethods="3"/>
        <line num="4" count="59" type="stmt"/>
        <line num="6" count="59" type="stmt"/>
        <line num="7" count="0" type="stmt"/>
        <line num="10" count="59" type="stmt"/>
        <line num="12" count="59" type="stmt"/>
        <line num="13" count="649" type="stmt"/>
        <line num="26" count="59" type="stmt"/>
      </file>
      <file name="RootModal.js" path="C:\Users\Tim_New\Projects\React_Training\ReactJSGlobalMentoring-Client\src\Components\Modals\RootModal.js">
        <metrics statements="38" coveredstatements="28" conditionals="40" coveredconditionals="35" methods="7" coveredmethods="3"/>
        <line num="17" count="64" type="stmt"/>
        <line num="19" count="63" type="stmt"/>
        <line num="20" count="63" type="stmt"/>
        <line num="22" count="63" type="stmt"/>
        <line num="40" count="63" type="stmt"/>
        <line num="41" count="2" type="stmt"/>
        <line num="42" count="2" type="cond" truecount="1" falsecount="1"/>
        <line num="43" count="2" type="stmt"/>
        <line num="45" count="2" type="cond" truecount="2" falsecount="0"/>
        <line num="46" count="1" type="stmt"/>
        <line num="48" count="2" type="cond" truecount="1" falsecount="1"/>
        <line num="49" count="2" type="stmt"/>
        <line num="51" count="2" type="cond" truecount="1" falsecount="1"/>
        <line num="52" count="2" type="stmt"/>
        <line num="54" count="2" type="cond" truecount="1" falsecount="1"/>
        <line num="55" count="2" type="stmt"/>
        <line num="57" count="2" type="stmt"/>
        <line num="60" count="63" type="stmt"/>
        <line num="67" count="0" type="stmt"/>
        <line num="68" count="0" type="stmt"/>
        <line num="69" count="0" type="stmt"/>
        <line num="73" count="63" type="stmt"/>
        <line num="81" count="0" type="stmt"/>
        <line num="82" count="0" type="stmt"/>
        <line num="86" count="63" type="stmt"/>
        <line num="87" count="0" type="stmt"/>
        <line num="88" count="0" type="stmt"/>
        <line num="92" count="0" type="stmt"/>
        <line num="95" count="63" type="stmt"/>
        <line num="96" count="0" type="stmt"/>
        <line num="99" count="63" type="stmt"/>
        <line num="100" count="61" type="stmt"/>
        <line num="101" count="61" type="cond" truecount="3" falsecount="1"/>
        <line num="103" count="26" type="stmt"/>
        <line num="105" count="33" type="stmt"/>
        <line num="107" count="2" type="stmt"/>
        <line num="109" count="0" type="stmt"/>
        <line num="113" count="63" type="cond" truecount="2" falsecount="0"/>
      </file>
    </package>
    <package name="src.Components.Modals.AddMovie">
      <metrics statements="27" coveredstatements="21" conditionals="14" coveredconditionals="11" methods="12" coveredmethods="10"/>
      <file name="AddMovie.js" path="C:\Users\Tim_New\Projects\React_Training\ReactJSGlobalMentoring-Client\src\Components\Modals\AddMovie\AddMovie.js">
        <metrics statements="27" coveredstatements="21" conditionals="14" coveredconditionals="11" methods="12" coveredmethods="10"/>
        <line num="12" count="26" type="stmt"/>
        <line num="14" count="26" type="stmt"/>
        <line num="16" count="0" type="stmt"/>
        <line num="17" count="0" type="stmt"/>
        <line num="20" count="0" type="cond" truecount="0" falsecount="2"/>
        <line num="21" count="0" type="stmt"/>
        <line num="23" count="0" type="stmt"/>
        <line num="26" count="0" type="stmt"/>
        <line num="29" count="26" type="stmt"/>
        <line num="30" count="26" type="stmt"/>
        <line num="52" count="26" type="stmt"/>
        <line num="53" count="26" type="stmt"/>
        <line num="76" count="26" type="stmt"/>
        <line num="77" count="26" type="stmt"/>
        <line num="97" count="26" type="stmt"/>
        <line num="98" count="26" type="stmt"/>
        <line num="117" count="26" type="stmt"/>
        <line num="118" count="26" type="stmt"/>
        <line num="140" count="26" type="stmt"/>
        <line num="141" count="26" type="stmt"/>
        <line num="165" count="26" type="stmt"/>
        <line num="166" count="26" type="stmt"/>
        <line num="177" count="26" type="stmt"/>
        <line num="178" count="26" type="stmt"/>
        <line num="198" count="26" type="stmt"/>
        <line num="199" count="26" type="stmt"/>
        <line num="213" count="26" type="stmt"/>
      </file>
    </package>
    <package name="src.Components.Modals.DeleteMovie">
      <metrics statements="2" coveredstatements="2" conditionals="0" coveredconditionals="0" methods="1" coveredmethods="1"/>
      <file name="DeleteMovie.js" path="C:\Users\Tim_New\Projects\React_Training\ReactJSGlobalMentoring-Client\src\Components\Modals\DeleteMovie\DeleteMovie.js">
        <metrics statements="2" coveredstatements="2" conditionals="0" coveredconditionals="0" methods="1" coveredmethods="1"/>
        <line num="9" count="2" type="stmt"/>
        <line num="10" count="2" type="stmt"/>
      </file>
    </package>
    <package name="src.Components.Modals.EditMovie">
      <metrics statements="29" coveredstatements="23" conditionals="14" coveredconditionals="10" methods="13" coveredmethods="11"/>
      <file name="EditMovie.js" path="C:\Users\Tim_New\Projects\React_Training\ReactJSGlobalMentoring-Client\src\Components\Modals\EditMovie\EditMovie.js">
        <metrics statements="29" coveredstatements="23" conditionals="14" coveredconditionals="10" methods="13" coveredmethods="11"/>
        <line num="12" count="33" type="stmt"/>
        <line num="14" count="33" type="stmt"/>
        <line num="16" count="0" type="stmt"/>
        <line num="17" count="0" type="stmt"/>
        <line num="20" count="0" type="cond" truecount="0" falsecount="2"/>
        <line num="21" count="0" type="stmt"/>
        <line num="23" count="0" type="stmt"/>
        <line num="26" count="0" type="stmt"/>
        <line num="29" count="33" type="stmt"/>
        <line num="30" count="33" type="stmt"/>
        <line num="44" count="33" type="stmt"/>
        <line num="45" count="33" type="stmt"/>
        <line num="66" count="33" type="stmt"/>
        <line num="67" count="33" type="stmt"/>
        <line num="89" count="33" type="stmt"/>
        <line num="90" count="33" type="stmt"/>
        <line num="109" count="33" type="stmt"/>
        <line num="110" count="33" type="stmt"/>
        <line num="129" count="33" type="stmt"/>
        <line num="130" count="33" type="stmt"/>
        <line num="151" count="33" type="stmt"/>
        <line num="152" count="33" type="stmt"/>
        <line num="175" count="33" type="stmt"/>
        <line num="176" count="33" type="stmt"/>
        <line num="187" count="33" type="stmt"/>
        <line num="188" count="33" type="stmt"/>
        <line num="208" count="33" type="stmt"/>
        <line num="209" count="33" type="stmt"/>
        <line num="224" count="33" type="stmt"/>
      </file>
    </package>
    <package name="src.Components.MovieDetails">
      <metrics statements="9" coveredstatements="9" conditionals="2" coveredconditionals="1" methods="4" coveredmethods="4"/>
      <file name="MovieDetails.js" path="C:\Users\Tim_New\Projects\React_Training\ReactJSGlobalMentoring-Client\src\Components\MovieDetails\MovieDetails.js">
        <metrics statements="9" coveredstatements="9" conditionals="2" coveredconditionals="1" methods="4" coveredmethods="4"/>
        <line num="13" count="2" type="stmt"/>
        <line num="14" count="4" type="stmt"/>
        <line num="16" count="2" type="stmt"/>
        <line num="18" count="2" type="stmt"/>
        <line num="19" count="1" type="stmt"/>
        <line num="22" count="2" type="stmt"/>
        <line num="23" count="1" type="stmt"/>
        <line num="27" count="2" type="cond" truecount="1" falsecount="1"/>
        <line num="31" count="2" type="stmt"/>
      </file>
    </package>
    <package name="src.Components.MovieDetails.Header">
      <metrics statements="26" coveredstatements="21" conditionals="8" coveredconditionals="4" methods="8" coveredmethods="5"/>
      <file name="Header.js" path="C:\Users\Tim_New\Projects\React_Training\ReactJSGlobalMentoring-Client\src\Components\MovieDetails\Header\Header.js">
        <metrics statements="15" coveredstatements="12" conditionals="6" coveredconditionals="3" methods="4" coveredmethods="2"/>
        <line num="15" count="3" type="stmt"/>
        <line num="16" count="3" type="stmt"/>
        <line num="17" count="3" type="stmt"/>
        <line num="18" count="3" type="stmt"/>
        <line num="19" count="3" type="stmt"/>
        <line num="21" count="3" type="stmt"/>
        <line num="22" count="3" type="stmt"/>
        <line num="23" count="3" type="cond" truecount="1" falsecount="1"/>
        <line num="24" count="0" type="stmt"/>
        <line num="28" count="3" type="stmt"/>
        <line num="29" count="0" type="stmt"/>
        <line num="32" count="3" type="stmt"/>
        <line num="33" count="0" type="stmt"/>
        <line num="36" count="3" type="stmt"/>
        <line num="38" count="3" type="stmt"/>
      </file>
      <file name="Search.js" path="C:\Users\Tim_New\Projects\React_Training\ReactJSGlobalMentoring-Client\src\Components\MovieDetails\Header\Search.js">
        <metrics statements="11" coveredstatements="9" conditionals="2" coveredconditionals="1" methods="4" coveredmethods="3"/>
        <line num="9" count="7" type="stmt"/>
        <line num="10" count="7" type="stmt"/>
        <line num="11" count="7" type="stmt"/>
        <line num="13" count="7" type="stmt"/>
        <line num="14" count="4" type="cond" truecount="1" falsecount="1"/>
        <line num="15" count="0" type="stmt"/>
        <line num="19" count="7" type="stmt"/>
        <line num="20" count="0" type="stmt"/>
        <line num="23" count="7" type="stmt"/>
        <line num="24" count="4" type="stmt"/>
        <line num="27" count="7" type="stmt"/>
      </file>
    </package>
    <package name="src.Components.MovieList">
      <metrics statements="11" coveredstatements="11" conditionals="2" coveredconditionals="1" methods="5" coveredmethods="4"/>
      <file name="MovieList.js" path="C:\Users\Tim_New\Projects\React_Training\ReactJSGlobalMentoring-Client\src\Components\MovieList\MovieList.js">
        <metrics statements="11" coveredstatements="11" conditionals="2" coveredconditionals="1" methods="5" coveredmethods="4"/>
        <line num="12" count="1" type="stmt"/>
        <line num="13" count="1" type="stmt"/>
        <line num="14" count="1" type="stmt"/>
        <line num="16" count="3" type="stmt"/>
        <line num="18" count="1" type="stmt"/>
        <line num="19" count="1" type="stmt"/>
        <line num="20" count="1" type="cond" truecount="1" falsecount="1"/>
        <line num="21" count="1" type="stmt"/>
        <line num="25" count="1" type="stmt"/>
        <line num="28" count="1" type="stmt"/>
        <line num="30" count="1" type="stmt"/>
      </file>
    </package>
    <package name="src.Components.MovieList.MovieCard">
      <metrics statements="22" coveredstatements="14" conditionals="8" coveredconditionals="6" methods="5" coveredmethods="2"/>
      <file name="MovieCard.js" path="C:\Users\Tim_New\Projects\React_Training\ReactJSGlobalMentoring-Client\src\Components\MovieList\MovieCard\MovieCard.js">
        <metrics statements="22" coveredstatements="14" conditionals="8" coveredconditionals="6" methods="5" coveredmethods="2"/>
        <line num="21" count="3" type="stmt"/>
        <line num="22" count="3" type="stmt"/>
        <line num="23" count="3" type="stmt"/>
        <line num="25" count="3" type="stmt"/>
        <line num="26" count="0" type="stmt"/>
        <line num="27" count="0" type="stmt"/>
        <line num="34" count="0" type="stmt"/>
        <line num="37" count="3" type="stmt"/>
        <line num="38" count="0" type="stmt"/>
        <line num="39" count="0" type="stmt"/>
        <line num="40" count="0" type="stmt"/>
        <line num="44" count="0" type="stmt"/>
        <line num="47" count="3" type="stmt"/>
        <line num="48" count="1" type="stmt"/>
        <line num="49" count="1" type="stmt"/>
        <line num="52" count="3" type="stmt"/>
        <line num="53" count="0" type="stmt"/>
        <line num="57" count="3" type="cond" truecount="1" falsecount="1"/>
        <line num="62" count="3" type="cond" truecount="1" falsecount="1"/>
        <line num="64" count="3" type="stmt"/>
        <line num="146" count="3" type="stmt"/>
        <line num="163" count="3" type="stmt"/>
      </file>
    </package>
    <package name="src.Components.Nav">
      <metrics statements="17" coveredstatements="9" conditionals="2" coveredconditionals="0" methods="8" coveredmethods="3"/>
      <file name="Nav.js" path="C:\Users\Tim_New\Projects\React_Training\ReactJSGlobalMentoring-Client\src\Components\Nav\Nav.js">
        <metrics statements="17" coveredstatements="9" conditionals="2" coveredconditionals="0" methods="8" coveredmethods="3"/>
        <line num="14" count="2" type="stmt"/>
        <line num="15" count="2" type="stmt"/>
        <line num="16" count="4" type="stmt"/>
        <line num="18" count="2" type="stmt"/>
        <line num="19" count="0" type="stmt"/>
        <line num="21" count="0" type="stmt"/>
        <line num="25" count="2" type="stmt"/>
        <line num="26" count="0" type="stmt"/>
        <line num="29" count="2" type="stmt"/>
        <line num="30" count="0" type="stmt"/>
        <line num="31" count="0" type="cond" truecount="0" falsecount="2"/>
        <line num="32" count="0" type="stmt"/>
        <line num="34" count="0" type="stmt"/>
        <line num="38" count="2" type="stmt"/>
        <line num="42" count="2" type="stmt"/>
        <line num="43" count="0" type="stmt"/>
        <line num="46" count="2" type="stmt"/>
      </file>
    </package>
    <package name="src.Components.Nav.Link">
      <metrics statements="4" coveredstatements="4" conditionals="3" coveredconditionals="1" methods="1" coveredmethods="1"/>
      <file name="Link.js" path="C:\Users\Tim_New\Projects\React_Training\ReactJSGlobalMentoring-Client\src\Components\Nav\Link\Link.js">
        <metrics statements="4" coveredstatements="4" conditionals="3" coveredconditionals="1" methods="1" coveredmethods="1"/>
        <line num="5" count="2" type="stmt"/>
        <line num="6" count="2" type="stmt"/>
        <line num="7" count="2" type="cond" truecount="1" falsecount="1"/>
        <line num="9" count="2" type="stmt"/>
      </file>
    </package>
    <package name="src.Components.NoMovies">
      <metrics statements="2" coveredstatements="2" conditionals="0" coveredconditionals="0" methods="1" coveredmethods="1"/>
      <file name="NoMovies.js" path="C:\Users\Tim_New\Projects\React_Training\ReactJSGlobalMentoring-Client\src\Components\NoMovies\NoMovies.js">
        <metrics statements="2" coveredstatements="2" conditionals="0" coveredconditionals="0" methods="1" coveredmethods="1"/>
        <line num="9" count="1" type="stmt"/>
        <line num="10" count="1" type="stmt"/>
      </file>
    </package>
    <package name="src.Components.NotFound">
      <metrics statements="3" coveredstatements="3" conditionals="0" coveredconditionals="0" methods="1" coveredmethods="1"/>
      <file name="NotFound.js" path="C:\Users\Tim_New\Projects\React_Training\ReactJSGlobalMentoring-Client\src\Components\NotFound\NotFound.js">
        <metrics statements="3" coveredstatements="3" conditionals="0" coveredconditionals="0" methods="1" coveredmethods="1"/>
        <line num="10" count="1" type="stmt"/>
        <line num="11" count="1" type="stmt"/>
        <line num="13" count="1" type="stmt"/>
      </file>
    </package>
    <package name="src.Core.API">
      <metrics statements="35" coveredstatements="23" conditionals="0" coveredconditionals="0" methods="19" coveredmethods="10"/>
      <file name="addMovieAPI.js" path="C:\Users\Tim_New\Projects\React_Training\ReactJSGlobalMentoring-Client\src\Core\API\addMovieAPI.js">
        <metrics statements="6" coveredstatements="3" conditionals="0" coveredconditionals="0" methods="3" coveredmethods="1"/>
        <line num="3" count="9" type="stmt"/>
        <line num="4" count="1" type="stmt"/>
        <line num="5" count="1" type="stmt"/>
        <line num="7" count="0" type="stmt"/>
        <line num="11" count="0" type="stmt"/>
        <line num="12" count="0" type="stmt"/>
      </file>
      <file name="axiosInstance.js" path="C:\Users\Tim_New\Projects\React_Training\ReactJSGlobalMentoring-Client\src\Core\API\axiosInstance.js">
        <metrics statements="1" coveredstatements="1" conditionals="0" coveredconditionals="0" methods="0" coveredmethods="0"/>
        <line num="3" count="9" type="stmt"/>
      </file>
      <file name="deleteMovieAPI.js" path="C:\Users\Tim_New\Projects\React_Training\ReactJSGlobalMentoring-Client\src\Core\API\deleteMovieAPI.js">
        <metrics statements="3" coveredstatements="3" conditionals="0" coveredconditionals="0" methods="1" coveredmethods="1"/>
        <line num="3" count="9" type="stmt"/>
        <line num="4" count="1" type="stmt"/>
        <line num="5" count="1" type="stmt"/>
      </file>
      <file name="editMovieAPI.js" path="C:\Users\Tim_New\Projects\React_Training\ReactJSGlobalMentoring-Client\src\Core\API\editMovieAPI.js">
        <metrics statements="6" coveredstatements="1" conditionals="0" coveredconditionals="0" methods="3" coveredmethods="0"/>
        <line num="3" count="9" type="stmt"/>
        <line num="4" count="0" type="stmt"/>
        <line num="5" count="0" type="stmt"/>
        <line num="7" count="0" type="stmt"/>
        <line num="11" count="0" type="stmt"/>
        <line num="12" count="0" type="stmt"/>
      </file>
      <file name="fetchMoviesAPI.js" path="C:\Users\Tim_New\Projects\React_Training\ReactJSGlobalMentoring-Client\src\Core\API\fetchMoviesAPI.js">
        <metrics statements="4" coveredstatements="3" conditionals="0" coveredconditionals="0" methods="3" coveredmethods="2"/>
        <line num="3" count="9" type="stmt"/>
        <line num="4" count="1" type="stmt"/>
        <line num="6" count="0" type="stmt"/>
        <line num="7" count="1" type="stmt"/>
      </file>
      <file name="filterMoviesAPI.js" path="C:\Users\Tim_New\Projects\React_Training\ReactJSGlobalMentoring-Client\src\Core\API\filterMoviesAPI.js">
        <metrics statements="5" coveredstatements="4" conditionals="0" coveredconditionals="0" methods="3" coveredmethods="2"/>
        <line num="3" count="9" type="stmt"/>
        <line num="4" count="1" type="stmt"/>
        <line num="6" count="1" type="stmt"/>
        <line num="10" count="0" type="stmt"/>
        <line num="11" count="1" type="stmt"/>
      </file>
      <file name="getMovieAPI.js" path="C:\Users\Tim_New\Projects\React_Training\ReactJSGlobalMentoring-Client\src\Core\API\getMovieAPI.js">
        <metrics statements="5" coveredstatements="4" conditionals="0" coveredconditionals="0" methods="3" coveredmethods="2"/>
        <line num="3" count="9" type="stmt"/>
        <line num="4" count="2" type="stmt"/>
        <line num="6" count="2" type="stmt"/>
        <line num="8" count="0" type="stmt"/>
        <line num="9" count="1" type="stmt"/>
      </file>
      <file name="searchMoviesAPI.js" path="C:\Users\Tim_New\Projects\React_Training\ReactJSGlobalMentoring-Client\src\Core\API\searchMoviesAPI.js">
        <metrics statements="5" coveredstatements="4" conditionals="0" coveredconditionals="0" methods="3" coveredmethods="2"/>
        <line num="3" count="9" type="stmt"/>
        <line num="4" count="2" type="stmt"/>
        <line num="6" count="2" type="stmt"/>
        <line num="13" count="0" type="stmt"/>
        <line num="14" count="1" type="stmt"/>
      </file>
    </package>
    <package name="src.Core.Constants">
      <metrics statements="8" coveredstatements="8" conditionals="0" coveredconditionals="0" methods="0" coveredmethods="0"/>
      <file name="index.js" path="C:\Users\Tim_New\Projects\React_Training\ReactJSGlobalMentoring-Client\src\Core\Constants\index.js">
        <metrics statements="8" coveredstatements="8" conditionals="0" coveredconditionals="0" methods="0" coveredmethods="0"/>
        <line num="1" count="6" type="stmt"/>
        <line num="2" count="6" type="stmt"/>
        <line num="3" count="6" type="stmt"/>
        <line num="5" count="6" type="stmt"/>
        <line num="7" count="6" type="stmt"/>
        <line num="8" count="6" type="stmt"/>
        <line num="9" count="6" type="stmt"/>
        <line num="11" count="6" type="stmt"/>
      </file>
    </package>
    <package name="src.Core.I18N">
      <metrics statements="4" coveredstatements="4" conditionals="0" coveredconditionals="0" methods="0" coveredmethods="0"/>
      <file name="en.js" path="C:\Users\Tim_New\Projects\React_Training\ReactJSGlobalMentoring-Client\src\Core\I18N\en.js">
        <metrics statements="1" coveredstatements="1" conditionals="0" coveredconditionals="0" methods="0" coveredmethods="0"/>
        <line num="3" count="7" type="stmt"/>
      </file>
      <file name="index.js" path="C:\Users\Tim_New\Projects\React_Training\ReactJSGlobalMentoring-Client\src\Core\I18N\index.js">
        <metrics statements="3" coveredstatements="3" conditionals="0" coveredconditionals="0" methods="0" coveredmethods="0"/>
        <line num="1" count="7" type="stmt"/>
        <line num="38" count="7" type="stmt"/>
        <line num="40" count="7" type="stmt"/>
      </file>
    </package>
    <package name="src.HOCs.Context">
      <metrics statements="12" coveredstatements="10" conditionals="1" coveredconditionals="0" methods="3" coveredmethods="2"/>
      <file name="ModalContext.js" path="C:\Users\Tim_New\Projects\React_Training\ReactJSGlobalMentoring-Client\src\HOCs\Context\ModalContext.js">
        <metrics statements="12" coveredstatements="10" conditionals="1" coveredconditionals="0" methods="3" coveredmethods="2"/>
        <line num="3" count="7" type="stmt"/>
        <line num="4" count="1" type="stmt"/>
        <line num="5" count="1" type="stmt"/>
        <line num="7" count="1" type="cond" truecount="0" falsecount="1"/>
        <line num="8" count="0" type="stmt"/>
        <line num="9" count="0" type="stmt"/>
        <line num="12" count="1" type="stmt"/>
        <line num="15" count="7" type="stmt"/>
        <line num="16" count="7" type="stmt"/>
        <line num="18" count="7" type="stmt"/>
        <line num="19" count="1" type="stmt"/>
        <line num="24" count="1" type="stmt"/>
      </file>
    </package>
    <package name="src.HOCs.Layout">
      <metrics statements="1" coveredstatements="1" conditionals="0" coveredconditionals="0" methods="1" coveredmethods="1"/>
      <file name="Layout.js" path="C:\Users\Tim_New\Projects\React_Training\ReactJSGlobalMentoring-Client\src\HOCs\Layout\Layout.js">
        <metrics statements="1" coveredstatements="1" conditionals="0" coveredconditionals="0" methods="1" coveredmethods="1"/>
        <line num="10" count="1" type="stmt"/>
      </file>
    </package>
    <package name="src.Store">
      <metrics statements="5" coveredstatements="5" conditionals="0" coveredconditionals="0" methods="0" coveredmethods="0"/>
      <file name="actionTypes.js" path="C:\Users\Tim_New\Projects\React_Training\ReactJSGlobalMentoring-Client\src\Store\actionTypes.js">
        <metrics statements="1" coveredstatements="1" conditionals="0" coveredconditionals="0" methods="0" coveredmethods="0"/>
        <line num="1" count="9" type="stmt"/>
      </file>
      <file name="index.js" path="C:\Users\Tim_New\Projects\React_Training\ReactJSGlobalMentoring-Client\src\Store\index.js">
        <metrics statements="4" coveredstatements="4" conditionals="0" coveredconditionals="0" methods="0" coveredmethods="0"/>
        <line num="7" count="8" type="stmt"/>
        <line num="8" count="8" type="stmt"/>
        <line num="10" count="8" type="stmt"/>
        <line num="15" count="8" type="stmt"/>
      </file>
    </package>
    <package name="src.Store.Sagas">
      <metrics statements="37" coveredstatements="29" conditionals="0" coveredconditionals="0" methods="15" coveredmethods="15"/>
      <file name="addMovie.js" path="C:\Users\Tim_New\Projects\React_Training\ReactJSGlobalMentoring-Client\src\Store\Sagas\addMovie.js">
        <metrics statements="5" coveredstatements="4" conditionals="0" coveredconditionals="0" methods="2" coveredmethods="2"/>
        <line num="8" count="1" type="stmt"/>
        <line num="9" count="1" type="stmt"/>
        <line num="10" count="0" type="stmt"/>
        <line num="12" count="1" type="stmt"/>
        <line num="17" count="8" type="stmt"/>
      </file>
      <file name="deleteMovie.js" path="C:\Users\Tim_New\Projects\React_Training\ReactJSGlobalMentoring-Client\src\Store\Sagas\deleteMovie.js">
        <metrics statements="5" coveredstatements="4" conditionals="0" coveredconditionals="0" methods="2" coveredmethods="2"/>
        <line num="8" count="1" type="stmt"/>
        <line num="9" count="1" type="stmt"/>
        <line num="10" count="0" type="stmt"/>
        <line num="12" count="1" type="stmt"/>
        <line num="17" count="8" type="stmt"/>
      </file>
      <file name="editMovie.js" path="C:\Users\Tim_New\Projects\React_Training\ReactJSGlobalMentoring-Client\src\Store\Sagas\editMovie.js">
        <metrics statements="6" coveredstatements="4" conditionals="0" coveredconditionals="0" methods="2" coveredmethods="2"/>
        <line num="8" count="1" type="stmt"/>
        <line num="9" count="1" type="stmt"/>
        <line num="10" count="0" type="stmt"/>
        <line num="11" count="0" type="stmt"/>
        <line num="13" count="1" type="stmt"/>
        <line num="18" count="8" type="stmt"/>
      </file>
      <file name="fetchMovies.js" path="C:\Users\Tim_New\Projects\React_Training\ReactJSGlobalMentoring-Client\src\Store\Sagas\fetchMovies.js">
        <metrics statements="5" coveredstatements="4" conditionals="0" coveredconditionals="0" methods="2" coveredmethods="2"/>
        <line num="8" count="1" type="stmt"/>
        <line num="9" count="1" type="stmt"/>
        <line num="10" count="1" type="stmt"/>
        <line num="12" count="0" type="stmt"/>
        <line num="17" count="8" type="stmt"/>
      </file>
      <file name="filterMovies.js" path="C:\Users\Tim_New\Projects\React_Training\ReactJSGlobalMentoring-Client\src\Store\Sagas\filterMovies.js">
        <metrics statements="5" coveredstatements="4" conditionals="0" coveredconditionals="0" methods="2" coveredmethods="2"/>
        <line num="8" count="1" type="stmt"/>
        <line num="9" count="1" type="stmt"/>
        <line num="10" count="1" type="stmt"/>
        <line num="12" count="0" type="stmt"/>
        <line num="17" count="8" type="stmt"/>
      </file>
      <file name="getMovie.js" path="C:\Users\Tim_New\Projects\React_Training\ReactJSGlobalMentoring-Client\src\Store\Sagas\getMovie.js">
        <metrics statements="5" coveredstatements="4" conditionals="0" coveredconditionals="0" methods="2" coveredmethods="2"/>
        <line num="8" count="2" type="stmt"/>
        <line num="9" count="2" type="stmt"/>
        <line num="10" count="1" type="stmt"/>
        <line num="12" count="0" type="stmt"/>
        <line num="17" count="8" type="stmt"/>
      </file>
      <file name="index.js" path="C:\Users\Tim_New\Projects\React_Training\ReactJSGlobalMentoring-Client\src\Store\Sagas\index.js">
        <metrics statements="1" coveredstatements="1" conditionals="0" coveredconditionals="0" methods="1" coveredmethods="1"/>
        <line num="12" count="8" type="stmt"/>
      </file>
      <file name="searchMovies.js" path="C:\Users\Tim_New\Projects\React_Training\ReactJSGlobalMentoring-Client\src\Store\Sagas\searchMovies.js">
        <metrics statements="5" coveredstatements="4" conditionals="0" coveredconditionals="0" methods="2" coveredmethods="2"/>
        <line num="8" count="2" type="stmt"/>
        <line num="9" count="2" type="stmt"/>
        <line num="10" count="1" type="stmt"/>
        <line num="12" count="0" type="stmt"/>
        <line num="17" count="8" type="stmt"/>
      </file>
    </package>
    <package name="src.Store.Slices">
      <metrics statements="21" coveredstatements="18" conditionals="6" coveredconditionals="3" methods="11" coveredmethods="10"/>
      <file name="movies.js" path="C:\Users\Tim_New\Projects\React_Training\ReactJSGlobalMentoring-Client\src\Store\Slices\movies.js">
        <metrics statements="21" coveredstatements="18" conditionals="6" coveredconditionals="3" methods="11" coveredmethods="10"/>
        <line num="3" count="10" type="stmt"/>
        <line num="8" count="10" type="stmt"/>
        <line num="13" count="1" type="stmt"/>
        <line num="16" count="1" type="stmt"/>
        <line num="18" count="1" type="cond" truecount="1" falsecount="1"/>
        <line num="19" count="0" type="stmt"/>
        <line num="22" count="1" type="stmt"/>
        <line num="23" count="1" type="cond" truecount="1" falsecount="1"/>
        <line num="24" count="1" type="stmt"/>
        <line num="26" count="0" type="stmt"/>
        <line num="30" count="1" type="stmt"/>
        <line num="31" count="1" type="stmt"/>
        <line num="34" count="1" type="stmt"/>
        <line num="37" count="2" type="stmt"/>
        <line num="40" count="0" type="stmt"/>
        <line num="43" count="1" type="stmt"/>
        <line num="46" count="1" type="stmt"/>
        <line num="47" count="1" type="stmt"/>
        <line num="48" count="1" type="stmt"/>
        <line num="49" count="1" type="cond" truecount="1" falsecount="1"/>
        <line num="64" count="10" type="stmt"/>
      </file>
    </package>
  </project>
</coverage>
