{"C:\\Users\\Tim_New\\Projects\\React_Training\\task3\\src\\App.js": {"path":"C:\\Users\\Tim_New\\Projects\\React_Training\\task3\\src\\App.js","statementMap":{"0":{"start":{"line":15,"column":4},"end":{"line":38,"column":6}}},"fnMap":{"0":{"name":"App","decl":{"start":{"line":14,"column":24},"end":{"line":14,"column":27}},"loc":{"start":{"line":14,"column":30},"end":{"line":39,"column":1}},"line":14}},"branchMap":{},"s":{"0":1},"f":{"0":1},"b":{},"_coverageSchema":"1a1c01bbd47fc00a2c39e90264f33305004495a9","hash":"89128e1717ad3cb38d64b2fe033aab6dee53c326"}
,"C:\\Users\\Tim_New\\Projects\\React_Training\\task3\\src\\index.js": {"path":"C:\\Users\\Tim_New\\Projects\\React_Training\\task3\\src\\index.js","statementMap":{"0":{"start":{"line":9,"column":0},"end":{"line":16,"column":2}}},"fnMap":{},"branchMap":{},"s":{"0":0},"f":{},"b":{}}
,"C:\\Users\\Tim_New\\Projects\\React_Training\\task3\\src\\Components\\ErrorBoundary.js": {"path":"C:\\Users\\Tim_New\\Projects\\React_Training\\task3\\src\\Components\\ErrorBoundary.js","statementMap":{"0":{"start":{"line":5,"column":8},"end":{"line":5,"column":21}},"1":{"start":{"line":6,"column":8},"end":{"line":6,"column":41}},"2":{"start":{"line":10,"column":8},"end":{"line":10,"column":26}},"3":{"start":{"line":11,"column":8},"end":{"line":11,"column":34}},"4":{"start":{"line":15,"column":8},"end":{"line":20,"column":9}},"5":{"start":{"line":17,"column":12},"end":{"line":19,"column":14}},"6":{"start":{"line":22,"column":8},"end":{"line":22,"column":35}}},"fnMap":{"0":{"name":"(anonymous_0)","decl":{"start":{"line":4,"column":4},"end":{"line":4,"column":5}},"loc":{"start":{"line":4,"column":23},"end":{"line":7,"column":5}},"line":4},"1":{"name":"(anonymous_1)","decl":{"start":{"line":9,"column":4},"end":{"line":9,"column":5}},"loc":{"start":{"line":9,"column":43},"end":{"line":12,"column":5}},"line":9},"2":{"name":"(anonymous_2)","decl":{"start":{"line":14,"column":4},"end":{"line":14,"column":5}},"loc":{"start":{"line":14,"column":13},"end":{"line":23,"column":5}},"line":14}},"branchMap":{"0":{"loc":{"start":{"line":15,"column":8},"end":{"line":20,"column":9}},"type":"if","locations":[{"start":{"line":15,"column":8},"end":{"line":20,"column":9}},{"start":{"line":15,"column":8},"end":{"line":20,"column":9}}],"line":15}},"s":{"0":1,"1":1,"2":0,"3":0,"4":1,"5":0,"6":1},"f":{"0":1,"1":0,"2":1},"b":{"0":[0,1]},"_coverageSchema":"1a1c01bbd47fc00a2c39e90264f33305004495a9","hash":"4f3633fe1cf6e9fb43a521f719f5e6859895543c"}
,"C:\\Users\\Tim_New\\Projects\\React_Training\\task3\\src\\Components\\Footer\\Footer.js": {"path":"C:\\Users\\Tim_New\\Projects\\React_Training\\task3\\src\\Components\\Footer\\Footer.js","statementMap":{"0":{"start":{"line":6,"column":4},"end":{"line":13,"column":6}}},"fnMap":{"0":{"name":"Footer","decl":{"start":{"line":5,"column":24},"end":{"line":5,"column":30}},"loc":{"start":{"line":5,"column":33},"end":{"line":14,"column":1}},"line":5}},"branchMap":{},"s":{"0":1},"f":{"0":1},"b":{},"_coverageSchema":"1a1c01bbd47fc00a2c39e90264f33305004495a9","hash":"4e6169a6819bd0a319513383d343ef7535e75b20"}
,"C:\\Users\\Tim_New\\Projects\\React_Training\\task3\\src\\Components\\Header\\Header.js": {"path":"C:\\Users\\Tim_New\\Projects\\React_Training\\task3\\src\\Components\\Header\\Header.js","statementMap":{"0":{"start":{"line":10,"column":19},"end":{"line":10,"column":30}},"1":{"start":{"line":11,"column":20},"end":{"line":11,"column":32}},"2":{"start":{"line":12,"column":28},"end":{"line":12,"column":65}},"3":{"start":{"line":13,"column":32},"end":{"line":13,"column":53}},"4":{"start":{"line":15,"column":4},"end":{"line":21,"column":12}},"5":{"start":{"line":16,"column":19},"end":{"line":16,"column":58}},"6":{"start":{"line":17,"column":8},"end":{"line":20,"column":9}},"7":{"start":{"line":18,"column":12},"end":{"line":18,"column":29}},"8":{"start":{"line":19,"column":12},"end":{"line":19,"column":28}},"9":{"start":{"line":24,"column":32},"end":{"line":26,"column":5}},"10":{"start":{"line":25,"column":8},"end":{"line":25,"column":77}},"11":{"start":{"line":28,"column":26},"end":{"line":30,"column":5}},"12":{"start":{"line":29,"column":8},"end":{"line":29,"column":25}},"13":{"start":{"line":32,"column":4},"end":{"line":60,"column":6}}},"fnMap":{"0":{"name":"Header","decl":{"start":{"line":9,"column":24},"end":{"line":9,"column":30}},"loc":{"start":{"line":9,"column":33},"end":{"line":61,"column":1}},"line":9},"1":{"name":"(anonymous_1)","decl":{"start":{"line":15,"column":20},"end":{"line":15,"column":21}},"loc":{"start":{"line":15,"column":26},"end":{"line":21,"column":5}},"line":15},"2":{"name":"(anonymous_2)","decl":{"start":{"line":24,"column":32},"end":{"line":24,"column":33}},"loc":{"start":{"line":24,"column":38},"end":{"line":26,"column":5}},"line":24},"3":{"name":"(anonymous_3)","decl":{"start":{"line":28,"column":26},"end":{"line":28,"column":27}},"loc":{"start":{"line":28,"column":32},"end":{"line":30,"column":5}},"line":28}},"branchMap":{"0":{"loc":{"start":{"line":17,"column":8},"end":{"line":20,"column":9}},"type":"if","locations":[{"start":{"line":17,"column":8},"end":{"line":20,"column":9}},{"start":{"line":17,"column":8},"end":{"line":20,"column":9}}],"line":17},"1":{"loc":{"start":{"line":42,"column":21},"end":{"line":55,"column":21}},"type":"cond-expr","locations":[{"start":{"line":43,"column":24},"end":{"line":47,"column":33}},{"start":{"line":49,"column":24},"end":{"line":54,"column":33}}],"line":42},"2":{"loc":{"start":{"line":57,"column":17},"end":{"line":57,"column":63}},"type":"cond-expr","locations":[{"start":{"line":57,"column":26},"end":{"line":57,"column":50}},{"start":{"line":57,"column":53},"end":{"line":57,"column":63}}],"line":57}},"s":{"0":3,"1":3,"2":3,"3":3,"4":3,"5":3,"6":3,"7":0,"8":0,"9":3,"10":0,"11":3,"12":0,"13":3},"f":{"0":3,"1":3,"2":0,"3":0},"b":{"0":[0,3],"1":[0,3],"2":[0,3]},"_coverageSchema":"1a1c01bbd47fc00a2c39e90264f33305004495a9","hash":"056a4afb5b49c547fc74806c730d77b0c54a9d0d"}
,"C:\\Users\\Tim_New\\Projects\\React_Training\\task3\\src\\Components\\Header\\Search.js": {"path":"C:\\Users\\Tim_New\\Projects\\React_Training\\task3\\src\\Components\\Header\\Search.js","statementMap":{"0":{"start":{"line":5,"column":28},"end":{"line":5,"column":46}},"1":{"start":{"line":6,"column":20},"end":{"line":6,"column":32}},"2":{"start":{"line":8,"column":26},"end":{"line":12,"column":5}},"3":{"start":{"line":9,"column":8},"end":{"line":11,"column":9}},"4":{"start":{"line":10,"column":12},"end":{"line":10,"column":27}},"5":{"start":{"line":14,"column":25},"end":{"line":16,"column":5}},"6":{"start":{"line":15,"column":8},"end":{"line":15,"column":40}},"7":{"start":{"line":18,"column":25},"end":{"line":20,"column":5}},"8":{"start":{"line":19,"column":8},"end":{"line":19,"column":32}},"9":{"start":{"line":22,"column":4},"end":{"line":41,"column":6}}},"fnMap":{"0":{"name":"Search","decl":{"start":{"line":4,"column":24},"end":{"line":4,"column":30}},"loc":{"start":{"line":4,"column":33},"end":{"line":42,"column":1}},"line":4},"1":{"name":"(anonymous_1)","decl":{"start":{"line":8,"column":26},"end":{"line":8,"column":27}},"loc":{"start":{"line":8,"column":33},"end":{"line":12,"column":5}},"line":8},"2":{"name":"(anonymous_2)","decl":{"start":{"line":14,"column":25},"end":{"line":14,"column":26}},"loc":{"start":{"line":14,"column":31},"end":{"line":16,"column":5}},"line":14},"3":{"name":"(anonymous_3)","decl":{"start":{"line":18,"column":25},"end":{"line":18,"column":26}},"loc":{"start":{"line":18,"column":32},"end":{"line":20,"column":5}},"line":18}},"branchMap":{"0":{"loc":{"start":{"line":9,"column":8},"end":{"line":11,"column":9}},"type":"if","locations":[{"start":{"line":9,"column":8},"end":{"line":11,"column":9}},{"start":{"line":9,"column":8},"end":{"line":11,"column":9}}],"line":9}},"s":{"0":7,"1":7,"2":7,"3":4,"4":0,"5":7,"6":0,"7":7,"8":4,"9":7},"f":{"0":7,"1":4,"2":0,"3":4},"b":{"0":[0,4]},"_coverageSchema":"1a1c01bbd47fc00a2c39e90264f33305004495a9","hash":"77c5a410e79536750a751f32237b507e1bf29cab"}
,"C:\\Users\\Tim_New\\Projects\\React_Training\\task3\\src\\Components\\Layout\\Layout.js": {"path":"C:\\Users\\Tim_New\\Projects\\React_Training\\task3\\src\\Components\\Layout\\Layout.js","statementMap":{"0":{"start":{"line":11,"column":4},"end":{"line":21,"column":6}}},"fnMap":{"0":{"name":"Layout","decl":{"start":{"line":10,"column":24},"end":{"line":10,"column":30}},"loc":{"start":{"line":10,"column":45},"end":{"line":22,"column":1}},"line":10}},"branchMap":{},"s":{"0":1},"f":{"0":1},"b":{},"_coverageSchema":"1a1c01bbd47fc00a2c39e90264f33305004495a9","hash":"bfaaca62ff2c0edf1777c040a197db04df4ee58b"}
,"C:\\Users\\Tim_New\\Projects\\React_Training\\task3\\src\\Components\\Modals\\RootModal.js": {"path":"C:\\Users\\Tim_New\\Projects\\React_Training\\task3\\src\\Components\\Modals\\RootModal.js","statementMap":{"0":{"start":{"line":14,"column":21},"end":{"line":14,"column":34}},"1":{"start":{"line":16,"column":35},"end":{"line":16,"column":70}},"2":{"start":{"line":17,"column":28},"end":{"line":17,"column":65}},"3":{"start":{"line":19,"column":19},"end":{"line":31,"column":5}},"4":{"start":{"line":33,"column":26},"end":{"line":47,"column":5}},"5":{"start":{"line":49,"column":21},"end":{"line":67,"column":5}},"6":{"start":{"line":50,"column":23},"end":{"line":50,"column":25}},"7":{"start":{"line":51,"column":8},"end":{"line":53,"column":9}},"8":{"start":{"line":52,"column":12},"end":{"line":52,"column":44}},"9":{"start":{"line":54,"column":8},"end":{"line":56,"column":9}},"10":{"start":{"line":55,"column":12},"end":{"line":55,"column":63}},"11":{"start":{"line":57,"column":8},"end":{"line":59,"column":9}},"12":{"start":{"line":58,"column":12},"end":{"line":58,"column":58}},"13":{"start":{"line":60,"column":8},"end":{"line":62,"column":9}},"14":{"start":{"line":61,"column":12},"end":{"line":61,"column":50}},"15":{"start":{"line":63,"column":8},"end":{"line":65,"column":9}},"16":{"start":{"line":64,"column":12},"end":{"line":64,"column":48}},"17":{"start":{"line":66,"column":8},"end":{"line":66,"column":22}},"18":{"start":{"line":69,"column":20},"end":{"line":80,"column":6}},"19":{"start":{"line":76,"column":12},"end":{"line":76,"column":29}},"20":{"start":{"line":77,"column":12},"end":{"line":77,"column":71}},"21":{"start":{"line":78,"column":12},"end":{"line":78,"column":25}},"22":{"start":{"line":82,"column":21},"end":{"line":93,"column":6}},"23":{"start":{"line":90,"column":12},"end":{"line":90,"column":72}},"24":{"start":{"line":91,"column":12},"end":{"line":91,"column":25}},"25":{"start":{"line":95,"column":24},"end":{"line":102,"column":5}},"26":{"start":{"line":96,"column":8},"end":{"line":96,"column":27}},"27":{"start":{"line":97,"column":8},"end":{"line":100,"column":11}},"28":{"start":{"line":101,"column":8},"end":{"line":101,"column":21}},"29":{"start":{"line":104,"column":23},"end":{"line":106,"column":5}},"30":{"start":{"line":105,"column":8},"end":{"line":105,"column":43}},"31":{"start":{"line":108,"column":28},"end":{"line":132,"column":5}},"32":{"start":{"line":109,"column":19},"end":{"line":109,"column":34}},"33":{"start":{"line":110,"column":8},"end":{"line":131,"column":9}},"34":{"start":{"line":112,"column":16},"end":{"line":118,"column":18}},"35":{"start":{"line":120,"column":16},"end":{"line":126,"column":18}},"36":{"start":{"line":128,"column":16},"end":{"line":128,"column":79}},"37":{"start":{"line":130,"column":16},"end":{"line":130,"column":49}},"38":{"start":{"line":134,"column":4},"end":{"line":134,"column":52}}},"fnMap":{"0":{"name":"Modal","decl":{"start":{"line":13,"column":24},"end":{"line":13,"column":29}},"loc":{"start":{"line":13,"column":32},"end":{"line":135,"column":1}},"line":13},"1":{"name":"(anonymous_1)","decl":{"start":{"line":49,"column":21},"end":{"line":49,"column":22}},"loc":{"start":{"line":49,"column":33},"end":{"line":67,"column":5}},"line":49},"2":{"name":"(anonymous_2)","decl":{"start":{"line":75,"column":18},"end":{"line":75,"column":19}},"loc":{"start":{"line":75,"column":30},"end":{"line":79,"column":9}},"line":75},"3":{"name":"(anonymous_3)","decl":{"start":{"line":89,"column":18},"end":{"line":89,"column":19}},"loc":{"start":{"line":89,"column":30},"end":{"line":92,"column":9}},"line":89},"4":{"name":"(anonymous_4)","decl":{"start":{"line":95,"column":24},"end":{"line":95,"column":25}},"loc":{"start":{"line":95,"column":31},"end":{"line":102,"column":5}},"line":95},"5":{"name":"(anonymous_5)","decl":{"start":{"line":104,"column":23},"end":{"line":104,"column":24}},"loc":{"start":{"line":104,"column":29},"end":{"line":106,"column":5}},"line":104},"6":{"name":"(anonymous_6)","decl":{"start":{"line":108,"column":28},"end":{"line":108,"column":29}},"loc":{"start":{"line":108,"column":34},"end":{"line":132,"column":5}},"line":108}},"branchMap":{"0":{"loc":{"start":{"line":35,"column":15},"end":{"line":35,"column":43}},"type":"binary-expr","locations":[{"start":{"line":35,"column":15},"end":{"line":35,"column":37}},{"start":{"line":35,"column":41},"end":{"line":35,"column":43}}],"line":35},"1":{"loc":{"start":{"line":36,"column":17},"end":{"line":36,"column":57}},"type":"binary-expr","locations":[{"start":{"line":36,"column":17},"end":{"line":36,"column":41}},{"start":{"line":36,"column":45},"end":{"line":36,"column":57}}],"line":36},"2":{"loc":{"start":{"line":37,"column":22},"end":{"line":37,"column":56}},"type":"binary-expr","locations":[{"start":{"line":37,"column":22},"end":{"line":37,"column":51}},{"start":{"line":37,"column":55},"end":{"line":37,"column":56}}],"line":37},"3":{"loc":{"start":{"line":38,"column":20},"end":{"line":38,"column":52}},"type":"binary-expr","locations":[{"start":{"line":38,"column":20},"end":{"line":38,"column":47}},{"start":{"line":38,"column":51},"end":{"line":38,"column":52}}],"line":38},"4":{"loc":{"start":{"line":39,"column":16},"end":{"line":39,"column":45}},"type":"binary-expr","locations":[{"start":{"line":39,"column":16},"end":{"line":39,"column":39}},{"start":{"line":39,"column":43},"end":{"line":39,"column":45}}],"line":39},"5":{"loc":{"start":{"line":40,"column":22},"end":{"line":40,"column":57}},"type":"binary-expr","locations":[{"start":{"line":40,"column":22},"end":{"line":40,"column":51}},{"start":{"line":40,"column":55},"end":{"line":40,"column":57}}],"line":40},"6":{"loc":{"start":{"line":41,"column":18},"end":{"line":41,"column":49}},"type":"binary-expr","locations":[{"start":{"line":41,"column":18},"end":{"line":41,"column":43}},{"start":{"line":41,"column":47},"end":{"line":41,"column":49}}],"line":41},"7":{"loc":{"start":{"line":42,"column":16},"end":{"line":42,"column":44}},"type":"binary-expr","locations":[{"start":{"line":42,"column":16},"end":{"line":42,"column":39}},{"start":{"line":42,"column":43},"end":{"line":42,"column":44}}],"line":42},"8":{"loc":{"start":{"line":43,"column":17},"end":{"line":43,"column":46}},"type":"binary-expr","locations":[{"start":{"line":43,"column":17},"end":{"line":43,"column":41}},{"start":{"line":43,"column":45},"end":{"line":43,"column":46}}],"line":43},"9":{"loc":{"start":{"line":44,"column":17},"end":{"line":44,"column":46}},"type":"binary-expr","locations":[{"start":{"line":44,"column":17},"end":{"line":44,"column":41}},{"start":{"line":44,"column":45},"end":{"line":44,"column":46}}],"line":44},"10":{"loc":{"start":{"line":45,"column":13},"end":{"line":45,"column":39}},"type":"binary-expr","locations":[{"start":{"line":45,"column":13},"end":{"line":45,"column":33}},{"start":{"line":45,"column":37},"end":{"line":45,"column":39}}],"line":45},"11":{"loc":{"start":{"line":46,"column":21},"end":{"line":46,"column":125}},"type":"binary-expr","locations":[{"start":{"line":46,"column":21},"end":{"line":46,"column":49}},{"start":{"line":46,"column":53},"end":{"line":46,"column":125}}],"line":46},"12":{"loc":{"start":{"line":51,"column":8},"end":{"line":53,"column":9}},"type":"if","locations":[{"start":{"line":51,"column":8},"end":{"line":53,"column":9}},{"start":{"line":51,"column":8},"end":{"line":53,"column":9}}],"line":51},"13":{"loc":{"start":{"line":54,"column":8},"end":{"line":56,"column":9}},"type":"if","locations":[{"start":{"line":54,"column":8},"end":{"line":56,"column":9}},{"start":{"line":54,"column":8},"end":{"line":56,"column":9}}],"line":54},"14":{"loc":{"start":{"line":57,"column":8},"end":{"line":59,"column":9}},"type":"if","locations":[{"start":{"line":57,"column":8},"end":{"line":59,"column":9}},{"start":{"line":57,"column":8},"end":{"line":59,"column":9}}],"line":57},"15":{"loc":{"start":{"line":60,"column":8},"end":{"line":62,"column":9}},"type":"if","locations":[{"start":{"line":60,"column":8},"end":{"line":62,"column":9}},{"start":{"line":60,"column":8},"end":{"line":62,"column":9}}],"line":60},"16":{"loc":{"start":{"line":63,"column":8},"end":{"line":65,"column":9}},"type":"if","locations":[{"start":{"line":63,"column":8},"end":{"line":65,"column":9}},{"start":{"line":63,"column":8},"end":{"line":65,"column":9}}],"line":63},"17":{"loc":{"start":{"line":110,"column":8},"end":{"line":131,"column":9}},"type":"switch","locations":[{"start":{"line":111,"column":12},"end":{"line":118,"column":18}},{"start":{"line":119,"column":12},"end":{"line":126,"column":18}},{"start":{"line":127,"column":12},"end":{"line":128,"column":79}},{"start":{"line":129,"column":12},"end":{"line":130,"column":49}}],"line":110},"18":{"loc":{"start":{"line":134,"column":14},"end":{"line":134,"column":47}},"type":"cond-expr","locations":[{"start":{"line":134,"column":23},"end":{"line":134,"column":40}},{"start":{"line":134,"column":43},"end":{"line":134,"column":47}}],"line":134}},"s":{"0":63,"1":63,"2":63,"3":63,"4":63,"5":63,"6":2,"7":2,"8":2,"9":2,"10":1,"11":2,"12":2,"13":2,"14":2,"15":2,"16":2,"17":2,"18":63,"19":0,"20":0,"21":0,"22":63,"23":0,"24":0,"25":63,"26":0,"27":0,"28":0,"29":63,"30":0,"31":63,"32":61,"33":61,"34":26,"35":33,"36":2,"37":0,"38":63},"f":{"0":63,"1":2,"2":0,"3":0,"4":0,"5":0,"6":61},"b":{"0":[63,30],"1":[63,63],"2":[63,30],"3":[63,30],"4":[63,30],"5":[63,30],"6":[63,63],"7":[63,30],"8":[63,30],"9":[63,30],"10":[63,63],"11":[63,30],"12":[2,0],"13":[1,1],"14":[2,0],"15":[2,0],"16":[2,0],"17":[26,33,2,0],"18":[61,2]},"_coverageSchema":"1a1c01bbd47fc00a2c39e90264f33305004495a9","hash":"2cfef6c705ac139391a06ca3f92201dcf0c9e94f"}
,"C:\\Users\\Tim_New\\Projects\\React_Training\\task3\\src\\Components\\Modals\\AddMovie\\AddMovie.js": {"path":"C:\\Users\\Tim_New\\Projects\\React_Training\\task3\\src\\Components\\Modals\\AddMovie\\AddMovie.js","statementMap":{"0":{"start":{"line":7,"column":25},"end":{"line":9,"column":5}},"1":{"start":{"line":8,"column":8},"end":{"line":8,"column":46}},"2":{"start":{"line":11,"column":4},"end":{"line":138,"column":6}}},"fnMap":{"0":{"name":"AddMovie","decl":{"start":{"line":6,"column":24},"end":{"line":6,"column":32}},"loc":{"start":{"line":6,"column":60},"end":{"line":139,"column":1}},"line":6},"1":{"name":"(anonymous_1)","decl":{"start":{"line":7,"column":25},"end":{"line":7,"column":26}},"loc":{"start":{"line":7,"column":36},"end":{"line":9,"column":5}},"line":7}},"branchMap":{"0":{"loc":{"start":{"line":30,"column":21},"end":{"line":34,"column":28}},"type":"cond-expr","locations":[{"start":{"line":31,"column":24},"end":{"line":33,"column":31}},{"start":{"line":34,"column":24},"end":{"line":34,"column":28}}],"line":30},"1":{"loc":{"start":{"line":47,"column":21},"end":{"line":51,"column":28}},"type":"cond-expr","locations":[{"start":{"line":48,"column":24},"end":{"line":50,"column":31}},{"start":{"line":51,"column":24},"end":{"line":51,"column":28}}],"line":47},"2":{"loc":{"start":{"line":63,"column":21},"end":{"line":67,"column":28}},"type":"cond-expr","locations":[{"start":{"line":64,"column":24},"end":{"line":66,"column":31}},{"start":{"line":67,"column":24},"end":{"line":67,"column":28}}],"line":63},"3":{"loc":{"start":{"line":80,"column":21},"end":{"line":84,"column":28}},"type":"cond-expr","locations":[{"start":{"line":81,"column":24},"end":{"line":83,"column":31}},{"start":{"line":84,"column":24},"end":{"line":84,"column":28}}],"line":80},"4":{"loc":{"start":{"line":96,"column":21},"end":{"line":100,"column":28}},"type":"cond-expr","locations":[{"start":{"line":97,"column":24},"end":{"line":99,"column":31}},{"start":{"line":100,"column":24},"end":{"line":100,"column":28}}],"line":96},"5":{"loc":{"start":{"line":114,"column":21},"end":{"line":118,"column":28}},"type":"cond-expr","locations":[{"start":{"line":115,"column":24},"end":{"line":117,"column":31}},{"start":{"line":118,"column":24},"end":{"line":118,"column":28}}],"line":114}},"s":{"0":26,"1":0,"2":26},"f":{"0":26,"1":0},"b":{"0":[2,24],"1":[2,24],"2":[0,26],"3":[2,24],"4":[2,24],"5":[2,24]},"_coverageSchema":"1a1c01bbd47fc00a2c39e90264f33305004495a9","hash":"cd3f20d75e465fbf471f0d9c7d383b57e693fd9d"}
,"C:\\Users\\Tim_New\\Projects\\React_Training\\task3\\src\\Components\\Modals\\DeleteMovie\\DeleteMovie.js": {"path":"C:\\Users\\Tim_New\\Projects\\React_Training\\task3\\src\\Components\\Modals\\DeleteMovie\\DeleteMovie.js","statementMap":{"0":{"start":{"line":6,"column":4},"end":{"line":26,"column":6}}},"fnMap":{"0":{"name":"DeleteMovie","decl":{"start":{"line":5,"column":24},"end":{"line":5,"column":35}},"loc":{"start":{"line":5,"column":55},"end":{"line":27,"column":1}},"line":5}},"branchMap":{},"s":{"0":2},"f":{"0":2},"b":{},"_coverageSchema":"1a1c01bbd47fc00a2c39e90264f33305004495a9","hash":"0cea05596da45497be9fb71d5ecf16b4fa96fb57"}
,"C:\\Users\\Tim_New\\Projects\\React_Training\\task3\\src\\Components\\Modals\\EditMovie\\EditMovie.js": {"path":"C:\\Users\\Tim_New\\Projects\\React_Training\\task3\\src\\Components\\Modals\\EditMovie\\EditMovie.js","statementMap":{"0":{"start":{"line":8,"column":25},"end":{"line":10,"column":5}},"1":{"start":{"line":9,"column":8},"end":{"line":9,"column":46}},"2":{"start":{"line":12,"column":4},"end":{"line":112,"column":6}}},"fnMap":{"0":{"name":"EditMovie","decl":{"start":{"line":7,"column":24},"end":{"line":7,"column":33}},"loc":{"start":{"line":7,"column":61},"end":{"line":113,"column":1}},"line":7},"1":{"name":"(anonymous_1)","decl":{"start":{"line":8,"column":25},"end":{"line":8,"column":26}},"loc":{"start":{"line":8,"column":36},"end":{"line":10,"column":5}},"line":8}},"branchMap":{"0":{"loc":{"start":{"line":40,"column":22},"end":{"line":40,"column":113}},"type":"cond-expr","locations":[{"start":{"line":40,"column":44},"end":{"line":40,"column":106}},{"start":{"line":40,"column":109},"end":{"line":40,"column":113}}],"line":40},"1":{"loc":{"start":{"line":52,"column":22},"end":{"line":52,"column":127}},"type":"cond-expr","locations":[{"start":{"line":52,"column":51},"end":{"line":52,"column":120}},{"start":{"line":52,"column":123},"end":{"line":52,"column":127}}],"line":52},"2":{"loc":{"start":{"line":63,"column":22},"end":{"line":63,"column":109}},"type":"cond-expr","locations":[{"start":{"line":63,"column":42},"end":{"line":63,"column":102}},{"start":{"line":63,"column":105},"end":{"line":63,"column":109}}],"line":63},"3":{"loc":{"start":{"line":76,"column":22},"end":{"line":76,"column":115}},"type":"cond-expr","locations":[{"start":{"line":76,"column":45},"end":{"line":76,"column":108}},{"start":{"line":76,"column":111},"end":{"line":76,"column":115}}],"line":76},"4":{"loc":{"start":{"line":87,"column":22},"end":{"line":87,"column":119}},"type":"cond-expr","locations":[{"start":{"line":87,"column":47},"end":{"line":87,"column":112}},{"start":{"line":87,"column":115},"end":{"line":87,"column":119}}],"line":87},"5":{"loc":{"start":{"line":100,"column":22},"end":{"line":100,"column":117}},"type":"cond-expr","locations":[{"start":{"line":100,"column":46},"end":{"line":100,"column":110}},{"start":{"line":100,"column":113},"end":{"line":100,"column":117}}],"line":100}},"s":{"0":33,"1":0,"2":33},"f":{"0":33,"1":0},"b":{"0":[2,31],"1":[2,31],"2":[0,33],"3":[0,33],"4":[2,31],"5":[2,31]},"_coverageSchema":"1a1c01bbd47fc00a2c39e90264f33305004495a9","hash":"edd265f8a30dde9fda56f00ee1f7ba6eaf1dc0a5"}
,"C:\\Users\\Tim_New\\Projects\\React_Training\\task3\\src\\Components\\MovieCard\\MovieCard.js": {"path":"C:\\Users\\Tim_New\\Projects\\React_Training\\task3\\src\\Components\\MovieCard\\MovieCard.js","statementMap":{"0":{"start":{"line":10,"column":42},"end":{"line":10,"column":63}},"1":{"start":{"line":11,"column":28},"end":{"line":11,"column":65}},"2":{"start":{"line":13,"column":28},"end":{"line":23,"column":5}},"3":{"start":{"line":14,"column":8},"end":{"line":14,"column":27}},"4":{"start":{"line":15,"column":8},"end":{"line":21,"column":11}},"5":{"start":{"line":22,"column":8},"end":{"line":22,"column":37}},"6":{"start":{"line":25,"column":30},"end":{"line":33,"column":5}},"7":{"start":{"line":26,"column":19},"end":{"line":26,"column":27}},"8":{"start":{"line":27,"column":8},"end":{"line":27,"column":27}},"9":{"start":{"line":28,"column":8},"end":{"line":31,"column":11}},"10":{"start":{"line":32,"column":8},"end":{"line":32,"column":37}},"11":{"start":{"line":35,"column":27},"end":{"line":38,"column":5}},"12":{"start":{"line":36,"column":8},"end":{"line":36,"column":27}},"13":{"start":{"line":37,"column":8},"end":{"line":37,"column":37}},"14":{"start":{"line":40,"column":26},"end":{"line":43,"column":5}},"15":{"start":{"line":41,"column":8},"end":{"line":42,"column":85}},"16":{"start":{"line":45,"column":4},"end":{"line":117,"column":6}},"17":{"start":{"line":120,"column":0},"end":{"line":135,"column":2}},"18":{"start":{"line":137,"column":0},"end":{"line":153,"column":2}}},"fnMap":{"0":{"name":"MovieCard","decl":{"start":{"line":9,"column":24},"end":{"line":9,"column":33}},"loc":{"start":{"line":9,"column":45},"end":{"line":118,"column":1}},"line":9},"1":{"name":"(anonymous_1)","decl":{"start":{"line":13,"column":28},"end":{"line":13,"column":29}},"loc":{"start":{"line":13,"column":35},"end":{"line":23,"column":5}},"line":13},"2":{"name":"(anonymous_2)","decl":{"start":{"line":25,"column":30},"end":{"line":25,"column":31}},"loc":{"start":{"line":25,"column":37},"end":{"line":33,"column":5}},"line":25},"3":{"name":"(anonymous_3)","decl":{"start":{"line":35,"column":27},"end":{"line":35,"column":28}},"loc":{"start":{"line":35,"column":34},"end":{"line":38,"column":5}},"line":35},"4":{"name":"(anonymous_4)","decl":{"start":{"line":40,"column":26},"end":{"line":40,"column":27}},"loc":{"start":{"line":40,"column":33},"end":{"line":43,"column":5}},"line":40}},"branchMap":{"0":{"loc":{"start":{"line":61,"column":41},"end":{"line":61,"column":73}},"type":"cond-expr","locations":[{"start":{"line":61,"column":55},"end":{"line":61,"column":61}},{"start":{"line":61,"column":64},"end":{"line":61,"column":73}}],"line":61},"1":{"loc":{"start":{"line":69,"column":41},"end":{"line":69,"column":73}},"type":"cond-expr","locations":[{"start":{"line":69,"column":55},"end":{"line":69,"column":64}},{"start":{"line":69,"column":67},"end":{"line":69,"column":73}}],"line":69},"2":{"loc":{"start":{"line":103,"column":33},"end":{"line":103,"column":108}},"type":"cond-expr","locations":[{"start":{"line":103,"column":67},"end":{"line":103,"column":101}},{"start":{"line":103,"column":104},"end":{"line":103,"column":108}}],"line":103},"3":{"loc":{"start":{"line":108,"column":33},"end":{"line":110,"column":50}},"type":"cond-expr","locations":[{"start":{"line":109,"column":38},"end":{"line":109,"column":61}},{"start":{"line":110,"column":38},"end":{"line":110,"column":50}}],"line":108}},"s":{"0":3,"1":3,"2":3,"3":0,"4":0,"5":0,"6":3,"7":0,"8":0,"9":0,"10":0,"11":3,"12":1,"13":1,"14":3,"15":0,"16":3,"17":3,"18":3},"f":{"0":3,"1":0,"2":0,"3":1,"4":0},"b":{"0":[1,2],"1":[1,2],"2":[3,0],"3":[0,3]},"_coverageSchema":"1a1c01bbd47fc00a2c39e90264f33305004495a9","hash":"0db6463af0efcdd9a32e1dc27f33f435545670eb"}
,"C:\\Users\\Tim_New\\Projects\\React_Training\\task3\\src\\Components\\MovieDetails\\MovieDetails.js": {"path":"C:\\Users\\Tim_New\\Projects\\React_Training\\task3\\src\\Components\\MovieDetails\\MovieDetails.js","statementMap":{"0":{"start":{"line":8,"column":21},"end":{"line":8,"column":34}},"1":{"start":{"line":9,"column":25},"end":{"line":9,"column":68}},"2":{"start":{"line":9,"column":48},"end":{"line":9,"column":67}},"3":{"start":{"line":11,"column":30},"end":{"line":11,"column":65}},"4":{"start":{"line":13,"column":4},"end":{"line":15,"column":13}},"5":{"start":{"line":14,"column":8},"end":{"line":14,"column":63}},"6":{"start":{"line":17,"column":4},"end":{"line":19,"column":23}},"7":{"start":{"line":18,"column":8},"end":{"line":18,"column":38}},"8":{"start":{"line":21,"column":26},"end":{"line":24,"column":5}},"9":{"start":{"line":22,"column":8},"end":{"line":23,"column":85}},"10":{"start":{"line":26,"column":4},"end":{"line":61,"column":6}}},"fnMap":{"0":{"name":"MovieDetails","decl":{"start":{"line":7,"column":24},"end":{"line":7,"column":36}},"loc":{"start":{"line":7,"column":45},"end":{"line":62,"column":1}},"line":7},"1":{"name":"(anonymous_1)","decl":{"start":{"line":9,"column":37},"end":{"line":9,"column":38}},"loc":{"start":{"line":9,"column":48},"end":{"line":9,"column":67}},"line":9},"2":{"name":"(anonymous_2)","decl":{"start":{"line":13,"column":20},"end":{"line":13,"column":21}},"loc":{"start":{"line":13,"column":26},"end":{"line":15,"column":5}},"line":13},"3":{"name":"(anonymous_3)","decl":{"start":{"line":17,"column":20},"end":{"line":17,"column":21}},"loc":{"start":{"line":17,"column":26},"end":{"line":19,"column":5}},"line":17},"4":{"name":"(anonymous_4)","decl":{"start":{"line":21,"column":26},"end":{"line":21,"column":27}},"loc":{"start":{"line":21,"column":33},"end":{"line":24,"column":5}},"line":21}},"branchMap":{"0":{"loc":{"start":{"line":44,"column":29},"end":{"line":46,"column":38}},"type":"cond-expr","locations":[{"start":{"line":45,"column":34},"end":{"line":45,"column":68}},{"start":{"line":46,"column":34},"end":{"line":46,"column":38}}],"line":44}},"s":{"0":2,"1":2,"2":4,"3":2,"4":2,"5":1,"6":2,"7":1,"8":2,"9":0,"10":2},"f":{"0":2,"1":4,"2":1,"3":1,"4":0},"b":{"0":[0,2]},"_coverageSchema":"1a1c01bbd47fc00a2c39e90264f33305004495a9","hash":"407b94b1cb20e292344dd98418ac9531279caaa0"}
,"C:\\Users\\Tim_New\\Projects\\React_Training\\task3\\src\\Components\\MovieList\\MovieList.js": {"path":"C:\\Users\\Tim_New\\Projects\\React_Training\\task3\\src\\Components\\MovieList\\MovieList.js","statementMap":{"0":{"start":{"line":11,"column":20},"end":{"line":11,"column":32}},"1":{"start":{"line":12,"column":19},"end":{"line":12,"column":30}},"2":{"start":{"line":13,"column":21},"end":{"line":13,"column":34}},"3":{"start":{"line":15,"column":19},"end":{"line":15,"column":55}},"4":{"start":{"line":15,"column":42},"end":{"line":15,"column":54}},"5":{"start":{"line":17,"column":4},"end":{"line":22,"column":12}},"6":{"start":{"line":18,"column":19},"end":{"line":18,"column":58}},"7":{"start":{"line":19,"column":8},"end":{"line":21,"column":9}},"8":{"start":{"line":20,"column":12},"end":{"line":20,"column":71}},"9":{"start":{"line":24,"column":4},"end":{"line":36,"column":6}},"10":{"start":{"line":32,"column":20},"end":{"line":32,"column":70}}},"fnMap":{"0":{"name":"MovieList","decl":{"start":{"line":10,"column":24},"end":{"line":10,"column":33}},"loc":{"start":{"line":10,"column":36},"end":{"line":37,"column":1}},"line":10},"1":{"name":"(anonymous_1)","decl":{"start":{"line":15,"column":31},"end":{"line":15,"column":32}},"loc":{"start":{"line":15,"column":42},"end":{"line":15,"column":54}},"line":15},"2":{"name":"(anonymous_2)","decl":{"start":{"line":17,"column":20},"end":{"line":17,"column":21}},"loc":{"start":{"line":17,"column":26},"end":{"line":22,"column":5}},"line":17},"3":{"name":"(anonymous_3)","decl":{"start":{"line":31,"column":28},"end":{"line":31,"column":29}},"loc":{"start":{"line":31,"column":39},"end":{"line":33,"column":17}},"line":31}},"branchMap":{"0":{"loc":{"start":{"line":19,"column":8},"end":{"line":21,"column":9}},"type":"if","locations":[{"start":{"line":19,"column":8},"end":{"line":21,"column":9}},{"start":{"line":19,"column":8},"end":{"line":21,"column":9}}],"line":19}},"s":{"0":1,"1":1,"2":1,"3":1,"4":3,"5":1,"6":1,"7":1,"8":1,"9":1,"10":0},"f":{"0":1,"1":3,"2":1,"3":0},"b":{"0":[1,0]},"_coverageSchema":"1a1c01bbd47fc00a2c39e90264f33305004495a9","hash":"081c98018f75d955f0d96f13d0b1d3777e09e37a"}
,"C:\\Users\\Tim_New\\Projects\\React_Training\\task3\\src\\Components\\Nav\\Nav.js": {"path":"C:\\Users\\Tim_New\\Projects\\React_Training\\task3\\src\\Components\\Nav\\Nav.js","statementMap":{"0":{"start":{"line":11,"column":21},"end":{"line":11,"column":34}},"1":{"start":{"line":12,"column":19},"end":{"line":12,"column":55}},"2":{"start":{"line":12,"column":42},"end":{"line":12,"column":54}},"3":{"start":{"line":14,"column":19},"end":{"line":17,"column":48}},"4":{"start":{"line":15,"column":24},"end":{"line":15,"column":36}},"5":{"start":{"line":17,"column":29},"end":{"line":17,"column":47}},"6":{"start":{"line":19,"column":17},"end":{"line":21,"column":5}},"7":{"start":{"line":20,"column":8},"end":{"line":20,"column":45}},"8":{"start":{"line":23,"column":19},"end":{"line":30,"column":5}},"9":{"start":{"line":24,"column":22},"end":{"line":24,"column":60}},"10":{"start":{"line":25,"column":8},"end":{"line":29,"column":9}},"11":{"start":{"line":26,"column":12},"end":{"line":26,"column":57}},"12":{"start":{"line":28,"column":12},"end":{"line":28,"column":74}},"13":{"start":{"line":32,"column":4},"end":{"line":58,"column":6}},"14":{"start":{"line":40,"column":24},"end":{"line":44,"column":25}}},"fnMap":{"0":{"name":"Nav","decl":{"start":{"line":10,"column":24},"end":{"line":10,"column":27}},"loc":{"start":{"line":10,"column":30},"end":{"line":59,"column":1}},"line":10},"1":{"name":"(anonymous_1)","decl":{"start":{"line":12,"column":31},"end":{"line":12,"column":32}},"loc":{"start":{"line":12,"column":42},"end":{"line":12,"column":54}},"line":12},"2":{"name":"(anonymous_2)","decl":{"start":{"line":15,"column":13},"end":{"line":15,"column":14}},"loc":{"start":{"line":15,"column":24},"end":{"line":15,"column":36}},"line":15},"3":{"name":"(anonymous_3)","decl":{"start":{"line":17,"column":16},"end":{"line":17,"column":17}},"loc":{"start":{"line":17,"column":29},"end":{"line":17,"column":47}},"line":17},"4":{"name":"(anonymous_4)","decl":{"start":{"line":19,"column":17},"end":{"line":19,"column":18}},"loc":{"start":{"line":19,"column":24},"end":{"line":21,"column":5}},"line":19},"5":{"name":"(anonymous_5)","decl":{"start":{"line":23,"column":19},"end":{"line":23,"column":20}},"loc":{"start":{"line":23,"column":26},"end":{"line":30,"column":5}},"line":23},"6":{"name":"(anonymous_6)","decl":{"start":{"line":39,"column":43},"end":{"line":39,"column":44}},"loc":{"start":{"line":39,"column":54},"end":{"line":45,"column":21}},"line":39}},"branchMap":{"0":{"loc":{"start":{"line":25,"column":8},"end":{"line":29,"column":9}},"type":"if","locations":[{"start":{"line":25,"column":8},"end":{"line":29,"column":9}},{"start":{"line":25,"column":8},"end":{"line":29,"column":9}}],"line":25}},"s":{"0":2,"1":2,"2":4,"3":2,"4":0,"5":0,"6":2,"7":0,"8":2,"9":0,"10":0,"11":0,"12":0,"13":2,"14":0},"f":{"0":2,"1":4,"2":0,"3":0,"4":0,"5":0,"6":0},"b":{"0":[0,0]},"_coverageSchema":"1a1c01bbd47fc00a2c39e90264f33305004495a9","hash":"52d1ad50a2a4bfc8ee566a916f48eda949db4254"}
,"C:\\Users\\Tim_New\\Projects\\React_Training\\task3\\src\\Components\\NoMovies\\NoMovies.js": {"path":"C:\\Users\\Tim_New\\Projects\\React_Training\\task3\\src\\Components\\NoMovies\\NoMovies.js","statementMap":{"0":{"start":{"line":5,"column":4},"end":{"line":9,"column":5}}},"fnMap":{"0":{"name":"NoMovies","decl":{"start":{"line":4,"column":24},"end":{"line":4,"column":32}},"loc":{"start":{"line":4,"column":35},"end":{"line":10,"column":1}},"line":4}},"branchMap":{},"s":{"0":1},"f":{"0":1},"b":{},"_coverageSchema":"1a1c01bbd47fc00a2c39e90264f33305004495a9","hash":"2a2ac08028a78e12162202cac9d76f83d9159f28"}
,"C:\\Users\\Tim_New\\Projects\\React_Training\\task3\\src\\Components\\NotFound\\NotFound.js": {"path":"C:\\Users\\Tim_New\\Projects\\React_Training\\task3\\src\\Components\\NotFound\\NotFound.js","statementMap":{"0":{"start":{"line":7,"column":4},"end":{"line":21,"column":5}}},"fnMap":{"0":{"name":"NotFound","decl":{"start":{"line":6,"column":24},"end":{"line":6,"column":32}},"loc":{"start":{"line":6,"column":35},"end":{"line":22,"column":1}},"line":6}},"branchMap":{},"s":{"0":1},"f":{"0":1},"b":{},"_coverageSchema":"1a1c01bbd47fc00a2c39e90264f33305004495a9","hash":"134868d198d8cb429929b1ee5a23ee3c6e5bfb02"}
,"C:\\Users\\Tim_New\\Projects\\React_Training\\task3\\src\\Context\\ModalContext.js": {"path":"C:\\Users\\Tim_New\\Projects\\React_Training\\task3\\src\\Context\\ModalContext.js","statementMap":{"0":{"start":{"line":3,"column":22},"end":{"line":13,"column":1}},"1":{"start":{"line":4,"column":32},"end":{"line":4,"column":67}},"2":{"start":{"line":5,"column":40},"end":{"line":5,"column":79}},"3":{"start":{"line":7,"column":26},"end":{"line":10,"column":5}},"4":{"start":{"line":8,"column":8},"end":{"line":8,"column":26}},"5":{"start":{"line":9,"column":8},"end":{"line":9,"column":34}},"6":{"start":{"line":12,"column":4},"end":{"line":12,"column":51}},"7":{"start":{"line":15,"column":33},"end":{"line":15,"column":54}},"8":{"start":{"line":16,"column":35},"end":{"line":16,"column":56}},"9":{"start":{"line":18,"column":28},"end":{"line":31,"column":1}},"10":{"start":{"line":19,"column":44},"end":{"line":22,"column":6}},"11":{"start":{"line":24,"column":4},"end":{"line":30,"column":6}}},"fnMap":{"0":{"name":"(anonymous_0)","decl":{"start":{"line":3,"column":22},"end":{"line":3,"column":23}},"loc":{"start":{"line":3,"column":40},"end":{"line":13,"column":1}},"line":3},"1":{"name":"(anonymous_1)","decl":{"start":{"line":7,"column":26},"end":{"line":7,"column":27}},"loc":{"start":{"line":7,"column":59},"end":{"line":10,"column":5}},"line":7},"2":{"name":"(anonymous_2)","decl":{"start":{"line":18,"column":28},"end":{"line":18,"column":29}},"loc":{"start":{"line":18,"column":46},"end":{"line":31,"column":1}},"line":18}},"branchMap":{"0":{"loc":{"start":{"line":7,"column":37},"end":{"line":7,"column":52}},"type":"default-arg","locations":[{"start":{"line":7,"column":50},"end":{"line":7,"column":52}}],"line":7}},"s":{"0":7,"1":1,"2":1,"3":1,"4":0,"5":0,"6":1,"7":7,"8":7,"9":7,"10":1,"11":1},"f":{"0":1,"1":0,"2":1},"b":{"0":[0]},"_coverageSchema":"1a1c01bbd47fc00a2c39e90264f33305004495a9","hash":"a589bfc0f89f7c4ece1180f25da85e7bcf593962"}
,"C:\\Users\\Tim_New\\Projects\\React_Training\\task3\\src\\Store\\index.js": {"path":"C:\\Users\\Tim_New\\Projects\\React_Training\\task3\\src\\Store\\index.js","statementMap":{"0":{"start":{"line":7,"column":21},"end":{"line":7,"column":43}},"1":{"start":{"line":8,"column":17},"end":{"line":8,"column":76}},"2":{"start":{"line":10,"column":14},"end":{"line":13,"column":2}},"3":{"start":{"line":15,"column":0},"end":{"line":15,"column":29}}},"fnMap":{},"branchMap":{},"s":{"0":8,"1":8,"2":8,"3":8},"f":{},"b":{},"_coverageSchema":"1a1c01bbd47fc00a2c39e90264f33305004495a9","hash":"c798047a4adad3dd972b8021b8aebdb5109e791a"}
,"C:\\Users\\Tim_New\\Projects\\React_Training\\task3\\src\\Store\\Sagas\\addMovie.js": {"path":"C:\\Users\\Tim_New\\Projects\\React_Training\\task3\\src\\Store\\Sagas\\addMovie.js","statementMap":{"0":{"start":{"line":7,"column":10},"end":{"line":24,"column":1}},"1":{"start":{"line":8,"column":16},"end":{"line":8,"column":31}},"2":{"start":{"line":9,"column":4},"end":{"line":9,"column":20}},"3":{"start":{"line":11,"column":4},"end":{"line":23,"column":6}},"4":{"start":{"line":22,"column":8},"end":{"line":22,"column":24}},"5":{"start":{"line":27,"column":4},"end":{"line":32,"column":5}},"6":{"start":{"line":28,"column":20},"end":{"line":28,"column":48}},"7":{"start":{"line":29,"column":8},"end":{"line":29,"column":35}},"8":{"start":{"line":31,"column":8},"end":{"line":31,"column":44}},"9":{"start":{"line":36,"column":4},"end":{"line":36,"column":57}}},"fnMap":{"0":{"name":"(anonymous_0)","decl":{"start":{"line":7,"column":10},"end":{"line":7,"column":11}},"loc":{"start":{"line":7,"column":29},"end":{"line":24,"column":1}},"line":7},"1":{"name":"(anonymous_1)","decl":{"start":{"line":21,"column":10},"end":{"line":21,"column":11}},"loc":{"start":{"line":21,"column":19},"end":{"line":23,"column":5}},"line":21},"2":{"name":"addMovieSaga","decl":{"start":{"line":26,"column":17},"end":{"line":26,"column":29}},"loc":{"start":{"line":26,"column":43},"end":{"line":33,"column":1}},"line":26},"3":{"name":"watchAddMovie","decl":{"start":{"line":35,"column":17},"end":{"line":35,"column":30}},"loc":{"start":{"line":35,"column":33},"end":{"line":37,"column":1}},"line":35}},"branchMap":{},"s":{"0":9,"1":1,"2":1,"3":0,"4":0,"5":1,"6":1,"7":0,"8":1,"9":8},"f":{"0":1,"1":0,"2":1,"3":8},"b":{},"_coverageSchema":"1a1c01bbd47fc00a2c39e90264f33305004495a9","hash":"5824980c72d5afe38ad92efed9ab6e8561e7349a"}
,"C:\\Users\\Tim_New\\Projects\\React_Training\\task3\\src\\Store\\Sagas\\deleteMovie.js": {"path":"C:\\Users\\Tim_New\\Projects\\React_Training\\task3\\src\\Store\\Sagas\\deleteMovie.js","statementMap":{"0":{"start":{"line":7,"column":10},"end":{"line":16,"column":1}},"1":{"start":{"line":8,"column":18},"end":{"line":8,"column":33}},"2":{"start":{"line":9,"column":4},"end":{"line":15,"column":6}},"3":{"start":{"line":19,"column":4},"end":{"line":24,"column":5}},"4":{"start":{"line":20,"column":8},"end":{"line":20,"column":37}},"5":{"start":{"line":21,"column":8},"end":{"line":21,"column":40}},"6":{"start":{"line":23,"column":8},"end":{"line":23,"column":44}},"7":{"start":{"line":28,"column":4},"end":{"line":28,"column":63}}},"fnMap":{"0":{"name":"(anonymous_0)","decl":{"start":{"line":7,"column":10},"end":{"line":7,"column":11}},"loc":{"start":{"line":7,"column":29},"end":{"line":16,"column":1}},"line":7},"1":{"name":"deleteMovieSaga","decl":{"start":{"line":18,"column":17},"end":{"line":18,"column":32}},"loc":{"start":{"line":18,"column":46},"end":{"line":25,"column":1}},"line":18},"2":{"name":"watchDeleteMovie","decl":{"start":{"line":27,"column":17},"end":{"line":27,"column":33}},"loc":{"start":{"line":27,"column":36},"end":{"line":29,"column":1}},"line":27}},"branchMap":{},"s":{"0":9,"1":1,"2":1,"3":1,"4":1,"5":0,"6":1,"7":8},"f":{"0":1,"1":1,"2":8},"b":{},"_coverageSchema":"1a1c01bbd47fc00a2c39e90264f33305004495a9","hash":"00326d0abaa76635fa5fa2030e0f00f7af58e3f6"}
,"C:\\Users\\Tim_New\\Projects\\React_Training\\task3\\src\\Store\\Sagas\\editMovie.js": {"path":"C:\\Users\\Tim_New\\Projects\\React_Training\\task3\\src\\Store\\Sagas\\editMovie.js","statementMap":{"0":{"start":{"line":7,"column":10},"end":{"line":23,"column":1}},"1":{"start":{"line":8,"column":16},"end":{"line":8,"column":31}},"2":{"start":{"line":9,"column":4},"end":{"line":9,"column":21}},"3":{"start":{"line":11,"column":4},"end":{"line":22,"column":7}},"4":{"start":{"line":21,"column":8},"end":{"line":21,"column":24}},"5":{"start":{"line":26,"column":4},"end":{"line":32,"column":5}},"6":{"start":{"line":27,"column":8},"end":{"line":27,"column":27}},"7":{"start":{"line":28,"column":20},"end":{"line":28,"column":48}},"8":{"start":{"line":29,"column":8},"end":{"line":29,"column":36}},"9":{"start":{"line":31,"column":8},"end":{"line":31,"column":44}},"10":{"start":{"line":36,"column":4},"end":{"line":36,"column":59}}},"fnMap":{"0":{"name":"(anonymous_0)","decl":{"start":{"line":7,"column":10},"end":{"line":7,"column":11}},"loc":{"start":{"line":7,"column":29},"end":{"line":23,"column":1}},"line":7},"1":{"name":"(anonymous_1)","decl":{"start":{"line":20,"column":12},"end":{"line":20,"column":13}},"loc":{"start":{"line":20,"column":21},"end":{"line":22,"column":5}},"line":20},"2":{"name":"editMovieSaga","decl":{"start":{"line":25,"column":17},"end":{"line":25,"column":30}},"loc":{"start":{"line":25,"column":44},"end":{"line":33,"column":1}},"line":25},"3":{"name":"watchEditMovie","decl":{"start":{"line":35,"column":17},"end":{"line":35,"column":31}},"loc":{"start":{"line":35,"column":34},"end":{"line":37,"column":1}},"line":35}},"branchMap":{},"s":{"0":9,"1":0,"2":0,"3":0,"4":0,"5":1,"6":1,"7":0,"8":0,"9":1,"10":8},"f":{"0":0,"1":0,"2":1,"3":8},"b":{},"_coverageSchema":"1a1c01bbd47fc00a2c39e90264f33305004495a9","hash":"a22ea6dae11bfe5540659f2988209aaee9f0d1db"}
,"C:\\Users\\Tim_New\\Projects\\React_Training\\task3\\src\\Store\\Sagas\\fetchMovies.js": {"path":"C:\\Users\\Tim_New\\Projects\\React_Training\\task3\\src\\Store\\Sagas\\fetchMovies.js","statementMap":{"0":{"start":{"line":7,"column":10},"end":{"line":18,"column":1}},"1":{"start":{"line":8,"column":4},"end":{"line":17,"column":7}},"2":{"start":{"line":16,"column":8},"end":{"line":16,"column":29}},"3":{"start":{"line":21,"column":4},"end":{"line":26,"column":5}},"4":{"start":{"line":22,"column":21},"end":{"line":22,"column":36}},"5":{"start":{"line":23,"column":8},"end":{"line":23,"column":39}},"6":{"start":{"line":25,"column":8},"end":{"line":25,"column":44}},"7":{"start":{"line":30,"column":4},"end":{"line":30,"column":63}}},"fnMap":{"0":{"name":"(anonymous_0)","decl":{"start":{"line":7,"column":10},"end":{"line":7,"column":11}},"loc":{"start":{"line":7,"column":22},"end":{"line":18,"column":1}},"line":7},"1":{"name":"(anonymous_1)","decl":{"start":{"line":15,"column":10},"end":{"line":15,"column":11}},"loc":{"start":{"line":15,"column":19},"end":{"line":17,"column":5}},"line":15},"2":{"name":"fetchMoviesSaga","decl":{"start":{"line":20,"column":17},"end":{"line":20,"column":32}},"loc":{"start":{"line":20,"column":35},"end":{"line":27,"column":1}},"line":20},"3":{"name":"watchMovies","decl":{"start":{"line":29,"column":17},"end":{"line":29,"column":28}},"loc":{"start":{"line":29,"column":31},"end":{"line":31,"column":1}},"line":29}},"branchMap":{},"s":{"0":9,"1":1,"2":1,"3":1,"4":1,"5":1,"6":0,"7":8},"f":{"0":1,"1":1,"2":1,"3":8},"b":{},"_coverageSchema":"1a1c01bbd47fc00a2c39e90264f33305004495a9","hash":"89e253d9d6896969d7ab20f3f3acb6295a74ad7a"}
,"C:\\Users\\Tim_New\\Projects\\React_Training\\task3\\src\\Store\\Sagas\\filterMovies.js": {"path":"C:\\Users\\Tim_New\\Projects\\React_Training\\task3\\src\\Store\\Sagas\\filterMovies.js","statementMap":{"0":{"start":{"line":7,"column":10},"end":{"line":21,"column":1}},"1":{"start":{"line":8,"column":16},"end":{"line":8,"column":31}},"2":{"start":{"line":9,"column":4},"end":{"line":20,"column":7}},"3":{"start":{"line":19,"column":8},"end":{"line":19,"column":29}},"4":{"start":{"line":24,"column":4},"end":{"line":29,"column":5}},"5":{"start":{"line":25,"column":21},"end":{"line":25,"column":49}},"6":{"start":{"line":26,"column":8},"end":{"line":26,"column":40}},"7":{"start":{"line":28,"column":8},"end":{"line":28,"column":44}},"8":{"start":{"line":33,"column":4},"end":{"line":33,"column":65}}},"fnMap":{"0":{"name":"(anonymous_0)","decl":{"start":{"line":7,"column":10},"end":{"line":7,"column":11}},"loc":{"start":{"line":7,"column":29},"end":{"line":21,"column":1}},"line":7},"1":{"name":"(anonymous_1)","decl":{"start":{"line":18,"column":12},"end":{"line":18,"column":13}},"loc":{"start":{"line":18,"column":21},"end":{"line":20,"column":5}},"line":18},"2":{"name":"filterMoviesSaga","decl":{"start":{"line":23,"column":17},"end":{"line":23,"column":33}},"loc":{"start":{"line":23,"column":47},"end":{"line":30,"column":1}},"line":23},"3":{"name":"watchMoviesFilter","decl":{"start":{"line":32,"column":17},"end":{"line":32,"column":34}},"loc":{"start":{"line":32,"column":37},"end":{"line":34,"column":1}},"line":32}},"branchMap":{},"s":{"0":9,"1":1,"2":1,"3":1,"4":1,"5":1,"6":1,"7":0,"8":8},"f":{"0":1,"1":1,"2":1,"3":8},"b":{},"_coverageSchema":"1a1c01bbd47fc00a2c39e90264f33305004495a9","hash":"16446e1c7e36eb68dfba39f672aeebc421ca5baf"}
,"C:\\Users\\Tim_New\\Projects\\React_Training\\task3\\src\\Store\\Sagas\\getMovie.js": {"path":"C:\\Users\\Tim_New\\Projects\\React_Training\\task3\\src\\Store\\Sagas\\getMovie.js","statementMap":{"0":{"start":{"line":7,"column":10},"end":{"line":19,"column":1}},"1":{"start":{"line":8,"column":13},"end":{"line":8,"column":28}},"2":{"start":{"line":9,"column":4},"end":{"line":18,"column":7}},"3":{"start":{"line":17,"column":8},"end":{"line":17,"column":24}},"4":{"start":{"line":22,"column":4},"end":{"line":27,"column":5}},"5":{"start":{"line":23,"column":20},"end":{"line":23,"column":48}},"6":{"start":{"line":24,"column":8},"end":{"line":24,"column":35}},"7":{"start":{"line":26,"column":8},"end":{"line":26,"column":44}},"8":{"start":{"line":31,"column":4},"end":{"line":31,"column":57}}},"fnMap":{"0":{"name":"(anonymous_0)","decl":{"start":{"line":7,"column":10},"end":{"line":7,"column":11}},"loc":{"start":{"line":7,"column":29},"end":{"line":19,"column":1}},"line":7},"1":{"name":"(anonymous_1)","decl":{"start":{"line":16,"column":10},"end":{"line":16,"column":11}},"loc":{"start":{"line":16,"column":19},"end":{"line":18,"column":5}},"line":16},"2":{"name":"getMovieSaga","decl":{"start":{"line":21,"column":17},"end":{"line":21,"column":29}},"loc":{"start":{"line":21,"column":43},"end":{"line":28,"column":1}},"line":21},"3":{"name":"watchGetMovie","decl":{"start":{"line":30,"column":17},"end":{"line":30,"column":30}},"loc":{"start":{"line":30,"column":33},"end":{"line":32,"column":1}},"line":30}},"branchMap":{},"s":{"0":9,"1":2,"2":2,"3":0,"4":2,"5":2,"6":0,"7":1,"8":8},"f":{"0":2,"1":0,"2":2,"3":8},"b":{},"_coverageSchema":"1a1c01bbd47fc00a2c39e90264f33305004495a9","hash":"859c9d0298ee65f93e284b51823004add3ee9f13"}
,"C:\\Users\\Tim_New\\Projects\\React_Training\\task3\\src\\Store\\Sagas\\index.js": {"path":"C:\\Users\\Tim_New\\Projects\\React_Training\\task3\\src\\Store\\Sagas\\index.js","statementMap":{"0":{"start":{"line":12,"column":4},"end":{"line":20,"column":7}}},"fnMap":{"0":{"name":"rootSaga","decl":{"start":{"line":11,"column":25},"end":{"line":11,"column":33}},"loc":{"start":{"line":11,"column":36},"end":{"line":21,"column":1}},"line":11}},"branchMap":{},"s":{"0":8},"f":{"0":8},"b":{},"_coverageSchema":"1a1c01bbd47fc00a2c39e90264f33305004495a9","hash":"f51ab089dd73bce5892a2713638097f054b148ac"}
,"C:\\Users\\Tim_New\\Projects\\React_Training\\task3\\src\\Store\\Sagas\\sagaActions.js": {"path":"C:\\Users\\Tim_New\\Projects\\React_Training\\task3\\src\\Store\\Sagas\\sagaActions.js","statementMap":{"0":{"start":{"line":1,"column":27},"end":{"line":9,"column":1}}},"fnMap":{},"branchMap":{},"s":{"0":9},"f":{},"b":{},"_coverageSchema":"1a1c01bbd47fc00a2c39e90264f33305004495a9","hash":"4591f7e3e4863a7df603003dbbab2a8fb4aca75f"}
,"C:\\Users\\Tim_New\\Projects\\React_Training\\task3\\src\\Store\\Sagas\\searchMovies.js": {"path":"C:\\Users\\Tim_New\\Projects\\React_Training\\task3\\src\\Store\\Sagas\\searchMovies.js","statementMap":{"0":{"start":{"line":7,"column":10},"end":{"line":22,"column":1}},"1":{"start":{"line":8,"column":15},"end":{"line":8,"column":30}},"2":{"start":{"line":9,"column":4},"end":{"line":21,"column":7}},"3":{"start":{"line":20,"column":8},"end":{"line":20,"column":29}},"4":{"start":{"line":25,"column":4},"end":{"line":30,"column":5}},"5":{"start":{"line":26,"column":20},"end":{"line":26,"column":48}},"6":{"start":{"line":27,"column":8},"end":{"line":27,"column":39}},"7":{"start":{"line":29,"column":8},"end":{"line":29,"column":44}},"8":{"start":{"line":34,"column":4},"end":{"line":34,"column":65}}},"fnMap":{"0":{"name":"(anonymous_0)","decl":{"start":{"line":7,"column":10},"end":{"line":7,"column":11}},"loc":{"start":{"line":7,"column":29},"end":{"line":22,"column":1}},"line":7},"1":{"name":"(anonymous_1)","decl":{"start":{"line":19,"column":12},"end":{"line":19,"column":13}},"loc":{"start":{"line":19,"column":21},"end":{"line":21,"column":5}},"line":19},"2":{"name":"searchMoviesSaga","decl":{"start":{"line":24,"column":17},"end":{"line":24,"column":33}},"loc":{"start":{"line":24,"column":47},"end":{"line":31,"column":1}},"line":24},"3":{"name":"watchMoviesSearch","decl":{"start":{"line":33,"column":17},"end":{"line":33,"column":34}},"loc":{"start":{"line":33,"column":37},"end":{"line":35,"column":1}},"line":33}},"branchMap":{},"s":{"0":9,"1":2,"2":2,"3":1,"4":2,"5":2,"6":1,"7":0,"8":8},"f":{"0":2,"1":1,"2":2,"3":8},"b":{},"_coverageSchema":"1a1c01bbd47fc00a2c39e90264f33305004495a9","hash":"e9fa0a275f1674297c6976937f94324e9f2a304f"}
,"C:\\Users\\Tim_New\\Projects\\React_Training\\task3\\src\\Store\\Slices\\movies.js": {"path":"C:\\Users\\Tim_New\\Projects\\React_Training\\task3\\src\\Store\\Slices\\movies.js","statementMap":{"0":{"start":{"line":3,"column":21},"end":{"line":6,"column":1}},"1":{"start":{"line":8,"column":20},"end":{"line":55,"column":2}},"2":{"start":{"line":13,"column":12},"end":{"line":13,"column":46}},"3":{"start":{"line":16,"column":31},"end":{"line":16,"column":45}},"4":{"start":{"line":18,"column":12},"end":{"line":20,"column":13}},"5":{"start":{"line":19,"column":16},"end":{"line":19,"column":53}},"6":{"start":{"line":22,"column":12},"end":{"line":27,"column":15}},"7":{"start":{"line":23,"column":16},"end":{"line":25,"column":17}},"8":{"start":{"line":24,"column":20},"end":{"line":24,"column":57}},"9":{"start":{"line":26,"column":16},"end":{"line":26,"column":29}},"10":{"start":{"line":30,"column":21},"end":{"line":30,"column":35}},"11":{"start":{"line":31,"column":12},"end":{"line":33,"column":15}},"12":{"start":{"line":32,"column":16},"end":{"line":32,"column":39}},"13":{"start":{"line":36,"column":12},"end":{"line":36,"column":49}},"14":{"start":{"line":39,"column":12},"end":{"line":39,"column":42}},"15":{"start":{"line":42,"column":12},"end":{"line":42,"column":42}},"16":{"start":{"line":45,"column":12},"end":{"line":45,"column":42}},"17":{"start":{"line":48,"column":24},"end":{"line":48,"column":38}},"18":{"start":{"line":49,"column":28},"end":{"line":49,"column":40}},"19":{"start":{"line":50,"column":12},"end":{"line":52,"column":14}},"20":{"start":{"line":51,"column":16},"end":{"line":51,"column":44}},"21":{"start":{"line":66,"column":4},"end":{"line":66,"column":23}}},"fnMap":{"0":{"name":"(anonymous_0)","decl":{"start":{"line":12,"column":18},"end":{"line":12,"column":19}},"loc":{"start":{"line":12,"column":37},"end":{"line":14,"column":9}},"line":12},"1":{"name":"(anonymous_1)","decl":{"start":{"line":15,"column":19},"end":{"line":15,"column":20}},"loc":{"start":{"line":15,"column":38},"end":{"line":28,"column":9}},"line":15},"2":{"name":"(anonymous_2)","decl":{"start":{"line":22,"column":44},"end":{"line":22,"column":45}},"loc":{"start":{"line":22,"column":55},"end":{"line":27,"column":13}},"line":22},"3":{"name":"(anonymous_3)","decl":{"start":{"line":29,"column":21},"end":{"line":29,"column":22}},"loc":{"start":{"line":29,"column":40},"end":{"line":34,"column":9}},"line":29},"4":{"name":"(anonymous_4)","decl":{"start":{"line":31,"column":47},"end":{"line":31,"column":48}},"loc":{"start":{"line":31,"column":58},"end":{"line":33,"column":13}},"line":31},"5":{"name":"(anonymous_5)","decl":{"start":{"line":35,"column":18},"end":{"line":35,"column":19}},"loc":{"start":{"line":35,"column":37},"end":{"line":37,"column":9}},"line":35},"6":{"name":"(anonymous_6)","decl":{"start":{"line":38,"column":21},"end":{"line":38,"column":22}},"loc":{"start":{"line":38,"column":40},"end":{"line":40,"column":9}},"line":38},"7":{"name":"(anonymous_7)","decl":{"start":{"line":41,"column":22},"end":{"line":41,"column":23}},"loc":{"start":{"line":41,"column":41},"end":{"line":43,"column":9}},"line":41},"8":{"name":"(anonymous_8)","decl":{"start":{"line":44,"column":22},"end":{"line":44,"column":23}},"loc":{"start":{"line":44,"column":41},"end":{"line":46,"column":9}},"line":44},"9":{"name":"(anonymous_9)","decl":{"start":{"line":47,"column":20},"end":{"line":47,"column":21}},"loc":{"start":{"line":47,"column":39},"end":{"line":53,"column":9}},"line":47},"10":{"name":"(anonymous_10)","decl":{"start":{"line":50,"column":42},"end":{"line":50,"column":43}},"loc":{"start":{"line":51,"column":16},"end":{"line":51,"column":44}},"line":51}},"branchMap":{"0":{"loc":{"start":{"line":18,"column":12},"end":{"line":20,"column":13}},"type":"if","locations":[{"start":{"line":18,"column":12},"end":{"line":20,"column":13}},{"start":{"line":18,"column":12},"end":{"line":20,"column":13}}],"line":18},"1":{"loc":{"start":{"line":23,"column":16},"end":{"line":25,"column":17}},"type":"if","locations":[{"start":{"line":23,"column":16},"end":{"line":25,"column":17}},{"start":{"line":23,"column":16},"end":{"line":25,"column":17}}],"line":23},"2":{"loc":{"start":{"line":51,"column":16},"end":{"line":51,"column":44}},"type":"cond-expr","locations":[{"start":{"line":51,"column":38},"end":{"line":51,"column":39}},{"start":{"line":51,"column":42},"end":{"line":51,"column":44}}],"line":51}},"s":{"0":10,"1":10,"2":1,"3":1,"4":1,"5":0,"6":1,"7":1,"8":1,"9":0,"10":1,"11":1,"12":1,"13":1,"14":2,"15":0,"16":1,"17":1,"18":1,"19":1,"20":1,"21":10},"f":{"0":1,"1":1,"2":1,"3":1,"4":1,"5":1,"6":2,"7":0,"8":1,"9":1,"10":1},"b":{"0":[0,1],"1":[1,0],"2":[0,1]},"_coverageSchema":"1a1c01bbd47fc00a2c39e90264f33305004495a9","hash":"a958c611dfd31435782d2f824a2824dacb11b18c"}
}
