{"C:\\Users\\Tim_New\\Projects\\React_Training\\ReactJSGlobalMentoring-Client\\src\\App.js": {"path":"C:\\Users\\Tim_New\\Projects\\React_Training\\ReactJSGlobalMentoring-Client\\src\\App.js","statementMap":{"0":{"start":{"line":15,"column":19},"end":{"line":15,"column":55}},"1":{"start":{"line":15,"column":42},"end":{"line":15,"column":54}},"2":{"start":{"line":16,"column":21},"end":{"line":16,"column":40}},"3":{"start":{"line":18,"column":4},"end":{"line":41,"column":6}}},"fnMap":{"0":{"name":"App","decl":{"start":{"line":14,"column":24},"end":{"line":14,"column":27}},"loc":{"start":{"line":14,"column":30},"end":{"line":42,"column":1}},"line":14},"1":{"name":"(anonymous_1)","decl":{"start":{"line":15,"column":31},"end":{"line":15,"column":32}},"loc":{"start":{"line":15,"column":42},"end":{"line":15,"column":54}},"line":15}},"branchMap":{"0":{"loc":{"start":{"line":25,"column":25},"end":{"line":25,"column":64}},"type":"cond-expr","locations":[{"start":{"line":25,"column":36},"end":{"line":25,"column":48}},{"start":{"line":25,"column":51},"end":{"line":25,"column":64}}],"line":25}},"s":{"0":1,"1":2,"2":1,"3":1},"f":{"0":1,"1":2},"b":{"0":[1,0]},"_coverageSchema":"1a1c01bbd47fc00a2c39e90264f33305004495a9","hash":"e35d5b120f6c5d348bcc27c38d38dab2255e8253"}
,"C:\\Users\\Tim_New\\Projects\\React_Training\\ReactJSGlobalMentoring-Client\\src\\i18n.js": {"path":"C:\\Users\\Tim_New\\Projects\\React_Training\\ReactJSGlobalMentoring-Client\\src\\i18n.js","statementMap":{"0":{"start":{"line":5,"column":0},"end":{"line":17,"column":3}}},"fnMap":{},"branchMap":{},"s":{"0":2},"f":{},"b":{},"_coverageSchema":"1a1c01bbd47fc00a2c39e90264f33305004495a9","hash":"45cc2544bb1e20ee803861ddc934a933b29284e2"}
,"C:\\Users\\Tim_New\\Projects\\React_Training\\ReactJSGlobalMentoring-Client\\src\\index.js": {"path":"C:\\Users\\Tim_New\\Projects\\React_Training\\ReactJSGlobalMentoring-Client\\src\\index.js","statementMap":{"0":{"start":{"line":12,"column":0},"end":{"line":19,"column":2}}},"fnMap":{},"branchMap":{},"s":{"0":0},"f":{},"b":{}}
,"C:\\Users\\Tim_New\\Projects\\React_Training\\ReactJSGlobalMentoring-Client\\src\\Components\\ErrorBoundary\\ErrorBoundary.js": {"path":"C:\\Users\\Tim_New\\Projects\\React_Training\\ReactJSGlobalMentoring-Client\\src\\Components\\ErrorBoundary\\ErrorBoundary.js","statementMap":{"0":{"start":{"line":8,"column":8},"end":{"line":8,"column":21}},"1":{"start":{"line":9,"column":8},"end":{"line":9,"column":41}},"2":{"start":{"line":13,"column":8},"end":{"line":13,"column":27}},"3":{"start":{"line":14,"column":8},"end":{"line":14,"column":34}},"4":{"start":{"line":18,"column":8},"end":{"line":21,"column":9}},"5":{"start":{"line":20,"column":12},"end":{"line":20,"column":54}},"6":{"start":{"line":23,"column":8},"end":{"line":23,"column":35}}},"fnMap":{"0":{"name":"(anonymous_0)","decl":{"start":{"line":7,"column":4},"end":{"line":7,"column":5}},"loc":{"start":{"line":7,"column":23},"end":{"line":10,"column":5}},"line":7},"1":{"name":"(anonymous_1)","decl":{"start":{"line":12,"column":4},"end":{"line":12,"column":5}},"loc":{"start":{"line":12,"column":43},"end":{"line":15,"column":5}},"line":12},"2":{"name":"(anonymous_2)","decl":{"start":{"line":17,"column":4},"end":{"line":17,"column":5}},"loc":{"start":{"line":17,"column":13},"end":{"line":24,"column":5}},"line":17}},"branchMap":{"0":{"loc":{"start":{"line":18,"column":8},"end":{"line":21,"column":9}},"type":"if","locations":[{"start":{"line":18,"column":8},"end":{"line":21,"column":9}},{"start":{"line":18,"column":8},"end":{"line":21,"column":9}}],"line":18}},"s":{"0":1,"1":1,"2":0,"3":0,"4":1,"5":0,"6":1},"f":{"0":1,"1":0,"2":1},"b":{"0":[0,1]},"_coverageSchema":"1a1c01bbd47fc00a2c39e90264f33305004495a9","hash":"3cdd1806a3d0c936e36f4ae4046a20990e0e7d19"}
,"C:\\Users\\Tim_New\\Projects\\React_Training\\ReactJSGlobalMentoring-Client\\src\\Components\\Footer\\Footer.js": {"path":"C:\\Users\\Tim_New\\Projects\\React_Training\\ReactJSGlobalMentoring-Client\\src\\Components\\Footer\\Footer.js","statementMap":{"0":{"start":{"line":9,"column":18},"end":{"line":9,"column":34}},"1":{"start":{"line":10,"column":18},"end":{"line":10,"column":50}},"2":{"start":{"line":12,"column":4},"end":{"line":19,"column":6}}},"fnMap":{"0":{"name":"Footer","decl":{"start":{"line":8,"column":24},"end":{"line":8,"column":30}},"loc":{"start":{"line":8,"column":33},"end":{"line":20,"column":1}},"line":8}},"branchMap":{},"s":{"0":1,"1":1,"2":1},"f":{"0":1},"b":{},"_coverageSchema":"1a1c01bbd47fc00a2c39e90264f33305004495a9","hash":"02259002f16ac9f1c7912b83ad005457d898c9c8"}
,"C:\\Users\\Tim_New\\Projects\\React_Training\\ReactJSGlobalMentoring-Client\\src\\Components\\Image\\Image.js": {"path":"C:\\Users\\Tim_New\\Projects\\React_Training\\ReactJSGlobalMentoring-Client\\src\\Components\\Image\\Image.js","statementMap":{"0":{"start":{"line":8,"column":8},"end":{"line":8,"column":79}},"1":{"start":{"line":10,"column":20},"end":{"line":12,"column":6}},"2":{"start":{"line":14,"column":4},"end":{"line":18,"column":6}}},"fnMap":{"0":{"name":"Image","decl":{"start":{"line":6,"column":24},"end":{"line":6,"column":29}},"loc":{"start":{"line":6,"column":55},"end":{"line":19,"column":1}},"line":6}},"branchMap":{"0":{"loc":{"start":{"line":8,"column":8},"end":{"line":8,"column":79}},"type":"cond-expr","locations":[{"start":{"line":8,"column":31},"end":{"line":8,"column":54}},{"start":{"line":8,"column":57},"end":{"line":8,"column":79}}],"line":8}},"s":{"0":5,"1":5,"2":0},"f":{"0":5},"b":{"0":[3,2]},"_coverageSchema":"1a1c01bbd47fc00a2c39e90264f33305004495a9","hash":"97ccfa78bd98a52f30aa0f4f014c3d12814eedb8"}
,"C:\\Users\\Tim_New\\Projects\\React_Training\\ReactJSGlobalMentoring-Client\\src\\Components\\Modals\\Dropdown.js": {"path":"C:\\Users\\Tim_New\\Projects\\React_Training\\ReactJSGlobalMentoring-Client\\src\\Components\\Modals\\Dropdown.js","statementMap":{"0":{"start":{"line":4,"column":34},"end":{"line":4,"column":49}},"1":{"start":{"line":6,"column":24},"end":{"line":8,"column":5}},"2":{"start":{"line":7,"column":8},"end":{"line":7,"column":29}},"3":{"start":{"line":10,"column":26},"end":{"line":10,"column":64}},"4":{"start":{"line":10,"column":39},"end":{"line":10,"column":64}},"5":{"start":{"line":12,"column":25},"end":{"line":24,"column":5}},"6":{"start":{"line":13,"column":8},"end":{"line":23,"column":16}},"7":{"start":{"line":26,"column":4},"end":{"line":40,"column":6}}},"fnMap":{"0":{"name":"Dropdown","decl":{"start":{"line":3,"column":24},"end":{"line":3,"column":32}},"loc":{"start":{"line":3,"column":69},"end":{"line":41,"column":1}},"line":3},"1":{"name":"(anonymous_1)","decl":{"start":{"line":6,"column":24},"end":{"line":6,"column":25}},"loc":{"start":{"line":6,"column":30},"end":{"line":8,"column":5}},"line":6},"2":{"name":"(anonymous_2)","decl":{"start":{"line":10,"column":26},"end":{"line":10,"column":27}},"loc":{"start":{"line":10,"column":39},"end":{"line":10,"column":64}},"line":10},"3":{"name":"(anonymous_3)","decl":{"start":{"line":12,"column":25},"end":{"line":12,"column":26}},"loc":{"start":{"line":13,"column":8},"end":{"line":23,"column":16}},"line":13}},"branchMap":{"0":{"loc":{"start":{"line":35,"column":23},"end":{"line":35,"column":77}},"type":"cond-expr","locations":[{"start":{"line":35,"column":33},"end":{"line":35,"column":55}},{"start":{"line":35,"column":58},"end":{"line":35,"column":77}}],"line":35}},"s":{"0":59,"1":59,"2":0,"3":59,"4":59,"5":59,"6":649,"7":59},"f":{"0":59,"1":0,"2":59,"3":649},"b":{"0":[0,59]},"_coverageSchema":"1a1c01bbd47fc00a2c39e90264f33305004495a9","hash":"b994eebdbd9d41df22609dbc57cb662e314b3d27"}
,"C:\\Users\\Tim_New\\Projects\\React_Training\\ReactJSGlobalMentoring-Client\\src\\Components\\Modals\\RootModal.js": {"path":"C:\\Users\\Tim_New\\Projects\\React_Training\\ReactJSGlobalMentoring-Client\\src\\Components\\Modals\\RootModal.js","statementMap":{"0":{"start":{"line":17,"column":21},"end":{"line":17,"column":34}},"1":{"start":{"line":19,"column":35},"end":{"line":19,"column":64}},"2":{"start":{"line":20,"column":28},"end":{"line":20,"column":59}},"3":{"start":{"line":22,"column":26},"end":{"line":38,"column":5}},"4":{"start":{"line":40,"column":21},"end":{"line":58,"column":5}},"5":{"start":{"line":41,"column":23},"end":{"line":41,"column":25}},"6":{"start":{"line":42,"column":8},"end":{"line":44,"column":9}},"7":{"start":{"line":43,"column":12},"end":{"line":43,"column":44}},"8":{"start":{"line":45,"column":8},"end":{"line":47,"column":9}},"9":{"start":{"line":46,"column":12},"end":{"line":46,"column":63}},"10":{"start":{"line":48,"column":8},"end":{"line":50,"column":9}},"11":{"start":{"line":49,"column":12},"end":{"line":49,"column":58}},"12":{"start":{"line":51,"column":8},"end":{"line":53,"column":9}},"13":{"start":{"line":52,"column":12},"end":{"line":52,"column":50}},"14":{"start":{"line":54,"column":8},"end":{"line":56,"column":9}},"15":{"start":{"line":55,"column":12},"end":{"line":55,"column":48}},"16":{"start":{"line":57,"column":8},"end":{"line":57,"column":22}},"17":{"start":{"line":60,"column":20},"end":{"line":71,"column":6}},"18":{"start":{"line":67,"column":12},"end":{"line":67,"column":29}},"19":{"start":{"line":68,"column":12},"end":{"line":68,"column":67}},"20":{"start":{"line":69,"column":12},"end":{"line":69,"column":25}},"21":{"start":{"line":73,"column":21},"end":{"line":84,"column":6}},"22":{"start":{"line":81,"column":12},"end":{"line":81,"column":68}},"23":{"start":{"line":82,"column":12},"end":{"line":82,"column":25}},"24":{"start":{"line":86,"column":24},"end":{"line":93,"column":5}},"25":{"start":{"line":87,"column":8},"end":{"line":87,"column":27}},"26":{"start":{"line":88,"column":8},"end":{"line":91,"column":11}},"27":{"start":{"line":92,"column":8},"end":{"line":92,"column":21}},"28":{"start":{"line":95,"column":23},"end":{"line":97,"column":5}},"29":{"start":{"line":96,"column":8},"end":{"line":96,"column":43}},"30":{"start":{"line":99,"column":28},"end":{"line":111,"column":5}},"31":{"start":{"line":100,"column":25},"end":{"line":100,"column":35}},"32":{"start":{"line":101,"column":8},"end":{"line":110,"column":9}},"33":{"start":{"line":103,"column":16},"end":{"line":103,"column":72}},"34":{"start":{"line":105,"column":16},"end":{"line":105,"column":74}},"35":{"start":{"line":107,"column":16},"end":{"line":107,"column":79}},"36":{"start":{"line":109,"column":16},"end":{"line":109,"column":49}},"37":{"start":{"line":113,"column":4},"end":{"line":113,"column":52}}},"fnMap":{"0":{"name":"Modal","decl":{"start":{"line":16,"column":24},"end":{"line":16,"column":29}},"loc":{"start":{"line":16,"column":32},"end":{"line":114,"column":1}},"line":16},"1":{"name":"(anonymous_1)","decl":{"start":{"line":40,"column":21},"end":{"line":40,"column":22}},"loc":{"start":{"line":40,"column":33},"end":{"line":58,"column":5}},"line":40},"2":{"name":"(anonymous_2)","decl":{"start":{"line":66,"column":18},"end":{"line":66,"column":19}},"loc":{"start":{"line":66,"column":30},"end":{"line":70,"column":9}},"line":66},"3":{"name":"(anonymous_3)","decl":{"start":{"line":80,"column":18},"end":{"line":80,"column":19}},"loc":{"start":{"line":80,"column":30},"end":{"line":83,"column":9}},"line":80},"4":{"name":"(anonymous_4)","decl":{"start":{"line":86,"column":24},"end":{"line":86,"column":25}},"loc":{"start":{"line":86,"column":31},"end":{"line":93,"column":5}},"line":86},"5":{"name":"(anonymous_5)","decl":{"start":{"line":95,"column":23},"end":{"line":95,"column":24}},"loc":{"start":{"line":95,"column":29},"end":{"line":97,"column":5}},"line":95},"6":{"name":"(anonymous_6)","decl":{"start":{"line":99,"column":28},"end":{"line":99,"column":29}},"loc":{"start":{"line":99,"column":34},"end":{"line":111,"column":5}},"line":99}},"branchMap":{"0":{"loc":{"start":{"line":24,"column":15},"end":{"line":24,"column":43}},"type":"binary-expr","locations":[{"start":{"line":24,"column":15},"end":{"line":24,"column":37}},{"start":{"line":24,"column":41},"end":{"line":24,"column":43}}],"line":24},"1":{"loc":{"start":{"line":25,"column":17},"end":{"line":25,"column":57}},"type":"binary-expr","locations":[{"start":{"line":25,"column":17},"end":{"line":25,"column":41}},{"start":{"line":25,"column":45},"end":{"line":25,"column":57}}],"line":25},"2":{"loc":{"start":{"line":26,"column":22},"end":{"line":26,"column":56}},"type":"binary-expr","locations":[{"start":{"line":26,"column":22},"end":{"line":26,"column":51}},{"start":{"line":26,"column":55},"end":{"line":26,"column":56}}],"line":26},"3":{"loc":{"start":{"line":27,"column":20},"end":{"line":27,"column":52}},"type":"binary-expr","locations":[{"start":{"line":27,"column":20},"end":{"line":27,"column":47}},{"start":{"line":27,"column":51},"end":{"line":27,"column":52}}],"line":27},"4":{"loc":{"start":{"line":28,"column":16},"end":{"line":28,"column":45}},"type":"binary-expr","locations":[{"start":{"line":28,"column":16},"end":{"line":28,"column":39}},{"start":{"line":28,"column":43},"end":{"line":28,"column":45}}],"line":28},"5":{"loc":{"start":{"line":29,"column":22},"end":{"line":29,"column":57}},"type":"binary-expr","locations":[{"start":{"line":29,"column":22},"end":{"line":29,"column":51}},{"start":{"line":29,"column":55},"end":{"line":29,"column":57}}],"line":29},"6":{"loc":{"start":{"line":30,"column":18},"end":{"line":30,"column":49}},"type":"binary-expr","locations":[{"start":{"line":30,"column":18},"end":{"line":30,"column":43}},{"start":{"line":30,"column":47},"end":{"line":30,"column":49}}],"line":30},"7":{"loc":{"start":{"line":31,"column":16},"end":{"line":31,"column":44}},"type":"binary-expr","locations":[{"start":{"line":31,"column":16},"end":{"line":31,"column":39}},{"start":{"line":31,"column":43},"end":{"line":31,"column":44}}],"line":31},"8":{"loc":{"start":{"line":32,"column":17},"end":{"line":32,"column":46}},"type":"binary-expr","locations":[{"start":{"line":32,"column":17},"end":{"line":32,"column":41}},{"start":{"line":32,"column":45},"end":{"line":32,"column":46}}],"line":32},"9":{"loc":{"start":{"line":33,"column":17},"end":{"line":33,"column":46}},"type":"binary-expr","locations":[{"start":{"line":33,"column":17},"end":{"line":33,"column":41}},{"start":{"line":33,"column":45},"end":{"line":33,"column":46}}],"line":33},"10":{"loc":{"start":{"line":34,"column":13},"end":{"line":34,"column":39}},"type":"binary-expr","locations":[{"start":{"line":34,"column":13},"end":{"line":34,"column":33}},{"start":{"line":34,"column":37},"end":{"line":34,"column":39}}],"line":34},"11":{"loc":{"start":{"line":36,"column":12},"end":{"line":37,"column":84}},"type":"binary-expr","locations":[{"start":{"line":36,"column":12},"end":{"line":36,"column":40}},{"start":{"line":37,"column":12},"end":{"line":37,"column":84}}],"line":36},"12":{"loc":{"start":{"line":42,"column":8},"end":{"line":44,"column":9}},"type":"if","locations":[{"start":{"line":42,"column":8},"end":{"line":44,"column":9}},{"start":{"line":42,"column":8},"end":{"line":44,"column":9}}],"line":42},"13":{"loc":{"start":{"line":45,"column":8},"end":{"line":47,"column":9}},"type":"if","locations":[{"start":{"line":45,"column":8},"end":{"line":47,"column":9}},{"start":{"line":45,"column":8},"end":{"line":47,"column":9}}],"line":45},"14":{"loc":{"start":{"line":48,"column":8},"end":{"line":50,"column":9}},"type":"if","locations":[{"start":{"line":48,"column":8},"end":{"line":50,"column":9}},{"start":{"line":48,"column":8},"end":{"line":50,"column":9}}],"line":48},"15":{"loc":{"start":{"line":51,"column":8},"end":{"line":53,"column":9}},"type":"if","locations":[{"start":{"line":51,"column":8},"end":{"line":53,"column":9}},{"start":{"line":51,"column":8},"end":{"line":53,"column":9}}],"line":51},"16":{"loc":{"start":{"line":54,"column":8},"end":{"line":56,"column":9}},"type":"if","locations":[{"start":{"line":54,"column":8},"end":{"line":56,"column":9}},{"start":{"line":54,"column":8},"end":{"line":56,"column":9}}],"line":54},"17":{"loc":{"start":{"line":101,"column":8},"end":{"line":110,"column":9}},"type":"switch","locations":[{"start":{"line":102,"column":12},"end":{"line":103,"column":72}},{"start":{"line":104,"column":12},"end":{"line":105,"column":74}},{"start":{"line":106,"column":12},"end":{"line":107,"column":79}},{"start":{"line":108,"column":12},"end":{"line":109,"column":49}}],"line":101},"18":{"loc":{"start":{"line":113,"column":14},"end":{"line":113,"column":47}},"type":"cond-expr","locations":[{"start":{"line":113,"column":23},"end":{"line":113,"column":40}},{"start":{"line":113,"column":43},"end":{"line":113,"column":47}}],"line":113}},"s":{"0":64,"1":63,"2":63,"3":63,"4":63,"5":2,"6":2,"7":2,"8":2,"9":1,"10":2,"11":2,"12":2,"13":2,"14":2,"15":2,"16":2,"17":63,"18":0,"19":0,"20":0,"21":63,"22":0,"23":0,"24":63,"25":0,"26":0,"27":0,"28":63,"29":0,"30":63,"31":61,"32":61,"33":26,"34":33,"35":2,"36":0,"37":63},"f":{"0":64,"1":2,"2":0,"3":0,"4":0,"5":0,"6":61},"b":{"0":[63,30],"1":[63,63],"2":[63,30],"3":[63,30],"4":[63,30],"5":[63,30],"6":[63,63],"7":[63,30],"8":[63,30],"9":[63,30],"10":[63,63],"11":[63,30],"12":[2,0],"13":[1,1],"14":[2,0],"15":[2,0],"16":[2,0],"17":[26,33,2,0],"18":[61,2]},"_coverageSchema":"1a1c01bbd47fc00a2c39e90264f33305004495a9","hash":"9c6699f1760998358421bb0baeaf4c14c1cd40c0"}
,"C:\\Users\\Tim_New\\Projects\\React_Training\\ReactJSGlobalMentoring-Client\\src\\Components\\Modals\\AddMovie\\AddMovie.js": {"path":"C:\\Users\\Tim_New\\Projects\\React_Training\\ReactJSGlobalMentoring-Client\\src\\Components\\Modals\\AddMovie\\AddMovie.js","statementMap":{"0":{"start":{"line":12,"column":18},"end":{"line":12,"column":34}},"1":{"start":{"line":14,"column":25},"end":{"line":27,"column":5}},"2":{"start":{"line":16,"column":26},"end":{"line":16,"column":34}},"3":{"start":{"line":17,"column":27},"end":{"line":17,"column":40}},"4":{"start":{"line":20,"column":8},"end":{"line":24,"column":9}},"5":{"start":{"line":21,"column":12},"end":{"line":21,"column":64}},"6":{"start":{"line":21,"column":48},"end":{"line":21,"column":62}},"7":{"start":{"line":23,"column":12},"end":{"line":23,"column":43}},"8":{"start":{"line":26,"column":8},"end":{"line":26,"column":50}},"9":{"start":{"line":29,"column":24},"end":{"line":50,"column":5}},"10":{"start":{"line":30,"column":8},"end":{"line":49,"column":10}},"11":{"start":{"line":52,"column":30},"end":{"line":74,"column":5}},"12":{"start":{"line":53,"column":8},"end":{"line":73,"column":10}},"13":{"start":{"line":76,"column":22},"end":{"line":95,"column":5}},"14":{"start":{"line":77,"column":8},"end":{"line":94,"column":10}},"15":{"start":{"line":97,"column":25},"end":{"line":115,"column":5}},"16":{"start":{"line":98,"column":8},"end":{"line":114,"column":10}},"17":{"start":{"line":117,"column":27},"end":{"line":138,"column":5}},"18":{"start":{"line":118,"column":8},"end":{"line":137,"column":10}},"19":{"start":{"line":140,"column":26},"end":{"line":163,"column":5}},"20":{"start":{"line":141,"column":8},"end":{"line":162,"column":10}},"21":{"start":{"line":165,"column":30},"end":{"line":175,"column":5}},"22":{"start":{"line":166,"column":8},"end":{"line":174,"column":10}},"23":{"start":{"line":177,"column":26},"end":{"line":196,"column":5}},"24":{"start":{"line":178,"column":8},"end":{"line":195,"column":10}},"25":{"start":{"line":198,"column":23},"end":{"line":211,"column":5}},"26":{"start":{"line":199,"column":8},"end":{"line":210,"column":10}},"27":{"start":{"line":213,"column":4},"end":{"line":220,"column":6}}},"fnMap":{"0":{"name":"AddMovie","decl":{"start":{"line":11,"column":24},"end":{"line":11,"column":32}},"loc":{"start":{"line":11,"column":52},"end":{"line":221,"column":1}},"line":11},"1":{"name":"(anonymous_1)","decl":{"start":{"line":14,"column":25},"end":{"line":14,"column":26}},"loc":{"start":{"line":14,"column":32},"end":{"line":27,"column":5}},"line":14},"2":{"name":"(anonymous_2)","decl":{"start":{"line":21,"column":38},"end":{"line":21,"column":39}},"loc":{"start":{"line":21,"column":48},"end":{"line":21,"column":62}},"line":21},"3":{"name":"(anonymous_3)","decl":{"start":{"line":29,"column":24},"end":{"line":29,"column":25}},"loc":{"start":{"line":29,"column":30},"end":{"line":50,"column":5}},"line":29},"4":{"name":"(anonymous_4)","decl":{"start":{"line":52,"column":30},"end":{"line":52,"column":31}},"loc":{"start":{"line":52,"column":36},"end":{"line":74,"column":5}},"line":52},"5":{"name":"(anonymous_5)","decl":{"start":{"line":76,"column":22},"end":{"line":76,"column":23}},"loc":{"start":{"line":76,"column":28},"end":{"line":95,"column":5}},"line":76},"6":{"name":"(anonymous_6)","decl":{"start":{"line":97,"column":25},"end":{"line":97,"column":26}},"loc":{"start":{"line":97,"column":31},"end":{"line":115,"column":5}},"line":97},"7":{"name":"(anonymous_7)","decl":{"start":{"line":117,"column":27},"end":{"line":117,"column":28}},"loc":{"start":{"line":117,"column":33},"end":{"line":138,"column":5}},"line":117},"8":{"name":"(anonymous_8)","decl":{"start":{"line":140,"column":26},"end":{"line":140,"column":27}},"loc":{"start":{"line":140,"column":32},"end":{"line":163,"column":5}},"line":140},"9":{"name":"(anonymous_9)","decl":{"start":{"line":165,"column":30},"end":{"line":165,"column":31}},"loc":{"start":{"line":165,"column":36},"end":{"line":175,"column":5}},"line":165},"10":{"name":"(anonymous_10)","decl":{"start":{"line":177,"column":26},"end":{"line":177,"column":27}},"loc":{"start":{"line":177,"column":32},"end":{"line":196,"column":5}},"line":177},"11":{"name":"(anonymous_11)","decl":{"start":{"line":198,"column":23},"end":{"line":198,"column":24}},"loc":{"start":{"line":198,"column":29},"end":{"line":211,"column":5}},"line":198}},"branchMap":{"0":{"loc":{"start":{"line":20,"column":8},"end":{"line":24,"column":9}},"type":"if","locations":[{"start":{"line":20,"column":8},"end":{"line":24,"column":9}},{"start":{"line":20,"column":8},"end":{"line":24,"column":9}}],"line":20},"1":{"loc":{"start":{"line":43,"column":17},"end":{"line":47,"column":24}},"type":"cond-expr","locations":[{"start":{"line":44,"column":20},"end":{"line":46,"column":27}},{"start":{"line":47,"column":20},"end":{"line":47,"column":24}}],"line":43},"2":{"loc":{"start":{"line":67,"column":17},"end":{"line":71,"column":24}},"type":"cond-expr","locations":[{"start":{"line":68,"column":20},"end":{"line":70,"column":27}},{"start":{"line":71,"column":20},"end":{"line":71,"column":24}}],"line":67},"3":{"loc":{"start":{"line":90,"column":17},"end":{"line":92,"column":24}},"type":"cond-expr","locations":[{"start":{"line":91,"column":20},"end":{"line":91,"column":80}},{"start":{"line":92,"column":20},"end":{"line":92,"column":24}}],"line":90},"4":{"loc":{"start":{"line":108,"column":17},"end":{"line":112,"column":24}},"type":"cond-expr","locations":[{"start":{"line":109,"column":20},"end":{"line":111,"column":27}},{"start":{"line":112,"column":20},"end":{"line":112,"column":24}}],"line":108},"5":{"loc":{"start":{"line":131,"column":17},"end":{"line":135,"column":24}},"type":"cond-expr","locations":[{"start":{"line":132,"column":20},"end":{"line":134,"column":27}},{"start":{"line":135,"column":20},"end":{"line":135,"column":24}}],"line":131},"6":{"loc":{"start":{"line":156,"column":17},"end":{"line":160,"column":24}},"type":"cond-expr","locations":[{"start":{"line":157,"column":20},"end":{"line":159,"column":27}},{"start":{"line":160,"column":20},"end":{"line":160,"column":24}}],"line":156}},"s":{"0":26,"1":26,"2":0,"3":0,"4":0,"5":0,"6":0,"7":0,"8":0,"9":26,"10":26,"11":26,"12":26,"13":26,"14":26,"15":26,"16":26,"17":26,"18":26,"19":26,"20":26,"21":26,"22":26,"23":26,"24":26,"25":26,"26":26,"27":26},"f":{"0":26,"1":0,"2":0,"3":26,"4":26,"5":26,"6":26,"7":26,"8":26,"9":26,"10":26,"11":26},"b":{"0":[0,0],"1":[2,24],"2":[2,24],"3":[0,26],"4":[2,24],"5":[2,24],"6":[2,24]},"_coverageSchema":"1a1c01bbd47fc00a2c39e90264f33305004495a9","hash":"d66b84fe29d89ed7b1e31c37f2790d4becc7f6bb"}
,"C:\\Users\\Tim_New\\Projects\\React_Training\\ReactJSGlobalMentoring-Client\\src\\Components\\Modals\\DeleteMovie\\DeleteMovie.js": {"path":"C:\\Users\\Tim_New\\Projects\\React_Training\\ReactJSGlobalMentoring-Client\\src\\Components\\Modals\\DeleteMovie\\DeleteMovie.js","statementMap":{"0":{"start":{"line":9,"column":18},"end":{"line":9,"column":34}},"1":{"start":{"line":10,"column":4},"end":{"line":30,"column":6}}},"fnMap":{"0":{"name":"DeleteMovie","decl":{"start":{"line":8,"column":24},"end":{"line":8,"column":35}},"loc":{"start":{"line":8,"column":55},"end":{"line":31,"column":1}},"line":8}},"branchMap":{},"s":{"0":2,"1":2},"f":{"0":2},"b":{},"_coverageSchema":"1a1c01bbd47fc00a2c39e90264f33305004495a9","hash":"ac31a356d518ef8759a8078dad5eb01073b3846f"}
,"C:\\Users\\Tim_New\\Projects\\React_Training\\ReactJSGlobalMentoring-Client\\src\\Components\\Modals\\EditMovie\\EditMovie.js": {"path":"C:\\Users\\Tim_New\\Projects\\React_Training\\ReactJSGlobalMentoring-Client\\src\\Components\\Modals\\EditMovie\\EditMovie.js","statementMap":{"0":{"start":{"line":12,"column":18},"end":{"line":12,"column":34}},"1":{"start":{"line":14,"column":25},"end":{"line":27,"column":5}},"2":{"start":{"line":16,"column":26},"end":{"line":16,"column":34}},"3":{"start":{"line":17,"column":27},"end":{"line":17,"column":40}},"4":{"start":{"line":20,"column":8},"end":{"line":24,"column":9}},"5":{"start":{"line":21,"column":12},"end":{"line":21,"column":64}},"6":{"start":{"line":21,"column":48},"end":{"line":21,"column":62}},"7":{"start":{"line":23,"column":12},"end":{"line":23,"column":43}},"8":{"start":{"line":26,"column":8},"end":{"line":26,"column":50}},"9":{"start":{"line":29,"column":26},"end":{"line":42,"column":5}},"10":{"start":{"line":30,"column":8},"end":{"line":41,"column":10}},"11":{"start":{"line":44,"column":24},"end":{"line":64,"column":5}},"12":{"start":{"line":45,"column":8},"end":{"line":63,"column":10}},"13":{"start":{"line":66,"column":30},"end":{"line":87,"column":5}},"14":{"start":{"line":67,"column":8},"end":{"line":86,"column":10}},"15":{"start":{"line":89,"column":22},"end":{"line":107,"column":5}},"16":{"start":{"line":90,"column":8},"end":{"line":106,"column":10}},"17":{"start":{"line":109,"column":25},"end":{"line":127,"column":5}},"18":{"start":{"line":110,"column":8},"end":{"line":126,"column":10}},"19":{"start":{"line":129,"column":27},"end":{"line":149,"column":5}},"20":{"start":{"line":130,"column":8},"end":{"line":148,"column":10}},"21":{"start":{"line":151,"column":26},"end":{"line":173,"column":5}},"22":{"start":{"line":152,"column":8},"end":{"line":172,"column":10}},"23":{"start":{"line":175,"column":30},"end":{"line":185,"column":5}},"24":{"start":{"line":176,"column":8},"end":{"line":184,"column":10}},"25":{"start":{"line":187,"column":26},"end":{"line":206,"column":5}},"26":{"start":{"line":188,"column":8},"end":{"line":205,"column":10}},"27":{"start":{"line":208,"column":23},"end":{"line":222,"column":5}},"28":{"start":{"line":209,"column":8},"end":{"line":221,"column":10}},"29":{"start":{"line":224,"column":4},"end":{"line":231,"column":6}}},"fnMap":{"0":{"name":"EditMovie","decl":{"start":{"line":11,"column":24},"end":{"line":11,"column":33}},"loc":{"start":{"line":11,"column":53},"end":{"line":232,"column":1}},"line":11},"1":{"name":"(anonymous_1)","decl":{"start":{"line":14,"column":25},"end":{"line":14,"column":26}},"loc":{"start":{"line":14,"column":32},"end":{"line":27,"column":5}},"line":14},"2":{"name":"(anonymous_2)","decl":{"start":{"line":21,"column":38},"end":{"line":21,"column":39}},"loc":{"start":{"line":21,"column":48},"end":{"line":21,"column":62}},"line":21},"3":{"name":"(anonymous_3)","decl":{"start":{"line":29,"column":26},"end":{"line":29,"column":27}},"loc":{"start":{"line":29,"column":32},"end":{"line":42,"column":5}},"line":29},"4":{"name":"(anonymous_4)","decl":{"start":{"line":44,"column":24},"end":{"line":44,"column":25}},"loc":{"start":{"line":44,"column":30},"end":{"line":64,"column":5}},"line":44},"5":{"name":"(anonymous_5)","decl":{"start":{"line":66,"column":30},"end":{"line":66,"column":31}},"loc":{"start":{"line":66,"column":36},"end":{"line":87,"column":5}},"line":66},"6":{"name":"(anonymous_6)","decl":{"start":{"line":89,"column":22},"end":{"line":89,"column":23}},"loc":{"start":{"line":89,"column":28},"end":{"line":107,"column":5}},"line":89},"7":{"name":"(anonymous_7)","decl":{"start":{"line":109,"column":25},"end":{"line":109,"column":26}},"loc":{"start":{"line":109,"column":31},"end":{"line":127,"column":5}},"line":109},"8":{"name":"(anonymous_8)","decl":{"start":{"line":129,"column":27},"end":{"line":129,"column":28}},"loc":{"start":{"line":129,"column":33},"end":{"line":149,"column":5}},"line":129},"9":{"name":"(anonymous_9)","decl":{"start":{"line":151,"column":26},"end":{"line":151,"column":27}},"loc":{"start":{"line":151,"column":32},"end":{"line":173,"column":5}},"line":151},"10":{"name":"(anonymous_10)","decl":{"start":{"line":175,"column":30},"end":{"line":175,"column":31}},"loc":{"start":{"line":175,"column":36},"end":{"line":185,"column":5}},"line":175},"11":{"name":"(anonymous_11)","decl":{"start":{"line":187,"column":26},"end":{"line":187,"column":27}},"loc":{"start":{"line":187,"column":32},"end":{"line":206,"column":5}},"line":187},"12":{"name":"(anonymous_12)","decl":{"start":{"line":208,"column":23},"end":{"line":208,"column":24}},"loc":{"start":{"line":208,"column":29},"end":{"line":222,"column":5}},"line":208}},"branchMap":{"0":{"loc":{"start":{"line":20,"column":8},"end":{"line":24,"column":9}},"type":"if","locations":[{"start":{"line":20,"column":8},"end":{"line":24,"column":9}},{"start":{"line":20,"column":8},"end":{"line":24,"column":9}}],"line":20},"1":{"loc":{"start":{"line":57,"column":17},"end":{"line":61,"column":24}},"type":"cond-expr","locations":[{"start":{"line":58,"column":20},"end":{"line":60,"column":27}},{"start":{"line":61,"column":20},"end":{"line":61,"column":24}}],"line":57},"2":{"loc":{"start":{"line":80,"column":17},"end":{"line":84,"column":24}},"type":"cond-expr","locations":[{"start":{"line":81,"column":20},"end":{"line":83,"column":27}},{"start":{"line":84,"column":20},"end":{"line":84,"column":24}}],"line":80},"3":{"loc":{"start":{"line":102,"column":17},"end":{"line":104,"column":24}},"type":"cond-expr","locations":[{"start":{"line":103,"column":20},"end":{"line":103,"column":80}},{"start":{"line":104,"column":20},"end":{"line":104,"column":24}}],"line":102},"4":{"loc":{"start":{"line":120,"column":17},"end":{"line":124,"column":24}},"type":"cond-expr","locations":[{"start":{"line":121,"column":20},"end":{"line":123,"column":27}},{"start":{"line":124,"column":20},"end":{"line":124,"column":24}}],"line":120},"5":{"loc":{"start":{"line":142,"column":17},"end":{"line":146,"column":24}},"type":"cond-expr","locations":[{"start":{"line":143,"column":20},"end":{"line":145,"column":27}},{"start":{"line":146,"column":20},"end":{"line":146,"column":24}}],"line":142},"6":{"loc":{"start":{"line":166,"column":17},"end":{"line":170,"column":24}},"type":"cond-expr","locations":[{"start":{"line":167,"column":20},"end":{"line":169,"column":27}},{"start":{"line":170,"column":20},"end":{"line":170,"column":24}}],"line":166}},"s":{"0":33,"1":33,"2":0,"3":0,"4":0,"5":0,"6":0,"7":0,"8":0,"9":33,"10":33,"11":33,"12":33,"13":33,"14":33,"15":33,"16":33,"17":33,"18":33,"19":33,"20":33,"21":33,"22":33,"23":33,"24":33,"25":33,"26":33,"27":33,"28":33,"29":33},"f":{"0":33,"1":0,"2":0,"3":33,"4":33,"5":33,"6":33,"7":33,"8":33,"9":33,"10":33,"11":33,"12":33},"b":{"0":[0,0],"1":[2,31],"2":[2,31],"3":[0,33],"4":[0,33],"5":[2,31],"6":[2,31]},"_coverageSchema":"1a1c01bbd47fc00a2c39e90264f33305004495a9","hash":"446083f88f4d8ec0cb7cd5c03fa588a008ae891b"}
,"C:\\Users\\Tim_New\\Projects\\React_Training\\ReactJSGlobalMentoring-Client\\src\\Components\\MovieDetails\\MovieDetails.js": {"path":"C:\\Users\\Tim_New\\Projects\\React_Training\\ReactJSGlobalMentoring-Client\\src\\Components\\MovieDetails\\MovieDetails.js","statementMap":{"0":{"start":{"line":13,"column":21},"end":{"line":13,"column":34}},"1":{"start":{"line":14,"column":25},"end":{"line":14,"column":68}},"2":{"start":{"line":14,"column":48},"end":{"line":14,"column":67}},"3":{"start":{"line":16,"column":30},"end":{"line":16,"column":59}},"4":{"start":{"line":18,"column":4},"end":{"line":20,"column":13}},"5":{"start":{"line":19,"column":8},"end":{"line":19,"column":59}},"6":{"start":{"line":22,"column":4},"end":{"line":24,"column":23}},"7":{"start":{"line":23,"column":8},"end":{"line":23,"column":38}},"8":{"start":{"line":27,"column":8},"end":{"line":29,"column":18}},"9":{"start":{"line":31,"column":4},"end":{"line":72,"column":6}}},"fnMap":{"0":{"name":"MovieDetails","decl":{"start":{"line":12,"column":24},"end":{"line":12,"column":36}},"loc":{"start":{"line":12,"column":45},"end":{"line":73,"column":1}},"line":12},"1":{"name":"(anonymous_1)","decl":{"start":{"line":14,"column":37},"end":{"line":14,"column":38}},"loc":{"start":{"line":14,"column":48},"end":{"line":14,"column":67}},"line":14},"2":{"name":"(anonymous_2)","decl":{"start":{"line":18,"column":20},"end":{"line":18,"column":21}},"loc":{"start":{"line":18,"column":26},"end":{"line":20,"column":5}},"line":18},"3":{"name":"(anonymous_3)","decl":{"start":{"line":22,"column":20},"end":{"line":22,"column":21}},"loc":{"start":{"line":22,"column":26},"end":{"line":24,"column":5}},"line":22}},"branchMap":{"0":{"loc":{"start":{"line":27,"column":8},"end":{"line":29,"column":18}},"type":"cond-expr","locations":[{"start":{"line":28,"column":14},"end":{"line":28,"column":48}},{"start":{"line":29,"column":14},"end":{"line":29,"column":18}}],"line":27}},"s":{"0":2,"1":2,"2":4,"3":2,"4":2,"5":1,"6":2,"7":1,"8":2,"9":2},"f":{"0":2,"1":4,"2":1,"3":1},"b":{"0":[0,2]},"_coverageSchema":"1a1c01bbd47fc00a2c39e90264f33305004495a9","hash":"5440353cbd2de93bd63868465e4782d68f8f4299"}
,"C:\\Users\\Tim_New\\Projects\\React_Training\\ReactJSGlobalMentoring-Client\\src\\Components\\MovieDetails\\Header\\Header.js": {"path":"C:\\Users\\Tim_New\\Projects\\React_Training\\ReactJSGlobalMentoring-Client\\src\\Components\\MovieDetails\\Header\\Header.js","statementMap":{"0":{"start":{"line":15,"column":18},"end":{"line":15,"column":34}},"1":{"start":{"line":16,"column":19},"end":{"line":16,"column":30}},"2":{"start":{"line":17,"column":20},"end":{"line":17,"column":32}},"3":{"start":{"line":18,"column":28},"end":{"line":18,"column":59}},"4":{"start":{"line":19,"column":32},"end":{"line":19,"column":47}},"5":{"start":{"line":21,"column":4},"end":{"line":26,"column":13}},"6":{"start":{"line":22,"column":21},"end":{"line":22,"column":60}},"7":{"start":{"line":23,"column":8},"end":{"line":25,"column":9}},"8":{"start":{"line":24,"column":12},"end":{"line":24,"column":28}},"9":{"start":{"line":28,"column":32},"end":{"line":30,"column":5}},"10":{"start":{"line":29,"column":8},"end":{"line":29,"column":75}},"11":{"start":{"line":32,"column":26},"end":{"line":34,"column":5}},"12":{"start":{"line":33,"column":8},"end":{"line":33,"column":25}},"13":{"start":{"line":36,"column":18},"end":{"line":36,"column":50}},"14":{"start":{"line":38,"column":4},"end":{"line":67,"column":6}}},"fnMap":{"0":{"name":"Header","decl":{"start":{"line":14,"column":24},"end":{"line":14,"column":30}},"loc":{"start":{"line":14,"column":33},"end":{"line":68,"column":1}},"line":14},"1":{"name":"(anonymous_1)","decl":{"start":{"line":21,"column":14},"end":{"line":21,"column":15}},"loc":{"start":{"line":21,"column":20},"end":{"line":26,"column":5}},"line":21},"2":{"name":"(anonymous_2)","decl":{"start":{"line":28,"column":32},"end":{"line":28,"column":33}},"loc":{"start":{"line":28,"column":38},"end":{"line":30,"column":5}},"line":28},"3":{"name":"(anonymous_3)","decl":{"start":{"line":32,"column":26},"end":{"line":32,"column":27}},"loc":{"start":{"line":32,"column":32},"end":{"line":34,"column":5}},"line":32}},"branchMap":{"0":{"loc":{"start":{"line":23,"column":8},"end":{"line":25,"column":9}},"type":"if","locations":[{"start":{"line":23,"column":8},"end":{"line":25,"column":9}},{"start":{"line":23,"column":8},"end":{"line":25,"column":9}}],"line":23},"1":{"loc":{"start":{"line":50,"column":21},"end":{"line":62,"column":21}},"type":"cond-expr","locations":[{"start":{"line":51,"column":24},"end":{"line":54,"column":26}},{"start":{"line":56,"column":24},"end":{"line":61,"column":33}}],"line":50},"2":{"loc":{"start":{"line":64,"column":17},"end":{"line":64,"column":63}},"type":"cond-expr","locations":[{"start":{"line":64,"column":26},"end":{"line":64,"column":50}},{"start":{"line":64,"column":53},"end":{"line":64,"column":63}}],"line":64}},"s":{"0":3,"1":3,"2":3,"3":3,"4":3,"5":3,"6":3,"7":3,"8":0,"9":3,"10":0,"11":3,"12":0,"13":3,"14":3},"f":{"0":3,"1":3,"2":0,"3":0},"b":{"0":[0,3],"1":[0,3],"2":[0,3]},"_coverageSchema":"1a1c01bbd47fc00a2c39e90264f33305004495a9","hash":"146b5b0e87830b5f2f2ed4ec486e9c116be796e6"}
,"C:\\Users\\Tim_New\\Projects\\React_Training\\ReactJSGlobalMentoring-Client\\src\\Components\\MovieDetails\\Header\\Search.js": {"path":"C:\\Users\\Tim_New\\Projects\\React_Training\\ReactJSGlobalMentoring-Client\\src\\Components\\MovieDetails\\Header\\Search.js","statementMap":{"0":{"start":{"line":9,"column":18},"end":{"line":9,"column":34}},"1":{"start":{"line":10,"column":28},"end":{"line":10,"column":40}},"2":{"start":{"line":11,"column":20},"end":{"line":11,"column":32}},"3":{"start":{"line":13,"column":26},"end":{"line":17,"column":5}},"4":{"start":{"line":14,"column":8},"end":{"line":16,"column":9}},"5":{"start":{"line":15,"column":12},"end":{"line":15,"column":27}},"6":{"start":{"line":19,"column":25},"end":{"line":21,"column":5}},"7":{"start":{"line":20,"column":8},"end":{"line":20,"column":40}},"8":{"start":{"line":23,"column":25},"end":{"line":25,"column":5}},"9":{"start":{"line":24,"column":8},"end":{"line":24,"column":32}},"10":{"start":{"line":27,"column":4},"end":{"line":46,"column":6}}},"fnMap":{"0":{"name":"Search","decl":{"start":{"line":8,"column":24},"end":{"line":8,"column":30}},"loc":{"start":{"line":8,"column":33},"end":{"line":47,"column":1}},"line":8},"1":{"name":"(anonymous_1)","decl":{"start":{"line":13,"column":26},"end":{"line":13,"column":27}},"loc":{"start":{"line":13,"column":33},"end":{"line":17,"column":5}},"line":13},"2":{"name":"(anonymous_2)","decl":{"start":{"line":19,"column":25},"end":{"line":19,"column":26}},"loc":{"start":{"line":19,"column":31},"end":{"line":21,"column":5}},"line":19},"3":{"name":"(anonymous_3)","decl":{"start":{"line":23,"column":25},"end":{"line":23,"column":26}},"loc":{"start":{"line":23,"column":32},"end":{"line":25,"column":5}},"line":23}},"branchMap":{"0":{"loc":{"start":{"line":14,"column":8},"end":{"line":16,"column":9}},"type":"if","locations":[{"start":{"line":14,"column":8},"end":{"line":16,"column":9}},{"start":{"line":14,"column":8},"end":{"line":16,"column":9}}],"line":14}},"s":{"0":7,"1":7,"2":7,"3":7,"4":4,"5":0,"6":7,"7":0,"8":7,"9":4,"10":7},"f":{"0":7,"1":4,"2":0,"3":4},"b":{"0":[0,4]},"_coverageSchema":"1a1c01bbd47fc00a2c39e90264f33305004495a9","hash":"61d1ca629a51275f0350a1bbeee26bd94d6af55c"}
,"C:\\Users\\Tim_New\\Projects\\React_Training\\ReactJSGlobalMentoring-Client\\src\\Components\\MovieList\\MovieList.js": {"path":"C:\\Users\\Tim_New\\Projects\\React_Training\\ReactJSGlobalMentoring-Client\\src\\Components\\MovieList\\MovieList.js","statementMap":{"0":{"start":{"line":12,"column":20},"end":{"line":12,"column":32}},"1":{"start":{"line":13,"column":19},"end":{"line":13,"column":30}},"2":{"start":{"line":14,"column":21},"end":{"line":14,"column":34}},"3":{"start":{"line":16,"column":19},"end":{"line":16,"column":55}},"4":{"start":{"line":16,"column":42},"end":{"line":16,"column":54}},"5":{"start":{"line":18,"column":4},"end":{"line":23,"column":13}},"6":{"start":{"line":19,"column":21},"end":{"line":19,"column":60}},"7":{"start":{"line":20,"column":8},"end":{"line":22,"column":9}},"8":{"start":{"line":21,"column":12},"end":{"line":21,"column":67}},"9":{"start":{"line":25,"column":25},"end":{"line":27,"column":6}},"10":{"start":{"line":25,"column":49},"end":{"line":25,"column":72}},"11":{"start":{"line":28,"column":24},"end":{"line":28,"column":77}},"12":{"start":{"line":28,"column":35},"end":{"line":28,"column":77}},"13":{"start":{"line":30,"column":4},"end":{"line":38,"column":6}}},"fnMap":{"0":{"name":"MovieList","decl":{"start":{"line":11,"column":24},"end":{"line":11,"column":33}},"loc":{"start":{"line":11,"column":36},"end":{"line":39,"column":1}},"line":11},"1":{"name":"(anonymous_1)","decl":{"start":{"line":16,"column":31},"end":{"line":16,"column":32}},"loc":{"start":{"line":16,"column":42},"end":{"line":16,"column":54}},"line":16},"2":{"name":"(anonymous_2)","decl":{"start":{"line":18,"column":14},"end":{"line":18,"column":15}},"loc":{"start":{"line":18,"column":20},"end":{"line":23,"column":5}},"line":18},"3":{"name":"(anonymous_3)","decl":{"start":{"line":25,"column":37},"end":{"line":25,"column":38}},"loc":{"start":{"line":25,"column":49},"end":{"line":25,"column":72}},"line":25},"4":{"name":"(anonymous_4)","decl":{"start":{"line":28,"column":24},"end":{"line":28,"column":25}},"loc":{"start":{"line":28,"column":35},"end":{"line":28,"column":77}},"line":28}},"branchMap":{"0":{"loc":{"start":{"line":20,"column":8},"end":{"line":22,"column":9}},"type":"if","locations":[{"start":{"line":20,"column":8},"end":{"line":22,"column":9}},{"start":{"line":20,"column":8},"end":{"line":22,"column":9}}],"line":20}},"s":{"0":1,"1":1,"2":1,"3":1,"4":3,"5":1,"6":1,"7":1,"8":1,"9":1,"10":1,"11":1,"12":0,"13":1},"f":{"0":1,"1":3,"2":1,"3":1,"4":0},"b":{"0":[1,0]},"_coverageSchema":"1a1c01bbd47fc00a2c39e90264f33305004495a9","hash":"dce4ff6774be245114eff5c02bdd89d41cf1c218"}
,"C:\\Users\\Tim_New\\Projects\\React_Training\\ReactJSGlobalMentoring-Client\\src\\Components\\MovieList\\MovieCard\\MovieCard.js": {"path":"C:\\Users\\Tim_New\\Projects\\React_Training\\ReactJSGlobalMentoring-Client\\src\\Components\\MovieList\\MovieCard\\MovieCard.js","statementMap":{"0":{"start":{"line":21,"column":18},"end":{"line":21,"column":34}},"1":{"start":{"line":22,"column":42},"end":{"line":22,"column":57}},"2":{"start":{"line":23,"column":28},"end":{"line":23,"column":59}},"3":{"start":{"line":25,"column":28},"end":{"line":35,"column":5}},"4":{"start":{"line":26,"column":8},"end":{"line":26,"column":27}},"5":{"start":{"line":27,"column":8},"end":{"line":33,"column":11}},"6":{"start":{"line":34,"column":8},"end":{"line":34,"column":37}},"7":{"start":{"line":37,"column":30},"end":{"line":45,"column":5}},"8":{"start":{"line":38,"column":23},"end":{"line":38,"column":28}},"9":{"start":{"line":39,"column":8},"end":{"line":39,"column":27}},"10":{"start":{"line":40,"column":8},"end":{"line":43,"column":11}},"11":{"start":{"line":44,"column":8},"end":{"line":44,"column":37}},"12":{"start":{"line":47,"column":27},"end":{"line":50,"column":5}},"13":{"start":{"line":48,"column":8},"end":{"line":48,"column":27}},"14":{"start":{"line":49,"column":8},"end":{"line":49,"column":37}},"15":{"start":{"line":52,"column":26},"end":{"line":54,"column":5}},"16":{"start":{"line":53,"column":8},"end":{"line":53,"column":36}},"17":{"start":{"line":57,"column":8},"end":{"line":59,"column":18}},"18":{"start":{"line":62,"column":8},"end":{"line":62,"column":72}},"19":{"start":{"line":64,"column":4},"end":{"line":143,"column":6}},"20":{"start":{"line":146,"column":0},"end":{"line":161,"column":2}},"21":{"start":{"line":163,"column":0},"end":{"line":179,"column":2}}},"fnMap":{"0":{"name":"MovieCard","decl":{"start":{"line":20,"column":24},"end":{"line":20,"column":33}},"loc":{"start":{"line":20,"column":45},"end":{"line":144,"column":1}},"line":20},"1":{"name":"(anonymous_1)","decl":{"start":{"line":25,"column":28},"end":{"line":25,"column":29}},"loc":{"start":{"line":25,"column":35},"end":{"line":35,"column":5}},"line":25},"2":{"name":"(anonymous_2)","decl":{"start":{"line":37,"column":30},"end":{"line":37,"column":31}},"loc":{"start":{"line":37,"column":37},"end":{"line":45,"column":5}},"line":37},"3":{"name":"(anonymous_3)","decl":{"start":{"line":47,"column":27},"end":{"line":47,"column":28}},"loc":{"start":{"line":47,"column":34},"end":{"line":50,"column":5}},"line":47},"4":{"name":"(anonymous_4)","decl":{"start":{"line":52,"column":26},"end":{"line":52,"column":27}},"loc":{"start":{"line":52,"column":33},"end":{"line":54,"column":5}},"line":52}},"branchMap":{"0":{"loc":{"start":{"line":57,"column":8},"end":{"line":59,"column":18}},"type":"cond-expr","locations":[{"start":{"line":58,"column":14},"end":{"line":58,"column":48}},{"start":{"line":59,"column":14},"end":{"line":59,"column":18}}],"line":57},"1":{"loc":{"start":{"line":62,"column":8},"end":{"line":62,"column":72}},"type":"cond-expr","locations":[{"start":{"line":62,"column":34},"end":{"line":62,"column":57}},{"start":{"line":62,"column":60},"end":{"line":62,"column":72}}],"line":62},"2":{"loc":{"start":{"line":89,"column":41},"end":{"line":89,"column":73}},"type":"cond-expr","locations":[{"start":{"line":89,"column":55},"end":{"line":89,"column":61}},{"start":{"line":89,"column":64},"end":{"line":89,"column":73}}],"line":89},"3":{"loc":{"start":{"line":97,"column":41},"end":{"line":97,"column":73}},"type":"cond-expr","locations":[{"start":{"line":97,"column":55},"end":{"line":97,"column":64}},{"start":{"line":97,"column":67},"end":{"line":97,"column":73}}],"line":97}},"s":{"0":3,"1":3,"2":3,"3":3,"4":0,"5":0,"6":0,"7":3,"8":0,"9":0,"10":0,"11":0,"12":3,"13":1,"14":1,"15":3,"16":0,"17":3,"18":3,"19":3,"20":3,"21":3},"f":{"0":3,"1":0,"2":0,"3":1,"4":0},"b":{"0":[3,0],"1":[0,3],"2":[1,2],"3":[1,2]},"_coverageSchema":"1a1c01bbd47fc00a2c39e90264f33305004495a9","hash":"6631f112d91c7775b736011355ec254169993f5c"}
,"C:\\Users\\Tim_New\\Projects\\React_Training\\ReactJSGlobalMentoring-Client\\src\\Components\\Nav\\Nav.js": {"path":"C:\\Users\\Tim_New\\Projects\\React_Training\\ReactJSGlobalMentoring-Client\\src\\Components\\Nav\\Nav.js","statementMap":{"0":{"start":{"line":14,"column":18},"end":{"line":14,"column":34}},"1":{"start":{"line":15,"column":21},"end":{"line":15,"column":34}},"2":{"start":{"line":16,"column":19},"end":{"line":16,"column":55}},"3":{"start":{"line":16,"column":42},"end":{"line":16,"column":54}},"4":{"start":{"line":18,"column":19},"end":{"line":23,"column":15}},"5":{"start":{"line":19,"column":24},"end":{"line":19,"column":36}},"6":{"start":{"line":21,"column":29},"end":{"line":21,"column":47}},"7":{"start":{"line":25,"column":17},"end":{"line":27,"column":5}},"8":{"start":{"line":26,"column":8},"end":{"line":26,"column":45}},"9":{"start":{"line":29,"column":19},"end":{"line":36,"column":5}},"10":{"start":{"line":30,"column":22},"end":{"line":30,"column":60}},"11":{"start":{"line":31,"column":8},"end":{"line":35,"column":9}},"12":{"start":{"line":32,"column":12},"end":{"line":32,"column":53}},"13":{"start":{"line":34,"column":12},"end":{"line":34,"column":70}},"14":{"start":{"line":38,"column":25},"end":{"line":40,"column":6}},"15":{"start":{"line":38,"column":49},"end":{"line":38,"column":72}},"16":{"start":{"line":42,"column":24},"end":{"line":44,"column":5}},"17":{"start":{"line":43,"column":8},"end":{"line":43,"column":70}},"18":{"start":{"line":46,"column":4},"end":{"line":66,"column":6}}},"fnMap":{"0":{"name":"Nav","decl":{"start":{"line":13,"column":24},"end":{"line":13,"column":27}},"loc":{"start":{"line":13,"column":30},"end":{"line":67,"column":1}},"line":13},"1":{"name":"(anonymous_1)","decl":{"start":{"line":16,"column":31},"end":{"line":16,"column":32}},"loc":{"start":{"line":16,"column":42},"end":{"line":16,"column":54}},"line":16},"2":{"name":"(anonymous_2)","decl":{"start":{"line":19,"column":13},"end":{"line":19,"column":14}},"loc":{"start":{"line":19,"column":24},"end":{"line":19,"column":36}},"line":19},"3":{"name":"(anonymous_3)","decl":{"start":{"line":21,"column":16},"end":{"line":21,"column":17}},"loc":{"start":{"line":21,"column":29},"end":{"line":21,"column":47}},"line":21},"4":{"name":"(anonymous_4)","decl":{"start":{"line":25,"column":17},"end":{"line":25,"column":18}},"loc":{"start":{"line":25,"column":24},"end":{"line":27,"column":5}},"line":25},"5":{"name":"(anonymous_5)","decl":{"start":{"line":29,"column":19},"end":{"line":29,"column":20}},"loc":{"start":{"line":29,"column":26},"end":{"line":36,"column":5}},"line":29},"6":{"name":"(anonymous_6)","decl":{"start":{"line":38,"column":37},"end":{"line":38,"column":38}},"loc":{"start":{"line":38,"column":49},"end":{"line":38,"column":72}},"line":38},"7":{"name":"(anonymous_7)","decl":{"start":{"line":42,"column":24},"end":{"line":42,"column":25}},"loc":{"start":{"line":42,"column":35},"end":{"line":44,"column":5}},"line":42}},"branchMap":{"0":{"loc":{"start":{"line":31,"column":8},"end":{"line":35,"column":9}},"type":"if","locations":[{"start":{"line":31,"column":8},"end":{"line":35,"column":9}},{"start":{"line":31,"column":8},"end":{"line":35,"column":9}}],"line":31}},"s":{"0":2,"1":2,"2":2,"3":4,"4":2,"5":0,"6":0,"7":2,"8":0,"9":2,"10":0,"11":0,"12":0,"13":0,"14":2,"15":2,"16":2,"17":0,"18":2},"f":{"0":2,"1":4,"2":0,"3":0,"4":0,"5":0,"6":2,"7":0},"b":{"0":[0,0]},"_coverageSchema":"1a1c01bbd47fc00a2c39e90264f33305004495a9","hash":"203e2bb78471be1257dd06752b2246f3715ef9df"}
,"C:\\Users\\Tim_New\\Projects\\React_Training\\ReactJSGlobalMentoring-Client\\src\\Components\\Nav\\Link\\Link.js": {"path":"C:\\Users\\Tim_New\\Projects\\React_Training\\ReactJSGlobalMentoring-Client\\src\\Components\\Nav\\Link\\Link.js","statementMap":{"0":{"start":{"line":5,"column":19},"end":{"line":5,"column":31}},"1":{"start":{"line":6,"column":17},"end":{"line":6,"column":67}},"2":{"start":{"line":7,"column":24},"end":{"line":7,"column":63}},"3":{"start":{"line":9,"column":4},"end":{"line":15,"column":6}}},"fnMap":{"0":{"name":"Link","decl":{"start":{"line":4,"column":24},"end":{"line":4,"column":28}},"loc":{"start":{"line":4,"column":59},"end":{"line":16,"column":1}},"line":4}},"branchMap":{"0":{"loc":{"start":{"line":4,"column":37},"end":{"line":4,"column":55}},"type":"default-arg","locations":[{"start":{"line":4,"column":51},"end":{"line":4,"column":55}}],"line":4},"1":{"loc":{"start":{"line":7,"column":24},"end":{"line":7,"column":63}},"type":"cond-expr","locations":[{"start":{"line":7,"column":40},"end":{"line":7,"column":54}},{"start":{"line":7,"column":57},"end":{"line":7,"column":63}}],"line":7}},"s":{"0":2,"1":2,"2":2,"3":2},"f":{"0":2},"b":{"0":[0],"1":[0,2]},"_coverageSchema":"1a1c01bbd47fc00a2c39e90264f33305004495a9","hash":"a0198be36d0bf1016c05d53021814da65db63ac3"}
,"C:\\Users\\Tim_New\\Projects\\React_Training\\ReactJSGlobalMentoring-Client\\src\\Components\\NoMovies\\NoMovies.js": {"path":"C:\\Users\\Tim_New\\Projects\\React_Training\\ReactJSGlobalMentoring-Client\\src\\Components\\NoMovies\\NoMovies.js","statementMap":{"0":{"start":{"line":9,"column":18},"end":{"line":9,"column":34}},"1":{"start":{"line":10,"column":4},"end":{"line":16,"column":6}}},"fnMap":{"0":{"name":"NoMovies","decl":{"start":{"line":8,"column":24},"end":{"line":8,"column":32}},"loc":{"start":{"line":8,"column":35},"end":{"line":17,"column":1}},"line":8}},"branchMap":{},"s":{"0":1,"1":1},"f":{"0":1},"b":{},"_coverageSchema":"1a1c01bbd47fc00a2c39e90264f33305004495a9","hash":"e07c16bbd42d0f1579c016827fdcb3f9f40ec524"}
,"C:\\Users\\Tim_New\\Projects\\React_Training\\ReactJSGlobalMentoring-Client\\src\\Components\\NotFound\\NotFound.js": {"path":"C:\\Users\\Tim_New\\Projects\\React_Training\\ReactJSGlobalMentoring-Client\\src\\Components\\NotFound\\NotFound.js","statementMap":{"0":{"start":{"line":10,"column":18},"end":{"line":10,"column":34}},"1":{"start":{"line":11,"column":18},"end":{"line":11,"column":50}},"2":{"start":{"line":13,"column":4},"end":{"line":33,"column":6}}},"fnMap":{"0":{"name":"NotFound","decl":{"start":{"line":9,"column":24},"end":{"line":9,"column":32}},"loc":{"start":{"line":9,"column":35},"end":{"line":34,"column":1}},"line":9}},"branchMap":{},"s":{"0":1,"1":1,"2":1},"f":{"0":1},"b":{},"_coverageSchema":"1a1c01bbd47fc00a2c39e90264f33305004495a9","hash":"57a25f78e1adeb155d8f83d01e2ab3d02782533b"}
,"C:\\Users\\Tim_New\\Projects\\React_Training\\ReactJSGlobalMentoring-Client\\src\\Core\\API\\addMovieAPI.js": {"path":"C:\\Users\\Tim_New\\Projects\\React_Training\\ReactJSGlobalMentoring-Client\\src\\Core\\API\\addMovieAPI.js","statementMap":{"0":{"start":{"line":3,"column":20},"end":{"line":13,"column":1}},"1":{"start":{"line":4,"column":18},"end":{"line":4,"column":33}},"2":{"start":{"line":5,"column":4},"end":{"line":5,"column":21}},"3":{"start":{"line":7,"column":4},"end":{"line":12,"column":42}},"4":{"start":{"line":11,"column":23},"end":{"line":11,"column":31}},"5":{"start":{"line":12,"column":24},"end":{"line":12,"column":40}}},"fnMap":{"0":{"name":"(anonymous_0)","decl":{"start":{"line":3,"column":20},"end":{"line":3,"column":21}},"loc":{"start":{"line":3,"column":33},"end":{"line":13,"column":1}},"line":3},"1":{"name":"(anonymous_1)","decl":{"start":{"line":11,"column":14},"end":{"line":11,"column":15}},"loc":{"start":{"line":11,"column":23},"end":{"line":11,"column":31}},"line":11},"2":{"name":"(anonymous_2)","decl":{"start":{"line":12,"column":15},"end":{"line":12,"column":16}},"loc":{"start":{"line":12,"column":24},"end":{"line":12,"column":40}},"line":12}},"branchMap":{},"s":{"0":9,"1":1,"2":1,"3":0,"4":0,"5":0},"f":{"0":1,"1":0,"2":0},"b":{},"_coverageSchema":"1a1c01bbd47fc00a2c39e90264f33305004495a9","hash":"f15de23959c7136c9267c5afcc2f63faa0d91d90"}
,"C:\\Users\\Tim_New\\Projects\\React_Training\\ReactJSGlobalMentoring-Client\\src\\Core\\API\\axiosInstance.js": {"path":"C:\\Users\\Tim_New\\Projects\\React_Training\\ReactJSGlobalMentoring-Client\\src\\Core\\API\\axiosInstance.js","statementMap":{"0":{"start":{"line":3,"column":12},"end":{"line":6,"column":2}}},"fnMap":{},"branchMap":{},"s":{"0":9},"f":{},"b":{},"_coverageSchema":"1a1c01bbd47fc00a2c39e90264f33305004495a9","hash":"1470972d6a8b63c2a73a238e58d36ff7f0aaa082"}
,"C:\\Users\\Tim_New\\Projects\\React_Training\\ReactJSGlobalMentoring-Client\\src\\Core\\API\\deleteMovieAPI.js": {"path":"C:\\Users\\Tim_New\\Projects\\React_Training\\ReactJSGlobalMentoring-Client\\src\\Core\\API\\deleteMovieAPI.js","statementMap":{"0":{"start":{"line":3,"column":23},"end":{"line":6,"column":1}},"1":{"start":{"line":4,"column":20},"end":{"line":4,"column":35}},"2":{"start":{"line":5,"column":4},"end":{"line":5,"column":43}}},"fnMap":{"0":{"name":"(anonymous_0)","decl":{"start":{"line":3,"column":23},"end":{"line":3,"column":24}},"loc":{"start":{"line":3,"column":36},"end":{"line":6,"column":1}},"line":3}},"branchMap":{},"s":{"0":9,"1":1,"2":1},"f":{"0":1},"b":{},"_coverageSchema":"1a1c01bbd47fc00a2c39e90264f33305004495a9","hash":"fa61bc41754813629ec954620771d92075ffa085"}
,"C:\\Users\\Tim_New\\Projects\\React_Training\\ReactJSGlobalMentoring-Client\\src\\Core\\API\\editMovieAPI.js": {"path":"C:\\Users\\Tim_New\\Projects\\React_Training\\ReactJSGlobalMentoring-Client\\src\\Core\\API\\editMovieAPI.js","statementMap":{"0":{"start":{"line":3,"column":21},"end":{"line":13,"column":1}},"1":{"start":{"line":4,"column":18},"end":{"line":4,"column":33}},"2":{"start":{"line":5,"column":4},"end":{"line":5,"column":21}},"3":{"start":{"line":7,"column":4},"end":{"line":12,"column":42}},"4":{"start":{"line":11,"column":23},"end":{"line":11,"column":31}},"5":{"start":{"line":12,"column":24},"end":{"line":12,"column":40}}},"fnMap":{"0":{"name":"(anonymous_0)","decl":{"start":{"line":3,"column":21},"end":{"line":3,"column":22}},"loc":{"start":{"line":3,"column":34},"end":{"line":13,"column":1}},"line":3},"1":{"name":"(anonymous_1)","decl":{"start":{"line":11,"column":14},"end":{"line":11,"column":15}},"loc":{"start":{"line":11,"column":23},"end":{"line":11,"column":31}},"line":11},"2":{"name":"(anonymous_2)","decl":{"start":{"line":12,"column":15},"end":{"line":12,"column":16}},"loc":{"start":{"line":12,"column":24},"end":{"line":12,"column":40}},"line":12}},"branchMap":{},"s":{"0":9,"1":0,"2":0,"3":0,"4":0,"5":0},"f":{"0":0,"1":0,"2":0},"b":{},"_coverageSchema":"1a1c01bbd47fc00a2c39e90264f33305004495a9","hash":"fc78a017ccc703bf57ddad3fe6138ac37dec7952"}
,"C:\\Users\\Tim_New\\Projects\\React_Training\\ReactJSGlobalMentoring-Client\\src\\Core\\API\\fetchMoviesAPI.js": {"path":"C:\\Users\\Tim_New\\Projects\\React_Training\\ReactJSGlobalMentoring-Client\\src\\Core\\API\\fetchMoviesAPI.js","statementMap":{"0":{"start":{"line":3,"column":23},"end":{"line":8,"column":1}},"1":{"start":{"line":4,"column":4},"end":{"line":7,"column":42}},"2":{"start":{"line":6,"column":23},"end":{"line":6,"column":36}},"3":{"start":{"line":7,"column":24},"end":{"line":7,"column":40}}},"fnMap":{"0":{"name":"(anonymous_0)","decl":{"start":{"line":3,"column":23},"end":{"line":3,"column":24}},"loc":{"start":{"line":3,"column":29},"end":{"line":8,"column":1}},"line":3},"1":{"name":"(anonymous_1)","decl":{"start":{"line":6,"column":14},"end":{"line":6,"column":15}},"loc":{"start":{"line":6,"column":23},"end":{"line":6,"column":36}},"line":6},"2":{"name":"(anonymous_2)","decl":{"start":{"line":7,"column":15},"end":{"line":7,"column":16}},"loc":{"start":{"line":7,"column":24},"end":{"line":7,"column":40}},"line":7}},"branchMap":{},"s":{"0":9,"1":1,"2":0,"3":1},"f":{"0":1,"1":0,"2":1},"b":{},"_coverageSchema":"1a1c01bbd47fc00a2c39e90264f33305004495a9","hash":"207a0c5d29547461c3cad8bb349e05ddc2562dba"}
,"C:\\Users\\Tim_New\\Projects\\React_Training\\ReactJSGlobalMentoring-Client\\src\\Core\\API\\filterMoviesAPI.js": {"path":"C:\\Users\\Tim_New\\Projects\\React_Training\\ReactJSGlobalMentoring-Client\\src\\Core\\API\\filterMoviesAPI.js","statementMap":{"0":{"start":{"line":3,"column":24},"end":{"line":12,"column":1}},"1":{"start":{"line":4,"column":18},"end":{"line":4,"column":33}},"2":{"start":{"line":6,"column":4},"end":{"line":11,"column":42}},"3":{"start":{"line":10,"column":23},"end":{"line":10,"column":36}},"4":{"start":{"line":11,"column":24},"end":{"line":11,"column":40}}},"fnMap":{"0":{"name":"(anonymous_0)","decl":{"start":{"line":3,"column":24},"end":{"line":3,"column":25}},"loc":{"start":{"line":3,"column":37},"end":{"line":12,"column":1}},"line":3},"1":{"name":"(anonymous_1)","decl":{"start":{"line":10,"column":14},"end":{"line":10,"column":15}},"loc":{"start":{"line":10,"column":23},"end":{"line":10,"column":36}},"line":10},"2":{"name":"(anonymous_2)","decl":{"start":{"line":11,"column":15},"end":{"line":11,"column":16}},"loc":{"start":{"line":11,"column":24},"end":{"line":11,"column":40}},"line":11}},"branchMap":{},"s":{"0":9,"1":1,"2":1,"3":0,"4":1},"f":{"0":1,"1":0,"2":1},"b":{},"_coverageSchema":"1a1c01bbd47fc00a2c39e90264f33305004495a9","hash":"16c26e341be11671ccac646dc3301541f0983fc5"}
,"C:\\Users\\Tim_New\\Projects\\React_Training\\ReactJSGlobalMentoring-Client\\src\\Core\\API\\getMovieAPI.js": {"path":"C:\\Users\\Tim_New\\Projects\\React_Training\\ReactJSGlobalMentoring-Client\\src\\Core\\API\\getMovieAPI.js","statementMap":{"0":{"start":{"line":3,"column":20},"end":{"line":10,"column":1}},"1":{"start":{"line":4,"column":20},"end":{"line":4,"column":35}},"2":{"start":{"line":6,"column":4},"end":{"line":9,"column":42}},"3":{"start":{"line":8,"column":23},"end":{"line":8,"column":31}},"4":{"start":{"line":9,"column":24},"end":{"line":9,"column":40}}},"fnMap":{"0":{"name":"(anonymous_0)","decl":{"start":{"line":3,"column":20},"end":{"line":3,"column":21}},"loc":{"start":{"line":3,"column":33},"end":{"line":10,"column":1}},"line":3},"1":{"name":"(anonymous_1)","decl":{"start":{"line":8,"column":14},"end":{"line":8,"column":15}},"loc":{"start":{"line":8,"column":23},"end":{"line":8,"column":31}},"line":8},"2":{"name":"(anonymous_2)","decl":{"start":{"line":9,"column":15},"end":{"line":9,"column":16}},"loc":{"start":{"line":9,"column":24},"end":{"line":9,"column":40}},"line":9}},"branchMap":{},"s":{"0":9,"1":2,"2":2,"3":0,"4":1},"f":{"0":2,"1":0,"2":1},"b":{},"_coverageSchema":"1a1c01bbd47fc00a2c39e90264f33305004495a9","hash":"b7048a8a17a8672de4efc75a3f7b0ff13c20e811"}
,"C:\\Users\\Tim_New\\Projects\\React_Training\\ReactJSGlobalMentoring-Client\\src\\Core\\API\\searchMoviesAPI.js": {"path":"C:\\Users\\Tim_New\\Projects\\React_Training\\ReactJSGlobalMentoring-Client\\src\\Core\\API\\searchMoviesAPI.js","statementMap":{"0":{"start":{"line":3,"column":24},"end":{"line":15,"column":1}},"1":{"start":{"line":4,"column":17},"end":{"line":4,"column":32}},"2":{"start":{"line":6,"column":4},"end":{"line":14,"column":42}},"3":{"start":{"line":13,"column":23},"end":{"line":13,"column":36}},"4":{"start":{"line":14,"column":24},"end":{"line":14,"column":40}}},"fnMap":{"0":{"name":"(anonymous_0)","decl":{"start":{"line":3,"column":24},"end":{"line":3,"column":25}},"loc":{"start":{"line":3,"column":37},"end":{"line":15,"column":1}},"line":3},"1":{"name":"(anonymous_1)","decl":{"start":{"line":13,"column":14},"end":{"line":13,"column":15}},"loc":{"start":{"line":13,"column":23},"end":{"line":13,"column":36}},"line":13},"2":{"name":"(anonymous_2)","decl":{"start":{"line":14,"column":15},"end":{"line":14,"column":16}},"loc":{"start":{"line":14,"column":24},"end":{"line":14,"column":40}},"line":14}},"branchMap":{},"s":{"0":9,"1":2,"2":2,"3":0,"4":1},"f":{"0":2,"1":0,"2":1},"b":{},"_coverageSchema":"1a1c01bbd47fc00a2c39e90264f33305004495a9","hash":"639ff8e3d2c50d10f2c2fdc82ecbb15f08449f91"}
,"C:\\Users\\Tim_New\\Projects\\React_Training\\ReactJSGlobalMentoring-Client\\src\\Core\\Constants\\index.js": {"path":"C:\\Users\\Tim_New\\Projects\\React_Training\\ReactJSGlobalMentoring-Client\\src\\Core\\Constants\\index.js","statementMap":{"0":{"start":{"line":1,"column":25},"end":{"line":1,"column":27}},"1":{"start":{"line":2,"column":26},"end":{"line":2,"column":33}},"2":{"start":{"line":3,"column":30},"end":{"line":3,"column":39}},"3":{"start":{"line":5,"column":4},"end":{"line":5,"column":76}},"4":{"start":{"line":7,"column":25},"end":{"line":7,"column":36}},"5":{"start":{"line":8,"column":26},"end":{"line":8,"column":38}},"6":{"start":{"line":9,"column":28},"end":{"line":9,"column":42}},"7":{"start":{"line":11,"column":22},"end":{"line":23,"column":1}}},"fnMap":{},"branchMap":{},"s":{"0":6,"1":6,"2":6,"3":6,"4":6,"5":6,"6":6,"7":6},"f":{},"b":{},"_coverageSchema":"1a1c01bbd47fc00a2c39e90264f33305004495a9","hash":"d27971201bc1861a5b9df07cdbc6f93e98d47860"}
,"C:\\Users\\Tim_New\\Projects\\React_Training\\ReactJSGlobalMentoring-Client\\src\\Core\\I18N\\en.js": {"path":"C:\\Users\\Tim_New\\Projects\\React_Training\\ReactJSGlobalMentoring-Client\\src\\Core\\I18N\\en.js","statementMap":{"0":{"start":{"line":3,"column":11},"end":{"line":38,"column":1}}},"fnMap":{},"branchMap":{},"s":{"0":7},"f":{},"b":{},"_coverageSchema":"1a1c01bbd47fc00a2c39e90264f33305004495a9","hash":"4fbdd52898a792a9c37cb3b62ec5059619f82353"}
,"C:\\Users\\Tim_New\\Projects\\React_Training\\ReactJSGlobalMentoring-Client\\src\\Core\\I18N\\index.js": {"path":"C:\\Users\\Tim_New\\Projects\\React_Training\\ReactJSGlobalMentoring-Client\\src\\Core\\I18N\\index.js","statementMap":{"0":{"start":{"line":1,"column":18},"end":{"line":35,"column":1}},"1":{"start":{"line":38,"column":15},"end":{"line":38,"column":33}},"2":{"start":{"line":40,"column":21},"end":{"line":42,"column":1}}},"fnMap":{},"branchMap":{},"s":{"0":7,"1":7,"2":7},"f":{},"b":{},"_coverageSchema":"1a1c01bbd47fc00a2c39e90264f33305004495a9","hash":"c812080e45f7a11ca9db5ec28ad9b2d2ce9fd89d"}
,"C:\\Users\\Tim_New\\Projects\\React_Training\\ReactJSGlobalMentoring-Client\\src\\HOCs\\Context\\ModalContext.js": {"path":"C:\\Users\\Tim_New\\Projects\\React_Training\\ReactJSGlobalMentoring-Client\\src\\HOCs\\Context\\ModalContext.js","statementMap":{"0":{"start":{"line":3,"column":22},"end":{"line":13,"column":1}},"1":{"start":{"line":4,"column":32},"end":{"line":4,"column":61}},"2":{"start":{"line":5,"column":40},"end":{"line":5,"column":73}},"3":{"start":{"line":7,"column":26},"end":{"line":10,"column":5}},"4":{"start":{"line":8,"column":8},"end":{"line":8,"column":26}},"5":{"start":{"line":9,"column":8},"end":{"line":9,"column":34}},"6":{"start":{"line":12,"column":4},"end":{"line":12,"column":51}},"7":{"start":{"line":15,"column":33},"end":{"line":15,"column":48}},"8":{"start":{"line":16,"column":35},"end":{"line":16,"column":50}},"9":{"start":{"line":18,"column":28},"end":{"line":31,"column":1}},"10":{"start":{"line":19,"column":44},"end":{"line":22,"column":6}},"11":{"start":{"line":24,"column":4},"end":{"line":30,"column":6}}},"fnMap":{"0":{"name":"(anonymous_0)","decl":{"start":{"line":3,"column":22},"end":{"line":3,"column":23}},"loc":{"start":{"line":3,"column":40},"end":{"line":13,"column":1}},"line":3},"1":{"name":"(anonymous_1)","decl":{"start":{"line":7,"column":26},"end":{"line":7,"column":27}},"loc":{"start":{"line":7,"column":59},"end":{"line":10,"column":5}},"line":7},"2":{"name":"(anonymous_2)","decl":{"start":{"line":18,"column":28},"end":{"line":18,"column":29}},"loc":{"start":{"line":18,"column":46},"end":{"line":31,"column":1}},"line":18}},"branchMap":{"0":{"loc":{"start":{"line":7,"column":37},"end":{"line":7,"column":52}},"type":"default-arg","locations":[{"start":{"line":7,"column":50},"end":{"line":7,"column":52}}],"line":7}},"s":{"0":7,"1":1,"2":1,"3":1,"4":0,"5":0,"6":1,"7":7,"8":7,"9":7,"10":1,"11":1},"f":{"0":1,"1":0,"2":1},"b":{"0":[0]},"_coverageSchema":"1a1c01bbd47fc00a2c39e90264f33305004495a9","hash":"0e4a3444cbf1537aaf3b4336b2359c72de99d924"}
,"C:\\Users\\Tim_New\\Projects\\React_Training\\ReactJSGlobalMentoring-Client\\src\\HOCs\\Layout\\Layout.js": {"path":"C:\\Users\\Tim_New\\Projects\\React_Training\\ReactJSGlobalMentoring-Client\\src\\HOCs\\Layout\\Layout.js","statementMap":{"0":{"start":{"line":10,"column":4},"end":{"line":20,"column":6}}},"fnMap":{"0":{"name":"Layout","decl":{"start":{"line":9,"column":24},"end":{"line":9,"column":30}},"loc":{"start":{"line":9,"column":45},"end":{"line":21,"column":1}},"line":9}},"branchMap":{},"s":{"0":1},"f":{"0":1},"b":{},"_coverageSchema":"1a1c01bbd47fc00a2c39e90264f33305004495a9","hash":"83391878176bc4c6c5b3536f2c127acd707e57c0"}
,"C:\\Users\\Tim_New\\Projects\\React_Training\\ReactJSGlobalMentoring-Client\\src\\Store\\actionTypes.js": {"path":"C:\\Users\\Tim_New\\Projects\\React_Training\\ReactJSGlobalMentoring-Client\\src\\Store\\actionTypes.js","statementMap":{"0":{"start":{"line":1,"column":23},"end":{"line":15,"column":1}}},"fnMap":{},"branchMap":{},"s":{"0":9},"f":{},"b":{},"_coverageSchema":"1a1c01bbd47fc00a2c39e90264f33305004495a9","hash":"9a8f358b1bd1530b86b3f2515668b75a4a3de0eb"}
,"C:\\Users\\Tim_New\\Projects\\React_Training\\ReactJSGlobalMentoring-Client\\src\\Store\\index.js": {"path":"C:\\Users\\Tim_New\\Projects\\React_Training\\ReactJSGlobalMentoring-Client\\src\\Store\\index.js","statementMap":{"0":{"start":{"line":7,"column":23},"end":{"line":7,"column":45}},"1":{"start":{"line":8,"column":19},"end":{"line":8,"column":78}},"2":{"start":{"line":10,"column":14},"end":{"line":13,"column":2}},"3":{"start":{"line":15,"column":0},"end":{"line":15,"column":29}}},"fnMap":{},"branchMap":{},"s":{"0":8,"1":8,"2":8,"3":8},"f":{},"b":{},"_coverageSchema":"1a1c01bbd47fc00a2c39e90264f33305004495a9","hash":"165b3d43a83d9d207e7ab90c0edaaef691534d3d"}
,"C:\\Users\\Tim_New\\Projects\\React_Training\\ReactJSGlobalMentoring-Client\\src\\Store\\Sagas\\addMovie.js": {"path":"C:\\Users\\Tim_New\\Projects\\React_Training\\ReactJSGlobalMentoring-Client\\src\\Store\\Sagas\\addMovie.js","statementMap":{"0":{"start":{"line":8,"column":4},"end":{"line":13,"column":5}},"1":{"start":{"line":9,"column":22},"end":{"line":9,"column":58}},"2":{"start":{"line":10,"column":8},"end":{"line":10,"column":35}},"3":{"start":{"line":12,"column":8},"end":{"line":12,"column":54}},"4":{"start":{"line":17,"column":4},"end":{"line":17,"column":53}}},"fnMap":{"0":{"name":"addMovieSaga","decl":{"start":{"line":7,"column":17},"end":{"line":7,"column":29}},"loc":{"start":{"line":7,"column":43},"end":{"line":14,"column":1}},"line":7},"1":{"name":"watchAddMovie","decl":{"start":{"line":16,"column":17},"end":{"line":16,"column":30}},"loc":{"start":{"line":16,"column":33},"end":{"line":18,"column":1}},"line":16}},"branchMap":{},"s":{"0":1,"1":1,"2":0,"3":1,"4":8},"f":{"0":1,"1":8},"b":{},"_coverageSchema":"1a1c01bbd47fc00a2c39e90264f33305004495a9","hash":"5e23dde2b06366d278d030201e9721f316f38fe8"}
,"C:\\Users\\Tim_New\\Projects\\React_Training\\ReactJSGlobalMentoring-Client\\src\\Store\\Sagas\\deleteMovie.js": {"path":"C:\\Users\\Tim_New\\Projects\\React_Training\\ReactJSGlobalMentoring-Client\\src\\Store\\Sagas\\deleteMovie.js","statementMap":{"0":{"start":{"line":8,"column":4},"end":{"line":13,"column":5}},"1":{"start":{"line":9,"column":8},"end":{"line":9,"column":48}},"2":{"start":{"line":10,"column":8},"end":{"line":10,"column":40}},"3":{"start":{"line":12,"column":8},"end":{"line":12,"column":57}},"4":{"start":{"line":17,"column":4},"end":{"line":17,"column":59}}},"fnMap":{"0":{"name":"deleteMovieSaga","decl":{"start":{"line":7,"column":17},"end":{"line":7,"column":32}},"loc":{"start":{"line":7,"column":46},"end":{"line":14,"column":1}},"line":7},"1":{"name":"watchDeleteMovie","decl":{"start":{"line":16,"column":17},"end":{"line":16,"column":33}},"loc":{"start":{"line":16,"column":36},"end":{"line":18,"column":1}},"line":16}},"branchMap":{},"s":{"0":1,"1":1,"2":0,"3":1,"4":8},"f":{"0":1,"1":8},"b":{},"_coverageSchema":"1a1c01bbd47fc00a2c39e90264f33305004495a9","hash":"86935420b5e9f330a4531abb8261998344622355"}
,"C:\\Users\\Tim_New\\Projects\\React_Training\\ReactJSGlobalMentoring-Client\\src\\Store\\Sagas\\editMovie.js": {"path":"C:\\Users\\Tim_New\\Projects\\React_Training\\ReactJSGlobalMentoring-Client\\src\\Store\\Sagas\\editMovie.js","statementMap":{"0":{"start":{"line":8,"column":4},"end":{"line":14,"column":5}},"1":{"start":{"line":9,"column":8},"end":{"line":9,"column":27}},"2":{"start":{"line":10,"column":22},"end":{"line":10,"column":59}},"3":{"start":{"line":11,"column":8},"end":{"line":11,"column":36}},"4":{"start":{"line":13,"column":8},"end":{"line":13,"column":55}},"5":{"start":{"line":18,"column":4},"end":{"line":18,"column":55}}},"fnMap":{"0":{"name":"editMovieSaga","decl":{"start":{"line":7,"column":17},"end":{"line":7,"column":30}},"loc":{"start":{"line":7,"column":44},"end":{"line":15,"column":1}},"line":7},"1":{"name":"watchEditMovie","decl":{"start":{"line":17,"column":17},"end":{"line":17,"column":31}},"loc":{"start":{"line":17,"column":34},"end":{"line":19,"column":1}},"line":17}},"branchMap":{},"s":{"0":1,"1":1,"2":0,"3":0,"4":1,"5":8},"f":{"0":1,"1":8},"b":{},"_coverageSchema":"1a1c01bbd47fc00a2c39e90264f33305004495a9","hash":"ded0fa2e31da2f85a03b3ca4d910925cf9eb1082"}
,"C:\\Users\\Tim_New\\Projects\\React_Training\\ReactJSGlobalMentoring-Client\\src\\Store\\Sagas\\fetchMovies.js": {"path":"C:\\Users\\Tim_New\\Projects\\React_Training\\ReactJSGlobalMentoring-Client\\src\\Store\\Sagas\\fetchMovies.js","statementMap":{"0":{"start":{"line":8,"column":4},"end":{"line":13,"column":5}},"1":{"start":{"line":9,"column":23},"end":{"line":9,"column":49}},"2":{"start":{"line":10,"column":8},"end":{"line":10,"column":39}},"3":{"start":{"line":12,"column":8},"end":{"line":12,"column":50}},"4":{"start":{"line":17,"column":4},"end":{"line":17,"column":59}}},"fnMap":{"0":{"name":"fetchMoviesSaga","decl":{"start":{"line":7,"column":17},"end":{"line":7,"column":32}},"loc":{"start":{"line":7,"column":35},"end":{"line":14,"column":1}},"line":7},"1":{"name":"watchMovies","decl":{"start":{"line":16,"column":17},"end":{"line":16,"column":28}},"loc":{"start":{"line":16,"column":31},"end":{"line":18,"column":1}},"line":16}},"branchMap":{},"s":{"0":1,"1":1,"2":1,"3":0,"4":8},"f":{"0":1,"1":8},"b":{},"_coverageSchema":"1a1c01bbd47fc00a2c39e90264f33305004495a9","hash":"ea2336cc9a5946e87c48017bcaa17192004c1ad9"}
,"C:\\Users\\Tim_New\\Projects\\React_Training\\ReactJSGlobalMentoring-Client\\src\\Store\\Sagas\\filterMovies.js": {"path":"C:\\Users\\Tim_New\\Projects\\React_Training\\ReactJSGlobalMentoring-Client\\src\\Store\\Sagas\\filterMovies.js","statementMap":{"0":{"start":{"line":8,"column":4},"end":{"line":13,"column":5}},"1":{"start":{"line":9,"column":23},"end":{"line":9,"column":63}},"2":{"start":{"line":10,"column":8},"end":{"line":10,"column":40}},"3":{"start":{"line":12,"column":8},"end":{"line":12,"column":58}},"4":{"start":{"line":17,"column":4},"end":{"line":17,"column":61}}},"fnMap":{"0":{"name":"filterMoviesSaga","decl":{"start":{"line":7,"column":17},"end":{"line":7,"column":33}},"loc":{"start":{"line":7,"column":47},"end":{"line":14,"column":1}},"line":7},"1":{"name":"watchMoviesFilter","decl":{"start":{"line":16,"column":17},"end":{"line":16,"column":34}},"loc":{"start":{"line":16,"column":37},"end":{"line":18,"column":1}},"line":16}},"branchMap":{},"s":{"0":1,"1":1,"2":1,"3":0,"4":8},"f":{"0":1,"1":8},"b":{},"_coverageSchema":"1a1c01bbd47fc00a2c39e90264f33305004495a9","hash":"b080cc6879e5b1e459c627e23ae849c781a815bb"}
,"C:\\Users\\Tim_New\\Projects\\React_Training\\ReactJSGlobalMentoring-Client\\src\\Store\\Sagas\\getMovie.js": {"path":"C:\\Users\\Tim_New\\Projects\\React_Training\\ReactJSGlobalMentoring-Client\\src\\Store\\Sagas\\getMovie.js","statementMap":{"0":{"start":{"line":8,"column":4},"end":{"line":13,"column":5}},"1":{"start":{"line":9,"column":22},"end":{"line":9,"column":58}},"2":{"start":{"line":10,"column":8},"end":{"line":10,"column":35}},"3":{"start":{"line":12,"column":8},"end":{"line":12,"column":54}},"4":{"start":{"line":17,"column":4},"end":{"line":17,"column":53}}},"fnMap":{"0":{"name":"getMovieSaga","decl":{"start":{"line":7,"column":17},"end":{"line":7,"column":29}},"loc":{"start":{"line":7,"column":43},"end":{"line":14,"column":1}},"line":7},"1":{"name":"watchGetMovie","decl":{"start":{"line":16,"column":17},"end":{"line":16,"column":30}},"loc":{"start":{"line":16,"column":33},"end":{"line":18,"column":1}},"line":16}},"branchMap":{},"s":{"0":2,"1":2,"2":1,"3":0,"4":8},"f":{"0":2,"1":8},"b":{},"_coverageSchema":"1a1c01bbd47fc00a2c39e90264f33305004495a9","hash":"f2a97c4dee2f5a970d68a647cd1f448bcf361ab9"}
,"C:\\Users\\Tim_New\\Projects\\React_Training\\ReactJSGlobalMentoring-Client\\src\\Store\\Sagas\\index.js": {"path":"C:\\Users\\Tim_New\\Projects\\React_Training\\ReactJSGlobalMentoring-Client\\src\\Store\\Sagas\\index.js","statementMap":{"0":{"start":{"line":12,"column":4},"end":{"line":20,"column":7}}},"fnMap":{"0":{"name":"rootSaga","decl":{"start":{"line":11,"column":25},"end":{"line":11,"column":33}},"loc":{"start":{"line":11,"column":36},"end":{"line":21,"column":1}},"line":11}},"branchMap":{},"s":{"0":8},"f":{"0":8},"b":{},"_coverageSchema":"1a1c01bbd47fc00a2c39e90264f33305004495a9","hash":"0f168f6b9da5678d5eafc027987dccbf63ca3a64"}
,"C:\\Users\\Tim_New\\Projects\\React_Training\\ReactJSGlobalMentoring-Client\\src\\Store\\Sagas\\searchMovies.js": {"path":"C:\\Users\\Tim_New\\Projects\\React_Training\\ReactJSGlobalMentoring-Client\\src\\Store\\Sagas\\searchMovies.js","statementMap":{"0":{"start":{"line":8,"column":4},"end":{"line":13,"column":5}},"1":{"start":{"line":9,"column":22},"end":{"line":9,"column":62}},"2":{"start":{"line":10,"column":8},"end":{"line":10,"column":39}},"3":{"start":{"line":12,"column":8},"end":{"line":12,"column":58}},"4":{"start":{"line":17,"column":4},"end":{"line":17,"column":61}}},"fnMap":{"0":{"name":"searchMoviesSaga","decl":{"start":{"line":7,"column":17},"end":{"line":7,"column":33}},"loc":{"start":{"line":7,"column":47},"end":{"line":14,"column":1}},"line":7},"1":{"name":"watchMoviesSearch","decl":{"start":{"line":16,"column":17},"end":{"line":16,"column":34}},"loc":{"start":{"line":16,"column":37},"end":{"line":18,"column":1}},"line":16}},"branchMap":{},"s":{"0":2,"1":2,"2":1,"3":0,"4":8},"f":{"0":2,"1":8},"b":{},"_coverageSchema":"1a1c01bbd47fc00a2c39e90264f33305004495a9","hash":"2fb9de3c8ab9ec1528088a86bd92f38e99fa4550"}
,"C:\\Users\\Tim_New\\Projects\\React_Training\\ReactJSGlobalMentoring-Client\\src\\Store\\Slices\\movies.js": {"path":"C:\\Users\\Tim_New\\Projects\\React_Training\\ReactJSGlobalMentoring-Client\\src\\Store\\Slices\\movies.js","statementMap":{"0":{"start":{"line":3,"column":21},"end":{"line":6,"column":1}},"1":{"start":{"line":8,"column":20},"end":{"line":53,"column":2}},"2":{"start":{"line":13,"column":12},"end":{"line":13,"column":46}},"3":{"start":{"line":16,"column":33},"end":{"line":16,"column":47}},"4":{"start":{"line":18,"column":12},"end":{"line":20,"column":13}},"5":{"start":{"line":19,"column":16},"end":{"line":19,"column":53}},"6":{"start":{"line":22,"column":12},"end":{"line":27,"column":15}},"7":{"start":{"line":23,"column":16},"end":{"line":25,"column":17}},"8":{"start":{"line":24,"column":20},"end":{"line":24,"column":57}},"9":{"start":{"line":26,"column":16},"end":{"line":26,"column":29}},"10":{"start":{"line":30,"column":23},"end":{"line":30,"column":37}},"11":{"start":{"line":31,"column":12},"end":{"line":31,"column":75}},"12":{"start":{"line":31,"column":58},"end":{"line":31,"column":73}},"13":{"start":{"line":34,"column":12},"end":{"line":34,"column":49}},"14":{"start":{"line":37,"column":12},"end":{"line":37,"column":42}},"15":{"start":{"line":40,"column":12},"end":{"line":40,"column":42}},"16":{"start":{"line":43,"column":12},"end":{"line":43,"column":42}},"17":{"start":{"line":46,"column":26},"end":{"line":46,"column":40}},"18":{"start":{"line":47,"column":30},"end":{"line":47,"column":42}},"19":{"start":{"line":48,"column":12},"end":{"line":50,"column":14}},"20":{"start":{"line":49,"column":16},"end":{"line":49,"column":44}},"21":{"start":{"line":64,"column":4},"end":{"line":64,"column":23}}},"fnMap":{"0":{"name":"(anonymous_0)","decl":{"start":{"line":12,"column":18},"end":{"line":12,"column":19}},"loc":{"start":{"line":12,"column":37},"end":{"line":14,"column":9}},"line":12},"1":{"name":"(anonymous_1)","decl":{"start":{"line":15,"column":19},"end":{"line":15,"column":20}},"loc":{"start":{"line":15,"column":38},"end":{"line":28,"column":9}},"line":15},"2":{"name":"(anonymous_2)","decl":{"start":{"line":22,"column":44},"end":{"line":22,"column":45}},"loc":{"start":{"line":22,"column":55},"end":{"line":27,"column":13}},"line":22},"3":{"name":"(anonymous_3)","decl":{"start":{"line":29,"column":21},"end":{"line":29,"column":22}},"loc":{"start":{"line":29,"column":40},"end":{"line":32,"column":9}},"line":29},"4":{"name":"(anonymous_4)","decl":{"start":{"line":31,"column":47},"end":{"line":31,"column":48}},"loc":{"start":{"line":31,"column":58},"end":{"line":31,"column":73}},"line":31},"5":{"name":"(anonymous_5)","decl":{"start":{"line":33,"column":18},"end":{"line":33,"column":19}},"loc":{"start":{"line":33,"column":37},"end":{"line":35,"column":9}},"line":33},"6":{"name":"(anonymous_6)","decl":{"start":{"line":36,"column":21},"end":{"line":36,"column":22}},"loc":{"start":{"line":36,"column":40},"end":{"line":38,"column":9}},"line":36},"7":{"name":"(anonymous_7)","decl":{"start":{"line":39,"column":22},"end":{"line":39,"column":23}},"loc":{"start":{"line":39,"column":41},"end":{"line":41,"column":9}},"line":39},"8":{"name":"(anonymous_8)","decl":{"start":{"line":42,"column":22},"end":{"line":42,"column":23}},"loc":{"start":{"line":42,"column":41},"end":{"line":44,"column":9}},"line":42},"9":{"name":"(anonymous_9)","decl":{"start":{"line":45,"column":20},"end":{"line":45,"column":21}},"loc":{"start":{"line":45,"column":39},"end":{"line":51,"column":9}},"line":45},"10":{"name":"(anonymous_10)","decl":{"start":{"line":48,"column":42},"end":{"line":48,"column":43}},"loc":{"start":{"line":49,"column":16},"end":{"line":49,"column":44}},"line":49}},"branchMap":{"0":{"loc":{"start":{"line":18,"column":12},"end":{"line":20,"column":13}},"type":"if","locations":[{"start":{"line":18,"column":12},"end":{"line":20,"column":13}},{"start":{"line":18,"column":12},"end":{"line":20,"column":13}}],"line":18},"1":{"loc":{"start":{"line":23,"column":16},"end":{"line":25,"column":17}},"type":"if","locations":[{"start":{"line":23,"column":16},"end":{"line":25,"column":17}},{"start":{"line":23,"column":16},"end":{"line":25,"column":17}}],"line":23},"2":{"loc":{"start":{"line":49,"column":16},"end":{"line":49,"column":44}},"type":"cond-expr","locations":[{"start":{"line":49,"column":38},"end":{"line":49,"column":39}},{"start":{"line":49,"column":42},"end":{"line":49,"column":44}}],"line":49}},"s":{"0":10,"1":10,"2":1,"3":1,"4":1,"5":0,"6":1,"7":1,"8":1,"9":0,"10":1,"11":1,"12":1,"13":1,"14":2,"15":0,"16":1,"17":1,"18":1,"19":1,"20":1,"21":10},"f":{"0":1,"1":1,"2":1,"3":1,"4":1,"5":1,"6":2,"7":0,"8":1,"9":1,"10":1},"b":{"0":[0,1],"1":[1,0],"2":[0,1]},"_coverageSchema":"1a1c01bbd47fc00a2c39e90264f33305004495a9","hash":"a1fca2471378bf3387e03c16a3fa298b71a0be70"}
}
