TN:
SF:src\App.js
FN:14,App
FN:15,(anonymous_1)
FNF:2
FNH:2
FNDA:1,App
FNDA:2,(anonymous_1)
DA:15,2
DA:16,1
DA:18,1
LF:3
LH:3
BRDA:25,0,0,1
BRDA:25,0,1,0
BRF:2
BRH:1
end_of_record
TN:
SF:src\i18n.js
FNF:0
FNH:0
DA:5,2
LF:1
LH:1
BRF:0
BRH:0
end_of_record
TN:
SF:src\index.js
FNF:0
FNH:0
DA:12,0
LF:1
LH:0
BRF:0
BRH:0
end_of_record
TN:
SF:src\Components\ErrorBoundary\ErrorBoundary.js
FN:7,(anonymous_0)
FN:12,(anonymous_1)
FN:17,(anonymous_2)
FNF:3
FNH:2
FNDA:1,(anonymous_0)
FNDA:0,(anonymous_1)
FNDA:1,(anonymous_2)
DA:8,1
DA:9,1
DA:13,0
DA:14,0
DA:18,1
DA:20,0
DA:23,1
LF:7
LH:4
BRDA:18,0,0,0
BRDA:18,0,1,1
BRF:2
BRH:1
end_of_record
TN:
SF:src\Components\Footer\Footer.js
FN:8,Footer
FNF:1
FNH:1
FNDA:1,Footer
DA:9,1
DA:10,1
DA:12,1
LF:3
LH:3
BRF:0
BRH:0
end_of_record
TN:
SF:src\Components\Image\Image.js
FN:6,Image
FNF:1
FNH:1
FNDA:5,Image
DA:8,5
DA:10,5
DA:14,0
LF:3
LH:2
BRDA:8,0,0,3
BRDA:8,0,1,2
BRF:2
BRH:2
end_of_record
TN:
SF:src\Components\Modals\Dropdown.js
FN:3,Dropdown
FN:6,(anonymous_1)
FN:10,(anonymous_2)
FN:12,(anonymous_3)
FNF:4
FNH:3
FNDA:59,Dropdown
FNDA:0,(anonymous_1)
FNDA:59,(anonymous_2)
FNDA:649,(anonymous_3)
DA:4,59
DA:6,59
DA:7,0
DA:10,59
DA:12,59
DA:13,649
DA:26,59
LF:7
LH:6
BRDA:35,0,0,0
BRDA:35,0,1,59
BRF:2
BRH:1
end_of_record
TN:
SF:src\Components\Modals\RootModal.js
FN:16,Modal
FN:40,(anonymous_1)
FN:66,(anonymous_2)
FN:80,(anonymous_3)
FN:86,(anonymous_4)
FN:95,(anonymous_5)
FN:99,(anonymous_6)
FNF:7
FNH:3
FNDA:64,Modal
FNDA:2,(anonymous_1)
FNDA:0,(anonymous_2)
FNDA:0,(anonymous_3)
FNDA:0,(anonymous_4)
FNDA:0,(anonymous_5)
FNDA:61,(anonymous_6)
DA:17,64
DA:19,63
DA:20,63
DA:22,63
DA:40,63
DA:41,2
DA:42,2
DA:43,2
DA:45,2
DA:46,1
DA:48,2
DA:49,2
DA:51,2
DA:52,2
DA:54,2
DA:55,2
DA:57,2
DA:60,63
DA:67,0
DA:68,0
DA:69,0
DA:73,63
DA:81,0
DA:82,0
DA:86,63
DA:87,0
DA:88,0
DA:92,0
DA:95,63
DA:96,0
DA:99,63
DA:100,61
DA:101,61
DA:103,26
DA:105,33
DA:107,2
DA:109,0
DA:113,63
LF:38
LH:28
BRDA:24,0,0,63
BRDA:24,0,1,30
BRDA:25,1,0,63
BRDA:25,1,1,63
BRDA:26,2,0,63
BRDA:26,2,1,30
BRDA:27,3,0,63
BRDA:27,3,1,30
BRDA:28,4,0,63
BRDA:28,4,1,30
BRDA:29,5,0,63
BRDA:29,5,1,30
BRDA:30,6,0,63
BRDA:30,6,1,63
BRDA:31,7,0,63
BRDA:31,7,1,30
BRDA:32,8,0,63
BRDA:32,8,1,30
BRDA:33,9,0,63
BRDA:33,9,1,30
BRDA:34,10,0,63
BRDA:34,10,1,63
BRDA:36,11,0,63
BRDA:36,11,1,30
BRDA:42,12,0,2
BRDA:42,12,1,0
BRDA:45,13,0,1
BRDA:45,13,1,1
BRDA:48,14,0,2
BRDA:48,14,1,0
BRDA:51,15,0,2
BRDA:51,15,1,0
BRDA:54,16,0,2
BRDA:54,16,1,0
BRDA:101,17,0,26
BRDA:101,17,1,33
BRDA:101,17,2,2
BRDA:101,17,3,0
BRDA:113,18,0,61
BRDA:113,18,1,2
BRF:40
BRH:35
end_of_record
TN:
SF:src\Components\Modals\AddMovie\AddMovie.js
FN:11,AddMovie
FN:14,(anonymous_1)
FN:21,(anonymous_2)
FN:29,(anonymous_3)
FN:52,(anonymous_4)
FN:76,(anonymous_5)
FN:97,(anonymous_6)
FN:117,(anonymous_7)
FN:140,(anonymous_8)
FN:165,(anonymous_9)
FN:177,(anonymous_10)
FN:198,(anonymous_11)
FNF:12
FNH:10
FNDA:26,AddMovie
FNDA:0,(anonymous_1)
FNDA:0,(anonymous_2)
FNDA:26,(anonymous_3)
FNDA:26,(anonymous_4)
FNDA:26,(anonymous_5)
FNDA:26,(anonymous_6)
FNDA:26,(anonymous_7)
FNDA:26,(anonymous_8)
FNDA:26,(anonymous_9)
FNDA:26,(anonymous_10)
FNDA:26,(anonymous_11)
DA:12,26
DA:14,26
DA:16,0
DA:17,0
DA:20,0
DA:21,0
DA:23,0
DA:26,0
DA:29,26
DA:30,26
DA:52,26
DA:53,26
DA:76,26
DA:77,26
DA:97,26
DA:98,26
DA:117,26
DA:118,26
DA:140,26
DA:141,26
DA:165,26
DA:166,26
DA:177,26
DA:178,26
DA:198,26
DA:199,26
DA:213,26
LF:27
LH:21
BRDA:20,0,0,0
BRDA:20,0,1,0
BRDA:43,1,0,2
BRDA:43,1,1,24
BRDA:67,2,0,2
BRDA:67,2,1,24
BRDA:90,3,0,0
BRDA:90,3,1,26
BRDA:108,4,0,2
BRDA:108,4,1,24
BRDA:131,5,0,2
BRDA:131,5,1,24
BRDA:156,6,0,2
BRDA:156,6,1,24
BRF:14
BRH:11
end_of_record
TN:
SF:src\Components\Modals\DeleteMovie\DeleteMovie.js
FN:8,DeleteMovie
FNF:1
FNH:1
FNDA:2,DeleteMovie
DA:9,2
DA:10,2
LF:2
LH:2
BRF:0
BRH:0
end_of_record
TN:
SF:src\Components\Modals\EditMovie\EditMovie.js
FN:11,EditMovie
FN:14,(anonymous_1)
FN:21,(anonymous_2)
FN:29,(anonymous_3)
FN:44,(anonymous_4)
FN:66,(anonymous_5)
FN:89,(anonymous_6)
FN:109,(anonymous_7)
FN:129,(anonymous_8)
FN:151,(anonymous_9)
FN:175,(anonymous_10)
FN:187,(anonymous_11)
FN:208,(anonymous_12)
FNF:13
FNH:11
FNDA:33,EditMovie
FNDA:0,(anonymous_1)
FNDA:0,(anonymous_2)
FNDA:33,(anonymous_3)
FNDA:33,(anonymous_4)
FNDA:33,(anonymous_5)
FNDA:33,(anonymous_6)
FNDA:33,(anonymous_7)
FNDA:33,(anonymous_8)
FNDA:33,(anonymous_9)
FNDA:33,(anonymous_10)
FNDA:33,(anonymous_11)
FNDA:33,(anonymous_12)
DA:12,33
DA:14,33
DA:16,0
DA:17,0
DA:20,0
DA:21,0
DA:23,0
DA:26,0
DA:29,33
DA:30,33
DA:44,33
DA:45,33
DA:66,33
DA:67,33
DA:89,33
DA:90,33
DA:109,33
DA:110,33
DA:129,33
DA:130,33
DA:151,33
DA:152,33
DA:175,33
DA:176,33
DA:187,33
DA:188,33
DA:208,33
DA:209,33
DA:224,33
LF:29
LH:23
BRDA:20,0,0,0
BRDA:20,0,1,0
BRDA:57,1,0,2
BRDA:57,1,1,31
BRDA:80,2,0,2
BRDA:80,2,1,31
BRDA:102,3,0,0
BRDA:102,3,1,33
BRDA:120,4,0,0
BRDA:120,4,1,33
BRDA:142,5,0,2
BRDA:142,5,1,31
BRDA:166,6,0,2
BRDA:166,6,1,31
BRF:14
BRH:10
end_of_record
TN:
SF:src\Components\MovieDetails\MovieDetails.js
FN:12,MovieDetails
FN:14,(anonymous_1)
FN:18,(anonymous_2)
FN:22,(anonymous_3)
FNF:4
FNH:4
FNDA:2,MovieDetails
FNDA:4,(anonymous_1)
FNDA:1,(anonymous_2)
FNDA:1,(anonymous_3)
DA:13,2
DA:14,4
DA:16,2
DA:18,2
DA:19,1
DA:22,2
DA:23,1
DA:27,2
DA:31,2
LF:9
LH:9
BRDA:27,0,0,0
BRDA:27,0,1,2
BRF:2
BRH:1
end_of_record
TN:
SF:src\Components\MovieDetails\Header\Header.js
FN:14,Header
FN:21,(anonymous_1)
FN:28,(anonymous_2)
FN:32,(anonymous_3)
FNF:4
FNH:2
FNDA:3,Header
FNDA:3,(anonymous_1)
FNDA:0,(anonymous_2)
FNDA:0,(anonymous_3)
DA:15,3
DA:16,3
DA:17,3
DA:18,3
DA:19,3
DA:21,3
DA:22,3
DA:23,3
DA:24,0
DA:28,3
DA:29,0
DA:32,3
DA:33,0
DA:36,3
DA:38,3
LF:15
LH:12
BRDA:23,0,0,0
BRDA:23,0,1,3
BRDA:50,1,0,0
BRDA:50,1,1,3
BRDA:64,2,0,0
BRDA:64,2,1,3
BRF:6
BRH:3
end_of_record
TN:
SF:src\Components\MovieDetails\Header\Search.js
FN:8,Search
FN:13,(anonymous_1)
FN:19,(anonymous_2)
FN:23,(anonymous_3)
FNF:4
FNH:3
FNDA:7,Search
FNDA:4,(anonymous_1)
FNDA:0,(anonymous_2)
FNDA:4,(anonymous_3)
DA:9,7
DA:10,7
DA:11,7
DA:13,7
DA:14,4
DA:15,0
DA:19,7
DA:20,0
DA:23,7
DA:24,4
DA:27,7
LF:11
LH:9
BRDA:14,0,0,0
BRDA:14,0,1,4
BRF:2
BRH:1
end_of_record
TN:
SF:src\Components\MovieList\MovieList.js
FN:11,MovieList
FN:16,(anonymous_1)
FN:18,(anonymous_2)
FN:25,(anonymous_3)
FN:28,(anonymous_4)
FNF:5
FNH:4
FNDA:1,MovieList
FNDA:3,(anonymous_1)
FNDA:1,(anonymous_2)
FNDA:1,(anonymous_3)
FNDA:0,(anonymous_4)
DA:12,1
DA:13,1
DA:14,1
DA:16,3
DA:18,1
DA:19,1
DA:20,1
DA:21,1
DA:25,1
DA:28,1
DA:30,1
LF:11
LH:11
BRDA:20,0,0,1
BRDA:20,0,1,0
BRF:2
BRH:1
end_of_record
TN:
SF:src\Components\MovieList\MovieCard\MovieCard.js
FN:20,MovieCard
FN:25,(anonymous_1)
FN:37,(anonymous_2)
FN:47,(anonymous_3)
FN:52,(anonymous_4)
FNF:5
FNH:2
FNDA:3,MovieCard
FNDA:0,(anonymous_1)
FNDA:0,(anonymous_2)
FNDA:1,(anonymous_3)
FNDA:0,(anonymous_4)
DA:21,3
DA:22,3
DA:23,3
DA:25,3
DA:26,0
DA:27,0
DA:34,0
DA:37,3
DA:38,0
DA:39,0
DA:40,0
DA:44,0
DA:47,3
DA:48,1
DA:49,1
DA:52,3
DA:53,0
DA:57,3
DA:62,3
DA:64,3
DA:146,3
DA:163,3
LF:22
LH:14
BRDA:57,0,0,3
BRDA:57,0,1,0
BRDA:62,1,0,0
BRDA:62,1,1,3
BRDA:89,2,0,1
BRDA:89,2,1,2
BRDA:97,3,0,1
BRDA:97,3,1,2
BRF:8
BRH:6
end_of_record
TN:
SF:src\Components\Nav\Nav.js
FN:13,Nav
FN:16,(anonymous_1)
FN:19,(anonymous_2)
FN:21,(anonymous_3)
FN:25,(anonymous_4)
FN:29,(anonymous_5)
FN:38,(anonymous_6)
FN:42,(anonymous_7)
FNF:8
FNH:3
FNDA:2,Nav
FNDA:4,(anonymous_1)
FNDA:0,(anonymous_2)
FNDA:0,(anonymous_3)
FNDA:0,(anonymous_4)
FNDA:0,(anonymous_5)
FNDA:2,(anonymous_6)
FNDA:0,(anonymous_7)
DA:14,2
DA:15,2
DA:16,4
DA:18,2
DA:19,0
DA:21,0
DA:25,2
DA:26,0
DA:29,2
DA:30,0
DA:31,0
DA:32,0
DA:34,0
DA:38,2
DA:42,2
DA:43,0
DA:46,2
LF:17
LH:9
BRDA:31,0,0,0
BRDA:31,0,1,0
BRF:2
BRH:0
end_of_record
TN:
SF:src\Components\Nav\Link\Link.js
FN:4,Link
FNF:1
FNH:1
FNDA:2,Link
DA:5,2
DA:6,2
DA:7,2
DA:9,2
LF:4
LH:4
BRDA:4,0,0,0
BRDA:7,1,0,0
BRDA:7,1,1,2
BRF:3
BRH:1
end_of_record
TN:
SF:src\Components\NoMovies\NoMovies.js
FN:8,NoMovies
FNF:1
FNH:1
FNDA:1,NoMovies
DA:9,1
DA:10,1
LF:2
LH:2
BRF:0
BRH:0
end_of_record
TN:
SF:src\Components\NotFound\NotFound.js
FN:9,NotFound
FNF:1
FNH:1
FNDA:1,NotFound
DA:10,1
DA:11,1
DA:13,1
LF:3
LH:3
BRF:0
BRH:0
end_of_record
TN:
SF:src\Core\API\addMovieAPI.js
FN:3,(anonymous_0)
FN:11,(anonymous_1)
FN:12,(anonymous_2)
FNF:3
FNH:1
FNDA:1,(anonymous_0)
FNDA:0,(anonymous_1)
FNDA:0,(anonymous_2)
DA:3,9
DA:4,1
DA:5,1
DA:7,0
DA:11,0
DA:12,0
LF:6
LH:3
BRF:0
BRH:0
end_of_record
TN:
SF:src\Core\API\axiosInstance.js
FNF:0
FNH:0
DA:3,9
LF:1
LH:1
BRF:0
BRH:0
end_of_record
TN:
SF:src\Core\API\deleteMovieAPI.js
FN:3,(anonymous_0)
FNF:1
FNH:1
FNDA:1,(anonymous_0)
DA:3,9
DA:4,1
DA:5,1
LF:3
LH:3
BRF:0
BRH:0
end_of_record
TN:
SF:src\Core\API\editMovieAPI.js
FN:3,(anonymous_0)
FN:11,(anonymous_1)
FN:12,(anonymous_2)
FNF:3
FNH:0
FNDA:0,(anonymous_0)
FNDA:0,(anonymous_1)
FNDA:0,(anonymous_2)
DA:3,9
DA:4,0
DA:5,0
DA:7,0
DA:11,0
DA:12,0
LF:6
LH:1
BRF:0
BRH:0
end_of_record
TN:
SF:src\Core\API\fetchMoviesAPI.js
FN:3,(anonymous_0)
FN:6,(anonymous_1)
FN:7,(anonymous_2)
FNF:3
FNH:2
FNDA:1,(anonymous_0)
FNDA:0,(anonymous_1)
FNDA:1,(anonymous_2)
DA:3,9
DA:4,1
DA:6,0
DA:7,1
LF:4
LH:3
BRF:0
BRH:0
end_of_record
TN:
SF:src\Core\API\filterMoviesAPI.js
FN:3,(anonymous_0)
FN:10,(anonymous_1)
FN:11,(anonymous_2)
FNF:3
FNH:2
FNDA:1,(anonymous_0)
FNDA:0,(anonymous_1)
FNDA:1,(anonymous_2)
DA:3,9
DA:4,1
DA:6,1
DA:10,0
DA:11,1
LF:5
LH:4
BRF:0
BRH:0
end_of_record
TN:
SF:src\Core\API\getMovieAPI.js
FN:3,(anonymous_0)
FN:8,(anonymous_1)
FN:9,(anonymous_2)
FNF:3
FNH:2
FNDA:2,(anonymous_0)
FNDA:0,(anonymous_1)
FNDA:1,(anonymous_2)
DA:3,9
DA:4,2
DA:6,2
DA:8,0
DA:9,1
LF:5
LH:4
BRF:0
BRH:0
end_of_record
TN:
SF:src\Core\API\searchMoviesAPI.js
FN:3,(anonymous_0)
FN:13,(anonymous_1)
FN:14,(anonymous_2)
FNF:3
FNH:2
FNDA:2,(anonymous_0)
FNDA:0,(anonymous_1)
FNDA:1,(anonymous_2)
DA:3,9
DA:4,2
DA:6,2
DA:13,0
DA:14,1
LF:5
LH:4
BRF:0
BRH:0
end_of_record
TN:
SF:src\Core\Constants\index.js
FNF:0
FNH:0
DA:1,6
DA:2,6
DA:3,6
DA:5,6
DA:7,6
DA:8,6
DA:9,6
DA:11,6
LF:8
LH:8
BRF:0
BRH:0
end_of_record
TN:
SF:src\Core\I18N\en.js
FNF:0
FNH:0
DA:3,7
LF:1
LH:1
BRF:0
BRH:0
end_of_record
TN:
SF:src\Core\I18N\index.js
FNF:0
FNH:0
DA:1,7
DA:38,7
DA:40,7
LF:3
LH:3
BRF:0
BRH:0
end_of_record
TN:
SF:src\HOCs\Context\ModalContext.js
FN:3,(anonymous_0)
FN:7,(anonymous_1)
FN:18,(anonymous_2)
FNF:3
FNH:2
FNDA:1,(anonymous_0)
FNDA:0,(anonymous_1)
FNDA:1,(anonymous_2)
DA:3,7
DA:4,1
DA:5,1
DA:7,1
DA:8,0
DA:9,0
DA:12,1
DA:15,7
DA:16,7
DA:18,7
DA:19,1
DA:24,1
LF:12
LH:10
BRDA:7,0,0,0
BRF:1
BRH:0
end_of_record
TN:
SF:src\HOCs\Layout\Layout.js
FN:9,Layout
FNF:1
FNH:1
FNDA:1,Layout
DA:10,1
LF:1
LH:1
BRF:0
BRH:0
end_of_record
TN:
SF:src\Store\actionTypes.js
FNF:0
FNH:0
DA:1,9
LF:1
LH:1
BRF:0
BRH:0
end_of_record
TN:
SF:src\Store\index.js
FNF:0
FNH:0
DA:7,8
DA:8,8
DA:10,8
DA:15,8
LF:4
LH:4
BRF:0
BRH:0
end_of_record
TN:
SF:src\Store\Sagas\addMovie.js
FN:7,addMovieSaga
FN:16,watchAddMovie
FNF:2
FNH:2
FNDA:1,addMovieSaga
FNDA:8,watchAddMovie
DA:8,1
DA:9,1
DA:10,0
DA:12,1
DA:17,8
LF:5
LH:4
BRF:0
BRH:0
end_of_record
TN:
SF:src\Store\Sagas\deleteMovie.js
FN:7,deleteMovieSaga
FN:16,watchDeleteMovie
FNF:2
FNH:2
FNDA:1,deleteMovieSaga
FNDA:8,watchDeleteMovie
DA:8,1
DA:9,1
DA:10,0
DA:12,1
DA:17,8
LF:5
LH:4
BRF:0
BRH:0
end_of_record
TN:
SF:src\Store\Sagas\editMovie.js
FN:7,editMovieSaga
FN:17,watchEditMovie
FNF:2
FNH:2
FNDA:1,editMovieSaga
FNDA:8,watchEditMovie
DA:8,1
DA:9,1
DA:10,0
DA:11,0
DA:13,1
DA:18,8
LF:6
LH:4
BRF:0
BRH:0
end_of_record
TN:
SF:src\Store\Sagas\fetchMovies.js
FN:7,fetchMoviesSaga
FN:16,watchMovies
FNF:2
FNH:2
FNDA:1,fetchMoviesSaga
FNDA:8,watchMovies
DA:8,1
DA:9,1
DA:10,1
DA:12,0
DA:17,8
LF:5
LH:4
BRF:0
BRH:0
end_of_record
TN:
SF:src\Store\Sagas\filterMovies.js
FN:7,filterMoviesSaga
FN:16,watchMoviesFilter
FNF:2
FNH:2
FNDA:1,filterMoviesSaga
FNDA:8,watchMoviesFilter
DA:8,1
DA:9,1
DA:10,1
DA:12,0
DA:17,8
LF:5
LH:4
BRF:0
BRH:0
end_of_record
TN:
SF:src\Store\Sagas\getMovie.js
FN:7,getMovieSaga
FN:16,watchGetMovie
FNF:2
FNH:2
FNDA:2,getMovieSaga
FNDA:8,watchGetMovie
DA:8,2
DA:9,2
DA:10,1
DA:12,0
DA:17,8
LF:5
LH:4
BRF:0
BRH:0
end_of_record
TN:
SF:src\Store\Sagas\index.js
FN:11,rootSaga
FNF:1
FNH:1
FNDA:8,rootSaga
DA:12,8
LF:1
LH:1
BRF:0
BRH:0
end_of_record
TN:
SF:src\Store\Sagas\searchMovies.js
FN:7,searchMoviesSaga
FN:16,watchMoviesSearch
FNF:2
FNH:2
FNDA:2,searchMoviesSaga
FNDA:8,watchMoviesSearch
DA:8,2
DA:9,2
DA:10,1
DA:12,0
DA:17,8
LF:5
LH:4
BRF:0
BRH:0
end_of_record
TN:
SF:src\Store\Slices\movies.js
FN:12,(anonymous_0)
FN:15,(anonymous_1)
FN:22,(anonymous_2)
FN:29,(anonymous_3)
FN:31,(anonymous_4)
FN:33,(anonymous_5)
FN:36,(anonymous_6)
FN:39,(anonymous_7)
FN:42,(anonymous_8)
FN:45,(anonymous_9)
FN:48,(anonymous_10)
FNF:11
FNH:10
FNDA:1,(anonymous_0)
FNDA:1,(anonymous_1)
FNDA:1,(anonymous_2)
FNDA:1,(anonymous_3)
FNDA:1,(anonymous_4)
FNDA:1,(anonymous_5)
FNDA:2,(anonymous_6)
FNDA:0,(anonymous_7)
FNDA:1,(anonymous_8)
FNDA:1,(anonymous_9)
FNDA:1,(anonymous_10)
DA:3,10
DA:8,10
DA:13,1
DA:16,1
DA:18,1
DA:19,0
DA:22,1
DA:23,1
DA:24,1
DA:26,0
DA:30,1
DA:31,1
DA:34,1
DA:37,2
DA:40,0
DA:43,1
DA:46,1
DA:47,1
DA:48,1
DA:49,1
DA:64,10
LF:21
LH:18
BRDA:18,0,0,0
BRDA:18,0,1,1
BRDA:23,1,0,1
BRDA:23,1,1,0
BRDA:49,2,0,0
BRDA:49,2,1,1
BRF:6
BRH:3
end_of_record
