TN:
SF:src\App.js
FN:14,App
FNF:1
FNH:1
FNDA:1,App
DA:15,1
LF:1
LH:1
BRF:0
BRH:0
end_of_record
TN:
SF:src\index.js
FNF:0
FNH:0
DA:9,0
LF:1
LH:0
BRF:0
BRH:0
end_of_record
TN:
SF:src\Components\ErrorBoundary.js
FN:4,(anonymous_0)
FN:9,(anonymous_1)
FN:14,(anonymous_2)
FNF:3
FNH:2
FNDA:1,(anonymous_0)
FNDA:0,(anonymous_1)
FNDA:1,(anonymous_2)
DA:5,1
DA:6,1
DA:10,0
DA:11,0
DA:15,1
DA:17,0
DA:22,1
LF:7
LH:4
BRDA:15,0,0,0
BRDA:15,0,1,1
BRF:2
BRH:1
end_of_record
TN:
SF:src\Components\Footer\Footer.js
FN:5,Footer
FNF:1
FNH:1
FNDA:1,Footer
DA:6,1
LF:1
LH:1
BRF:0
BRH:0
end_of_record
TN:
SF:src\Components\Header\Header.js
FN:9,Header
FN:15,(anonymous_1)
FN:24,(anonymous_2)
FN:28,(anonymous_3)
FNF:4
FNH:2
FNDA:3,Header
FNDA:3,(anonymous_1)
FNDA:0,(anonymous_2)
FNDA:0,(anonymous_3)
DA:10,3
DA:11,3
DA:12,3
DA:13,3
DA:15,3
DA:16,3
DA:17,3
DA:18,0
DA:19,0
DA:24,3
DA:25,0
DA:28,3
DA:29,0
DA:32,3
LF:14
LH:10
BRDA:17,0,0,0
BRDA:17,0,1,3
BRDA:42,1,0,0
BRDA:42,1,1,3
BRDA:57,2,0,0
BRDA:57,2,1,3
BRF:6
BRH:3
end_of_record
TN:
SF:src\Components\Header\Search.js
FN:4,Search
FN:8,(anonymous_1)
FN:14,(anonymous_2)
FN:18,(anonymous_3)
FNF:4
FNH:3
FNDA:7,Search
FNDA:4,(anonymous_1)
FNDA:0,(anonymous_2)
FNDA:4,(anonymous_3)
DA:5,7
DA:6,7
DA:8,7
DA:9,4
DA:10,0
DA:14,7
DA:15,0
DA:18,7
DA:19,4
DA:22,7
LF:10
LH:8
BRDA:9,0,0,0
BRDA:9,0,1,4
BRF:2
BRH:1
end_of_record
TN:
SF:src\Components\Layout\Layout.js
FN:10,Layout
FNF:1
FNH:1
FNDA:1,Layout
DA:11,1
LF:1
LH:1
BRF:0
BRH:0
end_of_record
TN:
SF:src\Components\Modals\RootModal.js
FN:13,Modal
FN:49,(anonymous_1)
FN:75,(anonymous_2)
FN:89,(anonymous_3)
FN:95,(anonymous_4)
FN:104,(anonymous_5)
FN:108,(anonymous_6)
FNF:7
FNH:3
FNDA:63,Modal
FNDA:2,(anonymous_1)
FNDA:0,(anonymous_2)
FNDA:0,(anonymous_3)
FNDA:0,(anonymous_4)
FNDA:0,(anonymous_5)
FNDA:61,(anonymous_6)
DA:14,63
DA:16,63
DA:17,63
DA:19,63
DA:33,63
DA:49,63
DA:50,2
DA:51,2
DA:52,2
DA:54,2
DA:55,1
DA:57,2
DA:58,2
DA:60,2
DA:61,2
DA:63,2
DA:64,2
DA:66,2
DA:69,63
DA:76,0
DA:77,0
DA:78,0
DA:82,63
DA:90,0
DA:91,0
DA:95,63
DA:96,0
DA:97,0
DA:101,0
DA:104,63
DA:105,0
DA:108,63
DA:109,61
DA:110,61
DA:112,26
DA:120,33
DA:128,2
DA:130,0
DA:134,63
LF:39
LH:29
BRDA:35,0,0,63
BRDA:35,0,1,30
BRDA:36,1,0,63
BRDA:36,1,1,63
BRDA:37,2,0,63
BRDA:37,2,1,30
BRDA:38,3,0,63
BRDA:38,3,1,30
BRDA:39,4,0,63
BRDA:39,4,1,30
BRDA:40,5,0,63
BRDA:40,5,1,30
BRDA:41,6,0,63
BRDA:41,6,1,63
BRDA:42,7,0,63
BRDA:42,7,1,30
BRDA:43,8,0,63
BRDA:43,8,1,30
BRDA:44,9,0,63
BRDA:44,9,1,30
BRDA:45,10,0,63
BRDA:45,10,1,63
BRDA:46,11,0,63
BRDA:46,11,1,30
BRDA:51,12,0,2
BRDA:51,12,1,0
BRDA:54,13,0,1
BRDA:54,13,1,1
BRDA:57,14,0,2
BRDA:57,14,1,0
BRDA:60,15,0,2
BRDA:60,15,1,0
BRDA:63,16,0,2
BRDA:63,16,1,0
BRDA:110,17,0,26
BRDA:110,17,1,33
BRDA:110,17,2,2
BRDA:110,17,3,0
BRDA:134,18,0,61
BRDA:134,18,1,2
BRF:40
BRH:35
end_of_record
TN:
SF:src\Components\Modals\AddMovie\AddMovie.js
FN:6,AddMovie
FN:7,(anonymous_1)
FNF:2
FNH:1
FNDA:26,AddMovie
FNDA:0,(anonymous_1)
DA:7,26
DA:8,0
DA:11,26
LF:3
LH:2
BRDA:30,0,0,2
BRDA:30,0,1,24
BRDA:47,1,0,2
BRDA:47,1,1,24
BRDA:63,2,0,0
BRDA:63,2,1,26
BRDA:80,3,0,2
BRDA:80,3,1,24
BRDA:96,4,0,2
BRDA:96,4,1,24
BRDA:114,5,0,2
BRDA:114,5,1,24
BRF:12
BRH:11
end_of_record
TN:
SF:src\Components\Modals\DeleteMovie\DeleteMovie.js
FN:5,DeleteMovie
FNF:1
FNH:1
FNDA:2,DeleteMovie
DA:6,2
LF:1
LH:1
BRF:0
BRH:0
end_of_record
TN:
SF:src\Components\Modals\EditMovie\EditMovie.js
FN:7,EditMovie
FN:8,(anonymous_1)
FNF:2
FNH:1
FNDA:33,EditMovie
FNDA:0,(anonymous_1)
DA:8,33
DA:9,0
DA:12,33
LF:3
LH:2
BRDA:40,0,0,2
BRDA:40,0,1,31
BRDA:52,1,0,2
BRDA:52,1,1,31
BRDA:63,2,0,0
BRDA:63,2,1,33
BRDA:76,3,0,0
BRDA:76,3,1,33
BRDA:87,4,0,2
BRDA:87,4,1,31
BRDA:100,5,0,2
BRDA:100,5,1,31
BRF:12
BRH:10
end_of_record
TN:
SF:src\Components\MovieCard\MovieCard.js
FN:9,MovieCard
FN:13,(anonymous_1)
FN:25,(anonymous_2)
FN:35,(anonymous_3)
FN:40,(anonymous_4)
FNF:5
FNH:2
FNDA:3,MovieCard
FNDA:0,(anonymous_1)
FNDA:0,(anonymous_2)
FNDA:1,(anonymous_3)
FNDA:0,(anonymous_4)
DA:10,3
DA:11,3
DA:13,3
DA:14,0
DA:15,0
DA:22,0
DA:25,3
DA:26,0
DA:27,0
DA:28,0
DA:32,0
DA:35,3
DA:36,1
DA:37,1
DA:40,3
DA:41,0
DA:45,3
DA:120,3
DA:137,3
LF:19
LH:11
BRDA:61,0,0,1
BRDA:61,0,1,2
BRDA:69,1,0,1
BRDA:69,1,1,2
BRDA:103,2,0,3
BRDA:103,2,1,0
BRDA:108,3,0,0
BRDA:108,3,1,3
BRF:8
BRH:6
end_of_record
TN:
SF:src\Components\MovieDetails\MovieDetails.js
FN:7,MovieDetails
FN:9,(anonymous_1)
FN:13,(anonymous_2)
FN:17,(anonymous_3)
FN:21,(anonymous_4)
FNF:5
FNH:4
FNDA:2,MovieDetails
FNDA:4,(anonymous_1)
FNDA:1,(anonymous_2)
FNDA:1,(anonymous_3)
FNDA:0,(anonymous_4)
DA:8,2
DA:9,4
DA:11,2
DA:13,2
DA:14,1
DA:17,2
DA:18,1
DA:21,2
DA:22,0
DA:26,2
LF:10
LH:9
BRDA:44,0,0,0
BRDA:44,0,1,2
BRF:2
BRH:1
end_of_record
TN:
SF:src\Components\MovieList\MovieList.js
FN:10,MovieList
FN:15,(anonymous_1)
FN:17,(anonymous_2)
FN:31,(anonymous_3)
FNF:4
FNH:3
FNDA:1,MovieList
FNDA:3,(anonymous_1)
FNDA:1,(anonymous_2)
FNDA:0,(anonymous_3)
DA:11,1
DA:12,1
DA:13,1
DA:15,3
DA:17,1
DA:18,1
DA:19,1
DA:20,1
DA:24,1
DA:32,0
LF:10
LH:9
BRDA:19,0,0,1
BRDA:19,0,1,0
BRF:2
BRH:1
end_of_record
TN:
SF:src\Components\Nav\Nav.js
FN:10,Nav
FN:12,(anonymous_1)
FN:15,(anonymous_2)
FN:17,(anonymous_3)
FN:19,(anonymous_4)
FN:23,(anonymous_5)
FN:39,(anonymous_6)
FNF:7
FNH:2
FNDA:2,Nav
FNDA:4,(anonymous_1)
FNDA:0,(anonymous_2)
FNDA:0,(anonymous_3)
FNDA:0,(anonymous_4)
FNDA:0,(anonymous_5)
FNDA:0,(anonymous_6)
DA:11,2
DA:12,4
DA:14,2
DA:15,0
DA:17,0
DA:19,2
DA:20,0
DA:23,2
DA:24,0
DA:25,0
DA:26,0
DA:28,0
DA:32,2
DA:40,0
LF:14
LH:6
BRDA:25,0,0,0
BRDA:25,0,1,0
BRF:2
BRH:0
end_of_record
TN:
SF:src\Components\NoMovies\NoMovies.js
FN:4,NoMovies
FNF:1
FNH:1
FNDA:1,NoMovies
DA:5,1
LF:1
LH:1
BRF:0
BRH:0
end_of_record
TN:
SF:src\Components\NotFound\NotFound.js
FN:6,NotFound
FNF:1
FNH:1
FNDA:1,NotFound
DA:7,1
LF:1
LH:1
BRF:0
BRH:0
end_of_record
TN:
SF:src\Context\ModalContext.js
FN:3,(anonymous_0)
FN:7,(anonymous_1)
FN:18,(anonymous_2)
FNF:3
FNH:2
FNDA:1,(anonymous_0)
FNDA:0,(anonymous_1)
FNDA:1,(anonymous_2)
DA:3,7
DA:4,1
DA:5,1
DA:7,1
DA:8,0
DA:9,0
DA:12,1
DA:15,7
DA:16,7
DA:18,7
DA:19,1
DA:24,1
LF:12
LH:10
BRDA:7,0,0,0
BRF:1
BRH:0
end_of_record
TN:
SF:src\Store\index.js
FNF:0
FNH:0
DA:7,8
DA:8,8
DA:10,8
DA:15,8
LF:4
LH:4
BRF:0
BRH:0
end_of_record
TN:
SF:src\Store\Sagas\addMovie.js
FN:7,(anonymous_0)
FN:21,(anonymous_1)
FN:26,addMovieSaga
FN:35,watchAddMovie
FNF:4
FNH:3
FNDA:1,(anonymous_0)
FNDA:0,(anonymous_1)
FNDA:1,addMovieSaga
FNDA:8,watchAddMovie
DA:7,9
DA:8,1
DA:9,1
DA:11,0
DA:22,0
DA:27,1
DA:28,1
DA:29,0
DA:31,1
DA:36,8
LF:10
LH:7
BRF:0
BRH:0
end_of_record
TN:
SF:src\Store\Sagas\deleteMovie.js
FN:7,(anonymous_0)
FN:18,deleteMovieSaga
FN:27,watchDeleteMovie
FNF:3
FNH:3
FNDA:1,(anonymous_0)
FNDA:1,deleteMovieSaga
FNDA:8,watchDeleteMovie
DA:7,9
DA:8,1
DA:9,1
DA:19,1
DA:20,1
DA:21,0
DA:23,1
DA:28,8
LF:8
LH:7
BRF:0
BRH:0
end_of_record
TN:
SF:src\Store\Sagas\editMovie.js
FN:7,(anonymous_0)
FN:20,(anonymous_1)
FN:25,editMovieSaga
FN:35,watchEditMovie
FNF:4
FNH:2
FNDA:0,(anonymous_0)
FNDA:0,(anonymous_1)
FNDA:1,editMovieSaga
FNDA:8,watchEditMovie
DA:7,9
DA:8,0
DA:9,0
DA:11,0
DA:21,0
DA:26,1
DA:27,1
DA:28,0
DA:29,0
DA:31,1
DA:36,8
LF:11
LH:5
BRF:0
BRH:0
end_of_record
TN:
SF:src\Store\Sagas\fetchMovies.js
FN:7,(anonymous_0)
FN:15,(anonymous_1)
FN:20,fetchMoviesSaga
FN:29,watchMovies
FNF:4
FNH:4
FNDA:1,(anonymous_0)
FNDA:1,(anonymous_1)
FNDA:1,fetchMoviesSaga
FNDA:8,watchMovies
DA:7,9
DA:8,1
DA:16,1
DA:21,1
DA:22,1
DA:23,1
DA:25,0
DA:30,8
LF:8
LH:7
BRF:0
BRH:0
end_of_record
TN:
SF:src\Store\Sagas\filterMovies.js
FN:7,(anonymous_0)
FN:18,(anonymous_1)
FN:23,filterMoviesSaga
FN:32,watchMoviesFilter
FNF:4
FNH:4
FNDA:1,(anonymous_0)
FNDA:1,(anonymous_1)
FNDA:1,filterMoviesSaga
FNDA:8,watchMoviesFilter
DA:7,9
DA:8,1
DA:9,1
DA:19,1
DA:24,1
DA:25,1
DA:26,1
DA:28,0
DA:33,8
LF:9
LH:8
BRF:0
BRH:0
end_of_record
TN:
SF:src\Store\Sagas\getMovie.js
FN:7,(anonymous_0)
FN:16,(anonymous_1)
FN:21,getMovieSaga
FN:30,watchGetMovie
FNF:4
FNH:3
FNDA:2,(anonymous_0)
FNDA:0,(anonymous_1)
FNDA:2,getMovieSaga
FNDA:8,watchGetMovie
DA:7,9
DA:8,2
DA:9,2
DA:17,0
DA:22,2
DA:23,2
DA:24,0
DA:26,1
DA:31,8
LF:9
LH:7
BRF:0
BRH:0
end_of_record
TN:
SF:src\Store\Sagas\index.js
FN:11,rootSaga
FNF:1
FNH:1
FNDA:8,rootSaga
DA:12,8
LF:1
LH:1
BRF:0
BRH:0
end_of_record
TN:
SF:src\Store\Sagas\sagaActions.js
FNF:0
FNH:0
DA:1,9
LF:1
LH:1
BRF:0
BRH:0
end_of_record
TN:
SF:src\Store\Sagas\searchMovies.js
FN:7,(anonymous_0)
FN:19,(anonymous_1)
FN:24,searchMoviesSaga
FN:33,watchMoviesSearch
FNF:4
FNH:4
FNDA:2,(anonymous_0)
FNDA:1,(anonymous_1)
FNDA:2,searchMoviesSaga
FNDA:8,watchMoviesSearch
DA:7,9
DA:8,2
DA:9,2
DA:20,1
DA:25,2
DA:26,2
DA:27,1
DA:29,0
DA:34,8
LF:9
LH:8
BRF:0
BRH:0
end_of_record
TN:
SF:src\Store\Slices\movies.js
FN:12,(anonymous_0)
FN:15,(anonymous_1)
FN:22,(anonymous_2)
FN:29,(anonymous_3)
FN:31,(anonymous_4)
FN:35,(anonymous_5)
FN:38,(anonymous_6)
FN:41,(anonymous_7)
FN:44,(anonymous_8)
FN:47,(anonymous_9)
FN:50,(anonymous_10)
FNF:11
FNH:10
FNDA:1,(anonymous_0)
FNDA:1,(anonymous_1)
FNDA:1,(anonymous_2)
FNDA:1,(anonymous_3)
FNDA:1,(anonymous_4)
FNDA:1,(anonymous_5)
FNDA:2,(anonymous_6)
FNDA:0,(anonymous_7)
FNDA:1,(anonymous_8)
FNDA:1,(anonymous_9)
FNDA:1,(anonymous_10)
DA:3,10
DA:8,10
DA:13,1
DA:16,1
DA:18,1
DA:19,0
DA:22,1
DA:23,1
DA:24,1
DA:26,0
DA:30,1
DA:31,1
DA:32,1
DA:36,1
DA:39,2
DA:42,0
DA:45,1
DA:48,1
DA:49,1
DA:50,1
DA:51,1
DA:66,10
LF:22
LH:19
BRDA:18,0,0,0
BRDA:18,0,1,1
BRDA:23,1,0,1
BRDA:23,1,1,0
BRDA:51,2,0,0
BRDA:51,2,1,1
BRF:6
BRH:3
end_of_record
